20:36:19	INICIO ENVIO EMAILS....
20:36:19	INICIO NOTIFICAR INCIDENCIAS....
20:36:19	INICIO maoni. Escuchando en el puerto: 5555
20:36:19	Server is ready to take our messages
20:36:20	1 Grupo Hoteles Prestige
20:36:52	INCIDENCIA: 50
21:36:3	INICIO ENVIO EMAILS....
21:36:3	INICIO NOTIFICAR INCIDENCIAS....
21:36:3	INICIO maoni. Escuchando en el puerto: 5555
21:36:4	Server is ready to take our messages
21:36:10	1 Grupo Hoteles Prestige
21:36:10	  1 Hotel Princesa Sofía
21:36:10	  2 Hotel Barcelona Mar
21:36:10	    ES \inmail\inmail_es.html
21:36:51	INICIO ENVIO EMAILS....
21:36:51	INICIO NOTIFICAR INCIDENCIAS....
21:36:51	INICIO maoni. Escuchando en el puerto: 5555
21:36:51	Server is ready to take our messages
21:37:19	1 Grupo Hoteles Prestige
21:37:19	  2 Hotel Barcelona Mar
21:37:19	  1 Hotel Princesa Sofía
21:37:19	    ES \inmail\inmail_es.html
21:37:40	INICIO ENVIO EMAILS....
21:37:40	INICIO NOTIFICAR INCIDENCIAS....
21:37:40	INICIO maoni. Escuchando en el puerto: 5555
21:37:41	Server is ready to take our messages
21:38:26	INICIO ENVIO EMAILS....
21:38:26	INICIO NOTIFICAR INCIDENCIAS....
21:38:26	INICIO maoni. Escuchando en el puerto: 5555
21:38:28	Server is ready to take our messages
21:38:29	1 Grupo Hoteles Prestige
21:39:5	INCIDENCIA: 50
21:42:29	INICIO ENVIO EMAILS....
21:42:29	INICIO NOTIFICAR INCIDENCIAS....
21:42:29	INICIO maoni. Escuchando en el puerto: 5555
21:42:30	Server is ready to take our messages
21:42:45	INCIDENCIA: 29
21:44:36	INICIO ENVIO EMAILS....
21:44:36	INICIO NOTIFICAR INCIDENCIAS....
21:44:36	INICIO maoni. Escuchando en el puerto: 5555
21:44:36	Server is ready to take our messages
21:44:37	1 Grupo Hoteles Prestige
21:44:40	INCIDENCIA: 29
21:44:40	INCIDENCIA: 29
21:44:40	INCIDENCIA: 29
21:44:58	INCIDENCIA: 32
21:44:58	  1 Hotel Princesa Sofía
21:44:58	INCIDENCIA: 32
21:44:58	  2 Hotel Barcelona Mar
21:44:58	INCIDENCIA: 32
21:44:58	INCIDENCIA: 50
21:44:58	INCIDENCIA: 50
21:44:58	INCIDENCIA: 50
21:44:58	INCIDENCIA: 51
21:44:58	INCIDENCIA: 51
21:44:58	INCIDENCIA: 51
21:44:58	INCIDENCIA: 53
21:44:58	INCIDENCIA: 53
21:44:58	INCIDENCIA: 53
21:44:58	INCIDENCIA: 58
21:44:58	INCIDENCIA: 58
21:44:58	INCIDENCIA: 58
21:44:58	INCIDENCIA: 63
21:44:58	INCIDENCIA: 63
21:45:14	INICIO ENVIO EMAILS....
21:45:14	INICIO NOTIFICAR INCIDENCIAS....
21:45:14	INICIO maoni. Escuchando en el puerto: 5555
21:45:14	Server is ready to take our messages
21:45:15	1 Grupo Hoteles Prestige
21:45:15	INCIDENCIA: 29
21:45:15	  2 Hotel Barcelona Mar
21:45:15	  1 Hotel Princesa Sofía
21:45:15	    ES \inmail\inmail_es.html
21:45:35	INICIO ENVIO EMAILS....
21:45:35	INICIO NOTIFICAR INCIDENCIAS....
21:45:35	INICIO maoni. Escuchando en el puerto: 5555
21:45:35	Server is ready to take our messages
21:45:36	1 Grupo Hoteles Prestige
21:45:36	INCIDENCIA: 29
21:45:36	  1 Hotel Princesa Sofía
21:45:36	  2 Hotel Barcelona Mar
21:45:36	    ES \inmail\inmail_es.html
21:46:17	INICIO ENVIO EMAILS....
21:46:17	INICIO NOTIFICAR INCIDENCIAS....
21:46:17	INICIO maoni. Escuchando en el puerto: 5555
21:46:17	Server is ready to take our messages
21:46:18	1 Grupo Hoteles Prestige
21:46:18	INCIDENCIA: 29
21:46:18	  1 Hotel Princesa Sofía
21:46:18	  2 Hotel Barcelona Mar
21:46:18	    ES \inmail\inmail_es.html
21:46:36	INICIO ENVIO EMAILS....
21:46:36	INICIO NOTIFICAR INCIDENCIAS....
21:46:36	INICIO maoni. Escuchando en el puerto: 5555
21:46:37	Server is ready to take our messages
21:46:38	INCIDENCIA: 29
21:46:51	INICIO ENVIO EMAILS....
21:46:51	INICIO NOTIFICAR INCIDENCIAS....
21:46:51	INICIO maoni. Escuchando en el puerto: 5555
21:46:52	Server is ready to take our messages
21:46:52	INCIDENCIA: 29
21:46:52	1 Grupo Hoteles Prestige
21:46:55	INCIDENCIA: 29
21:46:58	INCIDENCIA: 29
21:46:58	  1 Hotel Princesa Sofía
21:46:58	  2 Hotel Barcelona Mar
21:47:16	    ES \inmail\inmail_es.html
21:51:59	INICIO ENVIO EMAILS....
21:51:59	INICIO NOTIFICAR INCIDENCIAS....
21:51:59	INICIO maoni. Escuchando en el puerto: 5555
21:52:0	Server is ready to take our messages
21:52:1	INCIDENCIA: 29
21:52:9	INCIDENCIA: 29
21:52:9	1 Grupo Hoteles Prestige
21:52:12	INCIDENCIA: 29
21:52:16	  1 Hotel Princesa Sofía
21:52:16	  2 Hotel Barcelona Mar
21:52:16	    ES \inmail\inmail_es.html
21:56:2	INICIO ENVIO EMAILS....
21:56:2	INICIO NOTIFICAR INCIDENCIAS....
21:56:2	INICIO maoni. Escuchando en el puerto: 5555
21:56:3	Server is ready to take our messages
21:56:4	INCIDENCIA: 32
21:56:4	INCIDENCIA: 32
21:56:4	INCIDENCIA: 32
21:56:4	INCIDENCIA: 50
21:56:4	INCIDENCIA: 50
21:56:4	INCIDENCIA: 50
21:56:4	INCIDENCIA: 63
21:56:4	INCIDENCIA: 63
21:57:37	INICIO ENVIO EMAILS....
21:57:37	INICIO NOTIFICAR INCIDENCIAS....
21:57:37	INICIO maoni. Escuchando en el puerto: 5555
21:57:38	Server is ready to take our messages
21:57:39	1 Grupo Hoteles Prestige
21:57:39	INCIDENCIA: 32
21:57:39	INCIDENCIA: 32
21:57:39	INCIDENCIA: 32
21:57:39	INCIDENCIA: 50
21:57:39	INCIDENCIA: 50
21:57:39	INCIDENCIA: 50
21:57:39	INCIDENCIA: 63
21:57:39	INCIDENCIA: 63
21:57:39	INCIDENCIA: 63
21:57:39	  1 Hotel Princesa Sofía
21:57:39	  2 Hotel Barcelona Mar
21:57:39	    ES \inmail\inmail_es.html
21:57:40	Message sent: 250 OK id=1b8YkP-000x2d-Li
21:57:40	Message sent: 250 OK id=1b8YkP-000x2g-Pt
21:57:40	Message sent: 250 OK id=1b8YkP-000x2f-Pw
21:57:40	Message sent: 250 OK id=1b8YkP-000x2i-Q3
21:57:40	Message sent: 250 OK id=1b8YkP-000x2h-Qe
21:57:40	Message sent: 250 OK id=1b8YkP-000x2l-Qj
21:57:40	Message sent: 250 OK id=1b8YkP-000x2e-R4
21:57:40	Message sent: 250 OK id=1b8YkP-000x2k-R5
21:57:40	Message sent: 250 OK id=1b8YkP-000x2j-Ql
21:59:9	INICIO ENVIO EMAILS....
21:59:9	INICIO NOTIFICAR INCIDENCIAS....
21:59:9	INICIO maoni. Escuchando en el puerto: 5555
21:59:10	Server is ready to take our messages
21:59:26	INCIDENCIA: 32
21:59:26	INCIDENCIA: 32
21:59:26	INCIDENCIA: 32
21:59:26	INCIDENCIA: 50
21:59:26	INCIDENCIA: 50
21:59:26	INCIDENCIA: 50
21:59:26	INCIDENCIA: 63
21:59:26	INCIDENCIA: 63
21:59:26	INCIDENCIA: 63
21:59:26	1 Grupo Hoteles Prestige
21:59:26	  1 Hotel Princesa Sofía
21:59:26	  2 Hotel Barcelona Mar
21:59:27	    ES \inmail\inmail_es.html
22:1:23	INICIO ENVIO EMAILS....
22:1:23	INICIO NOTIFICAR INCIDENCIAS....
22:1:23	INICIO maoni. Escuchando en el puerto: 5555
22:1:24	Server is ready to take our messages
22:1:25	1 Grupo Hoteles Prestige
22:1:25	INCIDENCIA: 32
22:1:25	INCIDENCIA: 32
22:1:25	INCIDENCIA: 32
22:1:25	INCIDENCIA: 50
22:1:25	INCIDENCIA: 50
22:1:25	INCIDENCIA: 50
22:1:25	INCIDENCIA: 63
22:1:25	INCIDENCIA: 63
22:1:25	INCIDENCIA: 63
22:1:25	  1 Hotel Princesa Sofía
22:1:25	  2 Hotel Barcelona Mar
22:1:25	    ES \inmail\inmail_es.html
22:1:26	Message sent: 250 OK id=1b8Yo4-000y78-4A
22:1:26	Message sent: 250 OK id=1b8Yo4-000y7D-5g
22:1:26	Message sent: 250 OK id=1b8Yo4-000y7A-6F
22:1:26	Message sent: 250 OK id=1b8Yo4-000y7F-65
22:1:26	Message sent: 250 OK id=1b8Yo4-000y7B-6H
22:1:26	Message sent: 250 OK id=1b8Yo4-000y79-5e
22:1:26	Message sent: 250 OK id=1b8Yo4-000y7C-64
22:1:26	Message sent: 250 OK id=1b8Yo4-000y7G-67
22:1:26	Message sent: 250 OK id=1b8Yo4-000y7E-B3
22:1:41	INICIO ENVIO EMAILS....
22:1:41	INICIO NOTIFICAR INCIDENCIAS....
22:1:41	INICIO maoni. Escuchando en el puerto: 5555
22:1:42	Server is ready to take our messages
22:1:50	1 Grupo Hoteles Prestige
22:1:50	  1 Hotel Princesa Sofía
22:1:50	  2 Hotel Barcelona Mar
22:1:51	    ES \inmail\inmail_es.html
22:5:11	INICIO ENVIO EMAILS....
22:5:11	INICIO NOTIFICAR INCIDENCIAS....
22:5:11	INICIO maoni. Escuchando en el puerto: 5555
22:5:12	Server is ready to take our messages
22:5:13	INCIDENCIA: 62
22:5:13	INCIDENCIA: 62
22:5:13	INCIDENCIA: 62
22:5:13	1 Grupo Hoteles Prestige
22:5:13	  1 Hotel Princesa Sofía
22:5:13	  2 Hotel Barcelona Mar
22:5:13	    ES \inmail\inmail_es.html
22:5:13	Message sent: 250 OK id=1b8Yrj-000z6S-Jq
22:5:13	Message sent: 250 OK id=1b8Yrj-000z6T-LJ
22:5:14	Message sent: 250 OK id=1b8Yrj-000z6U-Li
22:10:11	INICIO ENVIO EMAILS....
22:10:11	1 Grupo Hoteles Prestige
22:10:11	  1 Hotel Princesa Sofía
22:10:11	  2 Hotel Barcelona Mar
22:10:11	    ES \inmail\inmail_es.html
22:14:21	INICIO ENVIO EMAILS....
22:14:21	INICIO NOTIFICAR INCIDENCIAS....
22:14:21	INICIO maoni. Escuchando en el puerto: 5555
22:14:21	Server is ready to take our messages
22:14:22	1 Grupo Hoteles Prestige
22:14:22	  1 Hotel Princesa Sofía
22:14:22	  2 Hotel Barcelona Mar
22:14:23	    ES \inmail\inmail_es.html
22:16:4	INICIO ENVIO EMAILS....
22:16:4	INICIO NOTIFICAR INCIDENCIAS....
22:16:4	INICIO maoni. Escuchando en el puerto: 5555
22:16:5	Server is ready to take our messages
22:16:48	INICIO ENVIO EMAILS....
22:16:48	INICIO NOTIFICAR INCIDENCIAS....
22:16:48	INICIO maoni. Escuchando en el puerto: 5555
22:16:49	Server is ready to take our messages
22:16:50	1 Grupo Hoteles Prestige
22:16:54	INCIDENCIA: 27
22:16:54	  1 Hotel Princesa Sofía
22:16:54	  2 Hotel Barcelona Mar
22:17:2	INCIDENCIA: 27
22:17:5	INCIDENCIA: 27
22:17:6	    ES \inmail\inmail_es.html
22:17:6	Message sent: 250 OK id=1b8Z3E-0012D4-7x
22:17:6	Message sent: 250 OK id=1b8Z3E-0012D5-Ak
22:17:6	Message sent: 250 OK id=1b8Z3E-0012D6-B5
