18:41:47	Request file: /BBDD
18:41:47	login -> {"f":"login","user":"maoni","pwd":"0d6e4079e36703ebd37c00722f5891d28b0e2811dc114b129215123adcce3605"}
18:41:48	INICIO maoni. Escuchando en el puerto: 5555
18:41:48	Request file: /500.shtml
18:41:50	Request file: /img/menuheader.png
18:52:59	INICIO maoni. Escuchando en el puerto: 5555
19:26:23	INICIO maoni. Escuchando en el puerto: 5555
19:26:40	Request file: /BBDD
19:26:40	login -> {"f":"login","user":"maoni","pwd":"99390cfd08236787dbe95558846798013dcd060a1d6e6b49ad10a08f30eaf201"}
19:27:1	Request file: /@@MENU@@_page_000.html?SESSIONKEY=716430
19:27:1	Request file: /img/menuheader.png
19:27:1	Request file: /jquery/jquery.min.js
19:27:1	Request file: /bootstrap/js/bootstrap.min.js
19:27:1	Request file: /js/lib.js
19:27:1	Request file: /bootstrap/css/bootstrap.min.css
19:27:1	Request file: /css/maoni.css
19:27:1	Request file: /css/dashboard.css
19:27:1	Request file: /css/animate.min.css
19:27:1	Request file: /img/logo.png
19:27:1	Request file: /img/menuheader.png
19:27:9	Request file: /BBDD
19:27:9	login -> {"f":"login","user":"maoni","pwd":"cd2eb0837c9b4c962c22d2ff8b5441b7b45805887f051d39bf133b583baf6860"}
19:27:37	Request file: /
19:27:37	Request file: /jquery/jquery.min.js
19:27:37	Request file: /css/maoni.css
19:27:37	Request file: /bootstrap/css/bootstrap.min.css
19:27:37	Request file: /js/lib.js
19:27:37	Request file: /bootstrap/js/bootstrap.min.js
19:27:37	Request file: /css/animate.min.css
19:27:37	Request file: /css/signin.css
19:27:37	Request file: /css/toastr.css
19:27:37	Request file: /js/toastr.js
19:27:37	Request file: /js/sha256.js
19:27:37	Request file: /img/fondo.png
19:27:37	Request file: /img/logoGo.png
19:27:39	Request file: /BBDD
19:27:39	login -> {"f":"login","user":"maoni","pwd":"e3b0c44298fc1c149afbf4c8996fb92427ae41e4649b934ca495991b7852b855"}
19:27:44	Request file: /BBDD
19:27:44	login -> {"f":"login","user":"maoni","pwd":"99390cfd08236787dbe95558846798013dcd060a1d6e6b49ad10a08f30eaf201"}
19:27:46	Request file: /@@MENU@@_page_000.html?SESSIONKEY=202290
19:27:46	Request file: /img/menuheader.png
19:27:46	Request file: /jquery/jquery.min.js
19:27:46	Request file: /bootstrap/js/bootstrap.min.js
19:27:46	Request file: /js/lib.js
19:27:46	Request file: /bootstrap/css/bootstrap.min.css
19:27:46	Request file: /css/maoni.css
19:27:46	Request file: /css/dashboard.css
19:27:47	Request file: /css/animate.min.css
19:27:47	Request file: /img/menuheader.png
19:27:47	Request file: /img/logo.png
19:33:13	Request file: /@@MENU@@_page_000.html?SESSIONKEY=202290
19:33:13	Request file: /jquery/jquery.min.js
19:33:13	Request file: /bootstrap/css/bootstrap.min.css
19:33:13	Request file: /css/dashboard.css
19:33:13	Request file: /css/animate.min.css
19:33:13	Request file: /bootstrap/js/bootstrap.min.js
19:33:13	Request file: /js/lib.js
19:33:13	Request file: /css/maoni.css
19:33:13	Request file: /img/menuheader.png
19:33:13	Request file: /img/logo.png
19:33:17	Request file: /index.html
19:33:17	Request file: /jquery/jquery.min.js
19:33:17	Request file: /bootstrap/js/bootstrap.min.js
19:33:17	Request file: /js/lib.js
19:33:17	Request file: /bootstrap/css/bootstrap.min.css
19:33:17	Request file: /css/maoni.css
19:33:17	Request file: /css/animate.min.css
19:33:17	Request file: /js/toastr.js
19:33:17	Request file: /css/signin.css
19:33:17	Request file: /css/toastr.css
19:33:17	Request file: /js/sha256.js
19:33:17	Request file: /img/logoGo.png
19:33:17	Request file: /img/fondo.png
19:33:19	Request file: /index.html
19:33:19	Request file: /js/toastr.js
19:33:19	Request file: /jquery/jquery.min.js
19:33:19	Request file: /bootstrap/js/bootstrap.min.js
19:33:19	Request file: /js/sha256.js
19:33:19	Request file: /js/lib.js
19:33:19	Request file: /bootstrap/css/bootstrap.min.css
19:33:19	Request file: /css/maoni.css
19:33:19	Request file: /css/signin.css
19:33:19	Request file: /css/animate.min.css
19:33:19	Request file: /css/toastr.css
19:33:19	Request file: /img/fondo.png
19:33:19	Request file: /img/logoGo.png
19:33:27	Request file: /BBDD
19:33:27	login -> {"f":"login","user":"maoni","pwd":"99390cfd08236787dbe95558846798013dcd060a1d6e6b49ad10a08f30eaf201"}
19:33:27	Request file: /@@MENU@@_page_000.html?SESSIONKEY=409482
19:33:27	Request file: /jquery/jquery.min.js
19:33:27	Request file: /css/animate.min.css
19:33:27	Request file: /bootstrap/js/bootstrap.min.js
19:33:27	Request file: /js/lib.js
19:33:27	Request file: /bootstrap/css/bootstrap.min.css
19:33:27	Request file: /css/maoni.css
19:33:27	Request file: /css/dashboard.css
19:33:27	Request file: /img/menuheader.png
19:33:27	Request file: /img/menuheader.png
19:33:27	Request file: /img/logo.png
