19:23:38	INICIO ENVIO EMAILS....
19:23:38	INICIO maoni. Escuchando en el puerto: 5555
19:23:38	Server is ready to take our messages
19:23:40	1 Grupo Hoteles Prestige
19:23:40	1000 UHR & Co Hoteliers
19:23:40	  2 Hotel Barcelona Mar
19:23:40	  1 Hotel Princesa Sofía
19:23:40	  1001 Molí del Mig
19:23:40	  1002 Palacio de Oriol
19:23:40	  1003 Sitges Playa
19:26:21	INICIO ENVIO EMAILS....
19:26:21	INICIO maoni. Escuchando en el puerto: 5555
19:26:22	Server is ready to take our messages
19:26:23	1000 UHR & Co Hoteliers
19:26:23	1 Grupo Hoteles Prestige
19:26:23	  2 Hotel Barcelona Mar
19:26:23	  1 Hotel Princesa Sofía
19:26:23	    ES \inmail\inmail_es.html
19:26:23	  1001 Molí del Mig
19:26:23	  1002 Palacio de Oriol
19:26:23	  1003 Sitges Playa
19:26:23	    ES \inmail\inmail_es.html
19:26:23	      EMAIL TO: soytucreativo@gmail.com
19:26:23	      EMAIL TO: xcastv@hgmail.com
19:26:23	      EMAIL TO: xcastv@hgmail.com
19:26:23	      EMAIL TO: soytucreativo@gmail.com
19:26:23	      EMAIL TO: eparrilla70@gmail.com
19:26:23	      EMAIL TO: soytucreativo@gmail.com
19:26:23	      EMAIL TO: eparrilla70@gmail.com
19:26:23	      EMAIL TO: luisriojamartinez222@hgmail.com
19:26:23	      EMAIL TO: luisriojamartinez222@hgmail.com
19:26:23	      EMAIL TO: eparrilla70@gmail.com
19:26:23	      EMAIL TO: luisriojamartinez222@hgmail.com
19:26:23	      EMAIL TO: xcastv@hgmail.com
19:26:23	      EMAIL TO: luisriojamartinez222@hgmail.com
19:26:23	      EMAIL TO: xcastv@hgmail.com
19:26:23	      EMAIL TO: soytucreativo@gmail.com
19:26:23	      EMAIL TO: soytucreativo@gmail.com
19:26:23	      EMAIL TO: xcastv@hgmail.com
19:26:23	      EMAIL TO: luisriojamartinez222@hgmail.com
19:26:23	      EMAIL TO: eparrilla70@gmail.com
19:26:24	Message sent: 250 OK id=1dxz3S-004OFq-Mh
19:26:24	Message sent: 250 OK id=1dxz3S-004OFp-Mg
19:26:24	Message sent: 250 OK id=1dxz3S-004OFn-Mm
19:26:24	Message sent: 250 OK id=1dxz3S-004OFw-Mm
19:26:24	Message sent: 250 OK id=1dxz3S-004OFy-Mp
19:26:24	Message sent: 250 OK id=1dxz3S-004OFo-Mq
19:26:24	Message sent: 250 OK id=1dxz3S-004OFs-Mp
19:26:24	Message sent: 250 OK id=1dxz3S-004OFu-Mq
19:26:24	Message sent: 250 OK id=1dxz3S-004OFr-Mq
19:26:24	Message sent: 250 OK id=1dxz3S-004OFt-Mh
19:26:24	Message sent: 250 OK id=1dxz3S-004OG0-OV
19:26:24	Message sent: 250 OK id=1dxz3S-004OG2-QD
19:26:24	Message sent: 250 OK id=1dxz3S-004OFx-Q9
19:26:24	Message sent: 250 OK id=1dxz3S-004OFv-QB
19:26:24	Message sent: 250 OK id=1dxz3S-004OG4-QD
19:26:24	Message sent: 250 OK id=1dxz3S-004OG1-QB
19:26:24	Message sent: 250 OK id=1dxz3S-004OFz-QB
19:26:24	Message sent: 250 OK id=1dxz3S-004OG3-Qt
19:26:24	Message sent: 250 OK id=1dxz3S-004OG5-Sl
19:26:44	Request file: /
19:26:45	Request file: /vendors/jquery/dist/jquery.min.js
19:26:45	ext: .JS
19:26:45	filename: c:\projectes\Maoni\Maoni\protected\vendors\jquery\dist\jquery.min.js
19:26:45	Request file: /vendors/bootstrap/dist/js/bootstrap.min.js
19:26:45	filename: c:\projectes\Maoni\Maoni\protected\vendors\bootstrap\dist\js\bootstrap.min.js
19:26:45	ext: .JS
19:26:45	Request file: /js/sha256.js
19:26:45	filename: c:\projectes\Maoni\Maoni\protected\js\sha256.js
19:26:45	ext: .JS
19:26:45	Request file: /js/toastr.js
19:26:45	filename: c:\projectes\Maoni\Maoni\protected\js\toastr.js
19:26:45	ext: .JS
19:26:45	Request file: /vendors/bootstrap/dist/css/bootstrap.min.css
19:26:45	ext: .CSS
19:26:45	Request file: /js/lib.js
19:26:45	filename: c:\projectes\Maoni\Maoni\protected\js\lib.js
19:26:45	ext: .JS
19:26:45	filename: c:\projectes\Maoni\Maoni\protected\vendors\bootstrap\dist\css\bootstrap.min.css
19:26:45	Request file: /css/maoni.css
19:26:45	filename: c:\projectes\Maoni\Maoni\protected\css\maoni.css
19:26:45	ext: .CSS
19:26:45	Request file: /css/signin.css
19:26:45	filename: c:\projectes\Maoni\Maoni\protected\css\signin.css
19:26:45	ext: .CSS
19:26:45	Request file: /css/animate.min.css
19:26:45	filename: c:\projectes\Maoni\Maoni\protected\css\animate.min.css
19:26:45	ext: .CSS
19:26:45	Request file: /css/toastr.css
19:26:45	filename: c:\projectes\Maoni\Maoni\protected\css\toastr.css
19:26:45	ext: .CSS
19:26:45	filename: c:\projectes\Maoni\Maoni\protected\css\custom.css
19:26:45	Request file: /css/custom.css
19:26:45	ext: .CSS
19:26:45	Request file: /img/logoGo.png
19:26:45	filename: c:\projectes\Maoni\Maoni\protected\img\logoGo.png
19:26:45	ext: .PNG
19:26:52	filename: c:\projectes\Maoni\Maoni\protected\img\fondo.png
19:26:52	Request file: /img/fondo.png
19:26:52	ext: .PNG
19:27:35	Request file: /BBDD
19:27:35	login -> {"f":"login","user":"maoni","pwd":"99390cfd08236787dbe95558846798013dcd060a1d6e6b49ad10a08f30eaf201"}
19:27:35	Request file: /@@MENU@@_page_000.html?SESSIONKEY=389210
19:27:35	filename: c:\projectes\Maoni\Maoni\protected\@@MENU@@_page_000.html
19:27:35	ext: .HTML
19:27:36	Request file: /vendors/bootstrap/dist/css/bootstrap.min.css
19:27:36	filename: c:\projectes\Maoni\Maoni\protected\vendors\bootstrap\dist\css\bootstrap.min.css
19:27:36	ext: .CSS
19:27:36	Request file: /vendors/font-awesome/css/font-awesome.min.css
19:27:36	ext: .CSS
19:27:36	filename: c:\projectes\Maoni\Maoni\protected\vendors\font-awesome\css\font-awesome.min.css
19:27:36	filename: c:\projectes\Maoni\Maoni\protected\vendors\iCheck\skins\flat\green.css
19:27:36	Request file: /vendors/iCheck/skins/flat/green.css
19:27:36	ext: .CSS
19:27:36	Request file: /vendors/bootstrap-progressbar/css/bootstrap-progressbar-3.3.4.min.css
19:27:36	filename: c:\projectes\Maoni\Maoni\protected\vendors\bootstrap-progressbar\css\bootstrap-progressbar-3.3.4.min.css
19:27:36	ext: .CSS
19:27:36	Request file: /css/maps/jquery-jvectormap-2.0.3.css
19:27:36	ext: .CSS
19:27:36	filename: c:\projectes\Maoni\Maoni\protected\css\maps\jquery-jvectormap-2.0.3.css
19:27:36	filename: c:\projectes\Maoni\Maoni\protected\vendors\select2\dist\css\select2.min.css
19:27:36	ext: .CSS
19:27:36	Request file: /vendors/select2/dist/css/select2.min.css
19:27:36	Request file: /css/toastr.css
19:27:36	filename: c:\projectes\Maoni\Maoni\protected\css\toastr.css
19:27:36	ext: .CSS
19:27:36	filename: c:\projectes\Maoni\Maoni\protected\css\custom.css
19:27:36	Request file: /css/custom.css
19:27:36	ext: .CSS
19:27:36	Request file: /css/maoni.css
19:27:36	ext: .CSS
19:27:36	filename: c:\projectes\Maoni\Maoni\protected\css\maoni.css
19:27:36	Request file: /css/animate.min.css
19:27:36	ext: .CSS
19:27:36	filename: c:\projectes\Maoni\Maoni\protected\css\animate.min.css
19:27:36	Request file: /vendors/datatables.net-bs/css/dataTables.bootstrap.min.css
19:27:36	filename: c:\projectes\Maoni\Maoni\protected\vendors\datatables.net-bs\css\dataTables.bootstrap.min.css
19:27:36	ext: .CSS
19:27:36	Request file: /vendors/datatables.net-buttons-bs/css/buttons.bootstrap.min.css
19:27:36	filename: c:\projectes\Maoni\Maoni\protected\vendors\datatables.net-buttons-bs\css\buttons.bootstrap.min.css
19:27:36	ext: .CSS
19:27:36	Request file: /vendors/datatables.net-fixedheader-bs/css/fixedHeader.bootstrap.min.css
19:27:36	filename: c:\projectes\Maoni\Maoni\protected\vendors\datatables.net-fixedheader-bs\css\fixedHeader.bootstrap.min.css
19:27:36	ext: .CSS
19:27:36	Request file: /vendors/datatables.net-responsive-bs/css/responsive.bootstrap.min.css
19:27:36	filename: c:\projectes\Maoni\Maoni\protected\vendors\datatables.net-responsive-bs\css\responsive.bootstrap.min.css
19:27:36	ext: .CSS
19:27:36	Request file: /vendors/datatables.net-scroller-bs/css/scroller.bootstrap.min.css
19:27:36	filename: c:\projectes\Maoni\Maoni\protected\vendors\datatables.net-scroller-bs\css\scroller.bootstrap.min.css
19:27:36	ext: .CSS
19:27:36	Request file: /vendors/jquery/dist/jquery.min.js
19:27:36	filename: c:\projectes\Maoni\Maoni\protected\vendors\jquery\dist\jquery.min.js
19:27:36	ext: .JS
19:27:36	Request file: /vendors/bootstrap/dist/js/bootstrap.min.js
19:27:36	filename: c:\projectes\Maoni\Maoni\protected\vendors\bootstrap\dist\js\bootstrap.min.js
19:27:36	ext: .JS
19:27:36	filename: c:\projectes\Maoni\Maoni\protected\vendors\parsleyjs\dist\parsley.min.js
19:27:36	Request file: /vendors/parsleyjs/dist/parsley.min.js
19:27:36	ext: .JS
19:27:36	Request file: /js/toastr.js
19:27:36	filename: c:\projectes\Maoni\Maoni\protected\js\toastr.js
19:27:36	ext: .JS
19:27:36	Request file: /vendors/fastclick/lib/fastclick.js
19:27:36	filename: c:\projectes\Maoni\Maoni\protected\vendors\fastclick\lib\fastclick.js
19:27:36	ext: .JS
19:27:36	Request file: /vendors/nprogress/nprogress.js
19:27:36	filename: c:\projectes\Maoni\Maoni\protected\vendors\nprogress\nprogress.js
19:27:36	ext: .JS
19:27:36	Request file: /vendors/datatables.net/js/jquery.dataTables.min.js
19:27:36	filename: c:\projectes\Maoni\Maoni\protected\vendors\datatables.net\js\jquery.dataTables.min.js
19:27:36	ext: .JS
19:27:36	Request file: /vendors/datatables.net-bs/js/dataTables.bootstrap.min.js
19:27:36	filename: c:\projectes\Maoni\Maoni\protected\vendors\datatables.net-bs\js\dataTables.bootstrap.min.js
19:27:36	ext: .JS
19:27:36	Request file: /vendors/datatables.net-buttons/js/dataTables.buttons.min.js
19:27:36	filename: c:\projectes\Maoni\Maoni\protected\vendors\datatables.net-buttons\js\dataTables.buttons.min.js
19:27:36	ext: .JS
19:27:36	Request file: /vendors/datatables.net-buttons-bs/js/buttons.bootstrap.min.js
19:27:36	filename: c:\projectes\Maoni\Maoni\protected\vendors\datatables.net-buttons-bs\js\buttons.bootstrap.min.js
19:27:36	ext: .JS
19:27:36	Request file: /vendors/datatables.net-buttons/js/buttons.flash.min.js
19:27:36	filename: c:\projectes\Maoni\Maoni\protected\vendors\datatables.net-buttons\js\buttons.flash.min.js
19:27:36	ext: .JS
19:27:36	Request file: /vendors/datatables.net-buttons/js/buttons.html5.min.js
19:27:36	filename: c:\projectes\Maoni\Maoni\protected\vendors\datatables.net-buttons\js\buttons.html5.min.js
19:27:36	ext: .JS
19:27:36	Request file: /vendors/datatables.net-buttons/js/buttons.print.min.js
19:27:36	filename: c:\projectes\Maoni\Maoni\protected\vendors\datatables.net-buttons\js\buttons.print.min.js
19:27:36	ext: .JS
19:27:36	Request file: /vendors/datatables.net-fixedheader/js/dataTables.fixedHeader.min.js
19:27:36	filename: c:\projectes\Maoni\Maoni\protected\vendors\datatables.net-fixedheader\js\dataTables.fixedHeader.min.js
19:27:36	ext: .JS
19:27:36	Request file: /vendors/datatables.net-keytable/js/dataTables.keyTable.min.js
19:27:36	filename: c:\projectes\Maoni\Maoni\protected\vendors\datatables.net-keytable\js\dataTables.keyTable.min.js
19:27:36	ext: .JS
19:27:36	Request file: /vendors/datatables.net-responsive/js/dataTables.responsive.min.js
19:27:36	filename: c:\projectes\Maoni\Maoni\protected\vendors\datatables.net-responsive\js\dataTables.responsive.min.js
19:27:36	ext: .JS
19:27:36	Request file: /vendors/datatables.net-responsive-bs/js/responsive.bootstrap.js
19:27:36	filename: c:\projectes\Maoni\Maoni\protected\vendors\datatables.net-responsive-bs\js\responsive.bootstrap.js
19:27:36	ext: .JS
19:27:36	Request file: /vendors/datatables.net-scroller/js/datatables.scroller.min.js
19:27:36	filename: c:\projectes\Maoni\Maoni\protected\vendors\datatables.net-scroller\js\datatables.scroller.min.js
19:27:36	ext: .JS
19:27:36	Request file: /vendors/jszip/dist/jszip.min.js
19:27:36	filename: c:\projectes\Maoni\Maoni\protected\vendors\jszip\dist\jszip.min.js
19:27:36	ext: .JS
19:27:36	Request file: /vendors/pdfmake/build/pdfmake.min.js
19:27:36	filename: c:\projectes\Maoni\Maoni\protected\vendors\pdfmake\build\pdfmake.min.js
19:27:36	ext: .JS
19:27:36	Request file: /vendors/pdfmake/build/vfs_fonts.js
19:27:36	filename: c:\projectes\Maoni\Maoni\protected\vendors\pdfmake\build\vfs_fonts.js
19:27:36	ext: .JS
19:27:36	Request file: /js/moment/moment.min.js
19:27:36	filename: c:\projectes\Maoni\Maoni\protected\js\moment\moment.min.js
19:27:36	ext: .JS
19:27:36	Request file: /js/datepicker/daterangepicker.js
19:27:36	filename: c:\projectes\Maoni\Maoni\protected\js\datepicker\daterangepicker.js
19:27:36	ext: .JS
19:27:36	Request file: /vendors/select2/dist/js/select2.full.min.js
19:27:36	filename: c:\projectes\Maoni\Maoni\protected\vendors\select2\dist\js\select2.full.min.js
19:27:36	ext: .JS
19:27:36	Request file: /js/custom.js
19:27:36	filename: c:\projectes\Maoni\Maoni\protected\js\custom.js
19:27:36	ext: .JS
19:27:36	Request file: /js/lib.js
19:27:36	filename: c:\projectes\Maoni\Maoni\protected\js\lib.js
19:27:36	ext: .JS
19:27:37	Request file: /img/logoGowhite.png
19:27:37	filename: c:\projectes\Maoni\Maoni\protected\img\logoGowhite.png
19:27:37	ext: .PNG
19:27:37	Request file: /img/redondaamarilla.png
19:27:37	filename: c:\projectes\Maoni\Maoni\protected\img\redondaamarilla.png
19:27:37	ext: .PNG
19:27:37	Request file: /img/redondaverde.png
19:27:37	filename: c:\projectes\Maoni\Maoni\protected\img\redondaverde.png
19:27:37	ext: .PNG
19:27:37	Request file: /img/redondaroja.png
19:27:37	filename: c:\projectes\Maoni\Maoni\protected\img\redondaroja.png
19:27:37	ext: .PNG
19:27:37	Request file: /img/redondagris.png
19:27:37	filename: c:\projectes\Maoni\Maoni\protected\img\redondagris.png
19:27:37	ext: .PNG
19:27:37	Request file: /vendors/font-awesome/fonts/fontawesome-webfont.woff2?v=4.6.1
19:27:37	filename: c:\projectes\Maoni\Maoni\protected\vendors\font-awesome\fonts\fontawesome-webfont.woff2
19:27:37	ext: .WOFF2
19:27:37	Request file: /vendors/jquery/dist/jquery.min.js
19:27:37	filename: c:\projectes\Maoni\Maoni\protected\vendors\jquery\dist\jquery.min.js
19:27:37	ext: .JS
19:27:38	Request file: /EMB_gis2.html
19:27:38	filename: c:\projectes\Maoni\Maoni\protected\EMB_gis2.html
19:27:38	ext: .HTML
19:27:38	Request file: /vendors/jquery/dist/jquery.min.js?_=1506706057547
19:27:38	filename: c:\projectes\Maoni\Maoni\protected\vendors\jquery\dist\jquery.min.js
19:27:38	ext: .JS
19:27:38	Request file: /vendors/select2/dist/js/select2.full.min.js?_=1506706057548
19:27:38	filename: c:\projectes\Maoni\Maoni\protected\vendors\select2\dist\js\select2.full.min.js
19:27:38	ext: .JS
19:27:39	Request file: /js/lib.js?_=1506706057549
19:27:39	ext: .JS
19:27:39	filename: c:\projectes\Maoni\Maoni\protected\js\lib.js
19:27:39	Request file: /vendors/echarts/dist/echarts.min.js?_=1506706057550
19:27:39	filename: c:\projectes\Maoni\Maoni\protected\vendors\echarts\dist\echarts.min.js
19:27:39	ext: .JS
19:27:39	Request file: /vendors/echarts/map/js/world.js?_=1506706057551
19:27:39	ext: .JS
19:27:39	filename: c:\projectes\Maoni\Maoni\protected\vendors\echarts\map\js\world.js
19:27:57	filename: c:\projectes\Maoni\Maoni\protected\@@MENU@@_page_003.html
19:27:57	Request file: /@@MENU@@_page_003.html?SESSIONKEY=389210
19:27:57	ext: .HTML
19:27:57	filename: c:\projectes\Maoni\Maoni\protected\vendors\bootstrap\dist\css\bootstrap.min.css
19:27:57	ext: .CSS
19:27:57	Request file: /vendors/font-awesome/css/font-awesome.min.css
19:27:57	ext: .CSS
19:27:57	filename: c:\projectes\Maoni\Maoni\protected\vendors\font-awesome\css\font-awesome.min.css
19:27:57	Request file: /vendors/iCheck/skins/flat/green.css
19:27:57	filename: c:\projectes\Maoni\Maoni\protected\vendors\iCheck\skins\flat\green.css
19:27:57	ext: .CSS
19:27:57	Request file: /vendors/bootstrap-progressbar/css/bootstrap-progressbar-3.3.4.min.css
19:27:57	ext: .CSS
19:27:57	filename: c:\projectes\Maoni\Maoni\protected\vendors\bootstrap-progressbar\css\bootstrap-progressbar-3.3.4.min.css
19:27:57	filename: c:\projectes\Maoni\Maoni\protected\css\maps\jquery-jvectormap-2.0.3.css
19:27:57	ext: .CSS
19:27:57	Request file: /css/maps/jquery-jvectormap-2.0.3.css
19:27:57	filename: c:\projectes\Maoni\Maoni\protected\vendors\select2\dist\css\select2.min.css
19:27:57	ext: .CSS
19:27:57	Request file: /vendors/select2/dist/css/select2.min.css
19:27:57	Request file: /vendors/bootstrap/dist/css/bootstrap.min.css
19:27:57	Request file: /css/toastr.css
19:27:57	filename: c:\projectes\Maoni\Maoni\protected\css\toastr.css
19:27:57	ext: .CSS
19:27:57	Request file: /css/custom.css
19:27:57	filename: c:\projectes\Maoni\Maoni\protected\css\custom.css
19:27:57	Request file: /css/maoni.css
19:27:57	ext: .CSS
19:27:57	filename: c:\projectes\Maoni\Maoni\protected\css\animate.min.css
19:27:57	filename: c:\projectes\Maoni\Maoni\protected\css\maoni.css
19:27:57	Request file: /css/animate.min.css
19:27:57	ext: .CSS
19:27:57	ext: .CSS
19:27:57	Request file: /vendors/datatables.net-bs/css/dataTables.bootstrap.min.css
19:27:57	Request file: /vendors/datatables.net-buttons-bs/css/buttons.bootstrap.min.css
19:27:57	filename: c:\projectes\Maoni\Maoni\protected\vendors\datatables.net-buttons-bs\css\buttons.bootstrap.min.css
19:27:57	ext: .CSS
19:27:57	filename: c:\projectes\Maoni\Maoni\protected\vendors\datatables.net-bs\css\dataTables.bootstrap.min.css
19:27:57	ext: .CSS
19:27:57	Request file: /vendors/datatables.net-fixedheader-bs/css/fixedHeader.bootstrap.min.css
19:27:57	filename: c:\projectes\Maoni\Maoni\protected\vendors\datatables.net-fixedheader-bs\css\fixedHeader.bootstrap.min.css
19:27:57	ext: .CSS
19:27:57	Request file: /vendors/datatables.net-responsive-bs/css/responsive.bootstrap.min.css
19:27:57	filename: c:\projectes\Maoni\Maoni\protected\vendors\datatables.net-responsive-bs\css\responsive.bootstrap.min.css
19:27:57	ext: .CSS
19:27:57	Request file: /vendors/datatables.net-scroller-bs/css/scroller.bootstrap.min.css
19:27:57	filename: c:\projectes\Maoni\Maoni\protected\vendors\datatables.net-scroller-bs\css\scroller.bootstrap.min.css
19:27:57	ext: .CSS
19:27:57	filename: c:\projectes\Maoni\Maoni\protected\vendors\jquery\dist\jquery.min.js
19:27:57	Request file: /vendors/jquery/dist/jquery.min.js
19:27:57	ext: .JS
19:27:57	Request file: /vendors/bootstrap/dist/js/bootstrap.min.js
19:27:57	filename: c:\projectes\Maoni\Maoni\protected\vendors\bootstrap\dist\js\bootstrap.min.js
19:27:57	ext: .JS
19:27:57	Request file: /vendors/parsleyjs/dist/parsley.min.js
19:27:57	filename: c:\projectes\Maoni\Maoni\protected\vendors\parsleyjs\dist\parsley.min.js
19:27:57	ext: .JS
19:27:57	Request file: /js/toastr.js
19:27:57	filename: c:\projectes\Maoni\Maoni\protected\js\toastr.js
19:27:57	ext: .JS
19:27:57	Request file: /vendors/fastclick/lib/fastclick.js
19:27:57	filename: c:\projectes\Maoni\Maoni\protected\vendors\fastclick\lib\fastclick.js
19:27:57	ext: .JS
19:27:57	Request file: /vendors/nprogress/nprogress.js
19:27:57	filename: c:\projectes\Maoni\Maoni\protected\vendors\nprogress\nprogress.js
19:27:57	ext: .JS
19:27:57	filename: c:\projectes\Maoni\Maoni\protected\vendors\datatables.net\js\jquery.dataTables.min.js
19:27:57	Request file: /vendors/datatables.net/js/jquery.dataTables.min.js
19:27:57	ext: .JS
19:27:57	Request file: /vendors/datatables.net-bs/js/dataTables.bootstrap.min.js
19:27:57	filename: c:\projectes\Maoni\Maoni\protected\vendors\datatables.net-bs\js\dataTables.bootstrap.min.js
19:27:57	ext: .JS
19:27:57	filename: c:\projectes\Maoni\Maoni\protected\vendors\datatables.net-buttons\js\dataTables.buttons.min.js
19:27:57	Request file: /vendors/datatables.net-buttons/js/dataTables.buttons.min.js
19:27:57	ext: .JS
19:27:57	ext: .JS
19:27:57	Request file: /vendors/datatables.net-buttons-bs/js/buttons.bootstrap.min.js
19:27:57	filename: c:\projectes\Maoni\Maoni\protected\vendors\datatables.net-buttons-bs\js\buttons.bootstrap.min.js
19:27:57	Request file: /vendors/datatables.net-buttons/js/buttons.flash.min.js
19:27:57	filename: c:\projectes\Maoni\Maoni\protected\vendors\datatables.net-buttons\js\buttons.flash.min.js
19:27:57	ext: .JS
19:27:57	filename: c:\projectes\Maoni\Maoni\protected\vendors\datatables.net-buttons\js\buttons.html5.min.js
19:27:57	ext: .JS
19:27:57	Request file: /vendors/datatables.net-buttons/js/buttons.html5.min.js
19:27:57	Request file: /vendors/datatables.net-buttons/js/buttons.print.min.js
19:27:57	filename: c:\projectes\Maoni\Maoni\protected\vendors\datatables.net-buttons\js\buttons.print.min.js
19:27:57	ext: .JS
19:27:57	Request file: /vendors/datatables.net-fixedheader/js/dataTables.fixedHeader.min.js
19:27:57	filename: c:\projectes\Maoni\Maoni\protected\vendors\datatables.net-fixedheader\js\dataTables.fixedHeader.min.js
19:27:57	ext: .JS
19:27:57	Request file: /vendors/datatables.net-keytable/js/dataTables.keyTable.min.js
19:27:57	filename: c:\projectes\Maoni\Maoni\protected\vendors\datatables.net-keytable\js\dataTables.keyTable.min.js
19:27:57	ext: .JS
19:27:57	Request file: /vendors/datatables.net-responsive/js/dataTables.responsive.min.js
19:27:57	filename: c:\projectes\Maoni\Maoni\protected\vendors\datatables.net-responsive\js\dataTables.responsive.min.js
19:27:57	ext: .JS
19:27:57	Request file: /vendors/datatables.net-responsive-bs/js/responsive.bootstrap.js
19:27:57	filename: c:\projectes\Maoni\Maoni\protected\vendors\datatables.net-responsive-bs\js\responsive.bootstrap.js
19:27:57	ext: .JS
19:27:57	Request file: /vendors/datatables.net-scroller/js/datatables.scroller.min.js
19:27:57	filename: c:\projectes\Maoni\Maoni\protected\vendors\datatables.net-scroller\js\datatables.scroller.min.js
19:27:57	ext: .JS
19:27:57	Request file: /vendors/jszip/dist/jszip.min.js
19:27:57	filename: c:\projectes\Maoni\Maoni\protected\vendors\jszip\dist\jszip.min.js
19:27:57	ext: .JS
19:27:57	Request file: /vendors/pdfmake/build/pdfmake.min.js
19:27:57	filename: c:\projectes\Maoni\Maoni\protected\vendors\pdfmake\build\pdfmake.min.js
19:27:57	ext: .JS
19:27:57	Request file: /vendors/pdfmake/build/vfs_fonts.js
19:27:57	Request file: /js/moment/moment.min.js
19:27:57	filename: c:\projectes\Maoni\Maoni\protected\vendors\pdfmake\build\vfs_fonts.js
19:27:57	filename: c:\projectes\Maoni\Maoni\protected\js\moment\moment.min.js
19:27:57	ext: .JS
19:27:57	ext: .JS
19:27:57	Request file: /js/datepicker/daterangepicker.js
19:27:57	filename: c:\projectes\Maoni\Maoni\protected\js\datepicker\daterangepicker.js
19:27:57	ext: .JS
19:27:58	Request file: /vendors/select2/dist/js/select2.full.min.js
19:27:58	filename: c:\projectes\Maoni\Maoni\protected\vendors\select2\dist\js\select2.full.min.js
19:27:58	ext: .JS
19:27:58	ext: .JS
19:27:58	filename: c:\projectes\Maoni\Maoni\protected\js\custom.js
19:27:58	Request file: /js/custom.js
19:27:58	Request file: /js/lib.js
19:27:58	ext: .JS
19:27:58	filename: c:\projectes\Maoni\Maoni\protected\js\lib.js
19:27:58	Request file: /img/logoGowhite.png
19:27:58	filename: c:\projectes\Maoni\Maoni\protected\img\logoGowhite.png
19:27:58	ext: .PNG
19:27:58	Request file: /vendors/jquery/dist/jquery.min.js
19:27:58	filename: c:\projectes\Maoni\Maoni\protected\vendors\jquery\dist\jquery.min.js
19:27:58	ext: .JS
19:27:59	Request file: /EMB_graph2.html
19:27:59	filename: c:\projectes\Maoni\Maoni\protected\EMB_graph2.html
19:27:59	ext: .HTML
19:27:59	Request file: /vendors/switchery/dist/switchery.min.css
19:27:59	ext: .CSS
19:27:59	filename: c:\projectes\Maoni\Maoni\protected\vendors\switchery\dist\switchery.min.css
19:27:59	Request file: /vendors/jquery/dist/jquery.min.js?_=1506706078471
19:27:59	filename: c:\projectes\Maoni\Maoni\protected\vendors\jquery\dist\jquery.min.js
19:27:59	ext: .JS
19:27:59	Request file: /vendors/bootstrap/dist/js/bootstrap.min.js?_=1506706078472
19:27:59	filename: c:\projectes\Maoni\Maoni\protected\vendors\bootstrap\dist\js\bootstrap.min.js
19:27:59	ext: .JS
19:27:59	Request file: /vendors/switchery/dist/switchery.min.js?_=1506706078473
19:27:59	filename: c:\projectes\Maoni\Maoni\protected\vendors\switchery\dist\switchery.min.js
19:27:59	ext: .JS
19:27:59	Request file: /vendors/raphael/raphael.min.js?_=1506706078474
19:27:59	filename: c:\projectes\Maoni\Maoni\protected\vendors\raphael\raphael.min.js
19:27:59	ext: .JS
19:28:0	Request file: /vendors/morris.js/morris.min.js?_=1506706078475
19:28:0	filename: c:\projectes\Maoni\Maoni\protected\vendors\morris.js\morris.min.js
19:28:0	ext: .JS
19:28:0	Request file: /js/lib.js?_=1506706078476
19:28:0	filename: c:\projectes\Maoni\Maoni\protected\js\lib.js
19:28:0	ext: .JS
19:46:5	INICIO ENVIO EMAILS....
19:46:14	INICIO maoni. Escuchando en el puerto: 5555
19:46:15	Server is ready to take our messages
19:46:25	1 Grupo Hoteles Prestige
19:46:31	1000 UHR & Co Hoteliers
19:48:1	INICIO ENVIO EMAILS....
19:48:1	INICIO maoni. Escuchando en el puerto: 5555
19:48:1	Server is ready to take our messages
19:48:2	1000 UHR & Co Hoteliers
19:48:2	1 Grupo Hoteles Prestige
19:48:2	  1 Hotel Princesa Sofía
19:48:2	  2 Hotel Barcelona Mar
19:52:45	INICIO ENVIO EMAILS....
19:52:45	INICIO maoni. Escuchando en el puerto: 5555
19:52:46	Server is ready to take our messages
19:52:48	1 Grupo Hoteles Prestige
19:52:48	1000 UHR & Co Hoteliers
19:55:34	INICIO ENVIO EMAILS....
19:55:34	INICIO maoni. Escuchando en el puerto: 5555
19:55:34	Server is ready to take our messages
19:55:35	1 Grupo Hoteles Prestige
19:55:35	1000 UHR & Co Hoteliers
19:55:35	  1 Hotel Princesa Sofía
19:55:35	  2 Hotel Barcelona Mar
19:55:36	  1001 Molí del Mig
19:55:36	  1002 Palacio de Oriol
19:55:36	  1003 Sitges Playa
20:5:51	INICIO ENVIO EMAILS....
20:5:51	INICIO maoni. Escuchando en el puerto: 5555
20:5:52	Server is ready to take our messages
20:5:53	1000 UHR & Co Hoteliers
20:5:53	1 Grupo Hoteles Prestige
20:5:53	  1 Hotel Princesa Sofía
20:5:53	  2 Hotel Barcelona Mar
20:5:53	    ES princesa_es.html
20:6:1	    ES 
20:6:1	  1001 Molí del Mig
20:6:1	  1003 Sitges Playa
20:6:1	  1002 Palacio de Oriol
20:6:1	    ES 
20:6:29	INICIO ENVIO EMAILS....
20:6:29	INICIO maoni. Escuchando en el puerto: 5555
20:6:29	Server is ready to take our messages
20:6:31	1 Grupo Hoteles Prestige
20:6:31	1000 UHR & Co Hoteliers
20:6:31	  1 Hotel Princesa Sofía
20:6:31	  2 Hotel Barcelona Mar
20:6:32	  1001 Molí del Mig
20:6:32	  1002 Palacio de Oriol
20:6:32	  1003 Sitges Playa
20:7:45	INICIO ENVIO EMAILS....
20:7:45	INICIO maoni. Escuchando en el puerto: 5555
20:7:46	Server is ready to take our messages
20:7:47	1000 UHR & Co Hoteliers
20:7:47	1 Grupo Hoteles Prestige
20:7:48	  1 Hotel Princesa Sofía
20:7:48	  2 Hotel Barcelona Mar
20:7:48	    ES princesa_es.html
20:7:48	    ES 
20:7:48	  1002 Palacio de Oriol
20:7:48	  1001 Molí del Mig
20:7:48	  1003 Sitges Playa
20:8:39	INICIO ENVIO EMAILS....
20:8:39	INICIO maoni. Escuchando en el puerto: 5555
20:8:40	Server is ready to take our messages
20:8:41	1 Grupo Hoteles Prestige
20:8:41	1000 UHR & Co Hoteliers
20:8:41	  1 Hotel Princesa Sofía
20:8:41	  2 Hotel Barcelona Mar
20:8:41	  1001 Molí del Mig
20:8:41	  1003 Sitges Playa
20:8:41	  1002 Palacio de Oriol
20:8:41	    ES princesa_es.html
20:8:41	    ES 
20:8:41	    ES 
20:9:2	INICIO ENVIO EMAILS....
20:9:2	INICIO maoni. Escuchando en el puerto: 5555
20:9:3	Server is ready to take our messages
20:9:4	1 Grupo Hoteles Prestige
20:9:4	1000 UHR & Co Hoteliers
20:9:5	  1 Hotel Princesa Sofía
20:9:5	  2 Hotel Barcelona Mar
20:9:5	    ES princesa_es.html
20:9:5	    ES 
20:9:5	  1002 Palacio de Oriol
20:9:5	  1001 Molí del Mig
20:9:5	  1003 Sitges Playa
20:9:5	    ES 
20:12:29	INICIO ENVIO EMAILS....
20:12:29	INICIO maoni. Escuchando en el puerto: 5555
20:12:29	Server is ready to take our messages
20:12:31	1000 UHR & Co Hoteliers
20:12:31	1 Grupo Hoteles Prestige
20:12:31	  1 Hotel Princesa Sofía
20:12:31	  2 Hotel Barcelona Mar
20:12:49	INICIO ENVIO EMAILS....
20:12:49	INICIO maoni. Escuchando en el puerto: 5555
20:12:49	Server is ready to take our messages
20:12:50	1000 UHR & Co Hoteliers
20:12:50	1 Grupo Hoteles Prestige
20:12:50	  1 Hotel Princesa Sofía
20:12:50	  2 Hotel Barcelona Mar
20:13:6	INICIO ENVIO EMAILS....
20:13:6	INICIO maoni. Escuchando en el puerto: 5555
20:13:7	Server is ready to take our messages
20:13:8	1000 UHR & Co Hoteliers
20:13:8	1 Grupo Hoteles Prestige
20:13:8	  1 Hotel Princesa Sofía
20:13:8	  2 Hotel Barcelona Mar
20:13:38	INICIO ENVIO EMAILS....
20:13:38	INICIO maoni. Escuchando en el puerto: 5555
20:13:39	Server is ready to take our messages
20:13:40	1 Grupo Hoteles Prestige
20:13:40	1000 UHR & Co Hoteliers
20:13:41	  1 Hotel Princesa Sofía
20:13:41	  2 Hotel Barcelona Mar
20:13:41	  1001 Molí del Mig
20:13:41	  1003 Sitges Playa
20:13:41	  1002 Palacio de Oriol
20:14:38	INICIO ENVIO EMAILS....
20:14:38	INICIO maoni. Escuchando en el puerto: 5555
20:14:39	Server is ready to take our messages
20:14:40	1 Grupo Hoteles Prestige
20:14:40	1000 UHR & Co Hoteliers
20:14:40	  1 Hotel Princesa Sofía
20:14:40	  2 Hotel Barcelona Mar
20:14:40	  1003 Sitges Playa
20:14:40	  1002 Palacio de Oriol
20:14:40	  1001 Molí del Mig
20:14:40	    ES princesa_es.html
20:16:43	INICIO ENVIO EMAILS....
20:16:43	INICIO maoni. Escuchando en el puerto: 5555
20:16:44	Server is ready to take our messages
20:16:45	1 Grupo Hoteles Prestige
20:16:45	1000 UHR & Co Hoteliers
20:16:45	  1 Hotel Princesa Sofía
20:16:45	  2 Hotel Barcelona Mar
20:16:45	  1001 Molí del Mig
20:16:45	  1002 Palacio de Oriol
20:17:31	INICIO ENVIO EMAILS....
20:17:31	INICIO maoni. Escuchando en el puerto: 5555
20:17:32	Server is ready to take our messages
20:17:33	1 Grupo Hoteles Prestige
20:17:33	1000 UHR & Co Hoteliers
20:17:33	  1 Hotel Princesa Sofía
20:17:33	  2 Hotel Barcelona Mar
20:17:33	    ES princesa_es.html
20:17:33	  1001 Molí del Mig
20:17:33	  1002 Palacio de Oriol
20:17:33	  1003 Sitges Playa
20:19:5	INICIO ENVIO EMAILS....
20:19:5	INICIO maoni. Escuchando en el puerto: 5555
20:19:6	Server is ready to take our messages
20:19:7	1000 UHR & Co Hoteliers
20:19:7	1 Grupo Hoteles Prestige
20:19:7	  2 Hotel Barcelona Mar
20:19:7	  1 Hotel Princesa Sofía
20:19:7	    ES princesa_es.html
20:19:7	  1002 Palacio de Oriol
20:19:7	  1003 Sitges Playa
20:19:7	  1001 Molí del Mig
21:6:5	INICIO ENVIO EMAILS....
21:6:5	INICIO maoni. Escuchando en el puerto: 5555
21:6:6	Server is ready to take our messages
21:6:7	1 Grupo Hoteles Prestige
21:6:7	1000 UHR & Co Hoteliers
21:6:7	  1 Hotel Princesa Sofía
21:6:7	  2 Hotel Barcelona Mar
21:6:7	    ES princesa_es.html
21:6:7	  1001 Molí del Mig
21:6:7	  1003 Sitges Playa
21:6:7	  1002 Palacio de Oriol
21:7:5	INICIO ENVIO EMAILS....
21:7:5	INICIO maoni. Escuchando en el puerto: 5555
21:7:5	Server is ready to take our messages
21:7:6	1 Grupo Hoteles Prestige
21:7:6	1000 UHR & Co Hoteliers
21:7:6	  1 Hotel Princesa Sofía
21:7:6	  2 Hotel Barcelona Mar
21:7:6	  1001 Molí del Mig
21:7:6	  1003 Sitges Playa
21:7:6	  1002 Palacio de Oriol
21:7:6	    ES princesa_es.html
21:7:11	      PREMAIL TO: xxxxx@gmail.com
21:12:55	INICIO ENVIO EMAILS....
21:12:55	INICIO maoni. Escuchando en el puerto: 5555
21:12:55	Server is ready to take our messages
21:12:56	1 Grupo Hoteles Prestige
21:12:56	1000 UHR & Co Hoteliers
21:12:56	  1 Hotel Princesa Sofía
21:12:56	  2 Hotel Barcelona Mar
21:12:56	  1003 Sitges Playa
21:12:56	  1002 Palacio de Oriol
21:12:56	  1001 Molí del Mig
21:12:56	    ES princesa_es.html
21:12:57	      PREMAIL TO: xcastv@gmail.com
21:14:32	INICIO ENVIO EMAILS....
21:14:32	INICIO maoni. Escuchando en el puerto: 5555
21:14:33	Server is ready to take our messages
21:14:34	1 Grupo Hoteles Prestige
21:14:34	1000 UHR & Co Hoteliers
21:14:34	  1 Hotel Princesa Sofía
21:14:34	  2 Hotel Barcelona Mar
21:14:34	  1002 Palacio de Oriol
21:14:34	  1001 Molí del Mig
21:14:34	  1003 Sitges Playa
21:14:34	    ES princesa_es.html
21:14:34	      PREMAIL TO: xcastv@gmail.com
21:14:35	Message sent: 250 OK id=1dy0k7-000WeR-Di
21:22:7	INICIO ENVIO EMAILS....
21:22:7	INICIO maoni. Escuchando en el puerto: 5555
21:22:8	Server is ready to take our messages
21:22:9	1 Grupo Hoteles Prestige
21:22:9	1000 UHR & Co Hoteliers
21:22:9	  1 Hotel Princesa Sofía
21:22:9	  2 Hotel Barcelona Mar
21:22:9	    ES princesa_es.html
21:22:9	  1001 Molí del Mig
21:22:9	  1002 Palacio de Oriol
21:22:9	  1003 Sitges Playa
21:22:9	      PREMAIL TO: xcastv@gmail.com
21:22:10	Message sent: 250 OK id=1dy0rS-000Yv9-9d
21:24:44	INICIO ENVIO EMAILS....
21:24:44	INICIO maoni. Escuchando en el puerto: 5555
21:24:45	Server is ready to take our messages
21:24:46	1 Grupo Hoteles Prestige
21:24:46	1000 UHR & Co Hoteliers
21:24:46	  2 Hotel Barcelona Mar
21:24:46	  1 Hotel Princesa Sofía
21:24:46	  1001 Molí del Mig
21:24:46	  1002 Palacio de Oriol
21:24:46	  1003 Sitges Playa
21:25:5	INICIO ENVIO EMAILS....
21:25:6	INICIO maoni. Escuchando en el puerto: 5555
21:25:6	Server is ready to take our messages
21:25:7	1000 UHR & Co Hoteliers
21:25:7	1 Grupo Hoteles Prestige
21:25:7	  1 Hotel Princesa Sofía
21:25:7	  2 Hotel Barcelona Mar
21:25:7	  1001 Molí del Mig
21:25:7	  1002 Palacio de Oriol
21:25:7	  1003 Sitges Playa
21:25:7	    ES princesa_es.html
21:25:7	    ES 
21:26:30	INICIO ENVIO EMAILS....
21:26:30	INICIO maoni. Escuchando en el puerto: 5555
21:26:31	Server is ready to take our messages
21:26:32	1 Grupo Hoteles Prestige
21:26:32	1000 UHR & Co Hoteliers
21:26:32	  1 Hotel Princesa Sofía
21:26:32	  2 Hotel Barcelona Mar
21:26:32	    ES princesa_es.html
21:26:32	    ES 
21:26:32	  1001 Molí del Mig
21:26:32	  1002 Palacio de Oriol
21:26:32	  1003 Sitges Playa
21:26:47	INICIO ENVIO EMAILS....
21:26:47	INICIO maoni. Escuchando en el puerto: 5555
21:26:48	Server is ready to take our messages
21:26:49	1 Grupo Hoteles Prestige
21:26:49	1000 UHR & Co Hoteliers
21:26:49	  1 Hotel Princesa Sofía
21:26:49	  2 Hotel Barcelona Mar
21:26:49	  1001 Molí del Mig
21:26:49	  1003 Sitges Playa
21:26:49	  1002 Palacio de Oriol
21:27:30	INICIO ENVIO EMAILS....
21:27:30	INICIO maoni. Escuchando en el puerto: 5555
21:27:31	Server is ready to take our messages
21:27:32	1 Grupo Hoteles Prestige
21:27:32	1000 UHR & Co Hoteliers
21:27:32	  1 Hotel Princesa Sofía
21:27:32	  2 Hotel Barcelona Mar
21:27:32	  1001 Molí del Mig
21:27:32	  1002 Palacio de Oriol
21:27:32	  1003 Sitges Playa
21:28:9	INICIO ENVIO EMAILS....
21:28:9	INICIO maoni. Escuchando en el puerto: 5555
21:28:10	Server is ready to take our messages
21:28:11	1 Grupo Hoteles Prestige
21:28:11	1000 UHR & Co Hoteliers
21:28:11	  1 Hotel Princesa Sofía
21:28:11	  2 Hotel Barcelona Mar
21:28:11	    ES princesa_es.html
21:28:11	    ES 
21:28:16	  1001 Molí del Mig
21:28:16	  1002 Palacio de Oriol
21:28:16	  1003 Sitges Playa
21:28:38	INICIO ENVIO EMAILS....
21:28:38	INICIO maoni. Escuchando en el puerto: 5555
21:28:46	Server is ready to take our messages
21:29:8	INICIO ENVIO EMAILS....
21:29:8	INICIO maoni. Escuchando en el puerto: 5555
21:29:8	Server is ready to take our messages
21:29:10	1 Grupo Hoteles Prestige
21:29:10	1000 UHR & Co Hoteliers
21:29:10	  1 Hotel Princesa Sofía
21:29:10	  2 Hotel Barcelona Mar
21:29:10	    ES princesa_es.html
21:29:10	    ES 
21:29:10	  1001 Molí del Mig
21:29:10	  1002 Palacio de Oriol
21:29:10	  1003 Sitges Playa
21:29:10	      EMAIL TO: xcastv@gmail.com
21:29:43	INICIO ENVIO EMAILS....
21:29:43	INICIO maoni. Escuchando en el puerto: 5555
21:29:44	Server is ready to take our messages
21:29:45	1 Grupo Hoteles Prestige
21:29:45	1000 UHR & Co Hoteliers
21:29:45	  1 Hotel Princesa Sofía
21:29:45	  2 Hotel Barcelona Mar
21:29:46	    ES princesa_es.html
21:29:46	    ES 
21:29:46	  1001 Molí del Mig
21:29:46	  1003 Sitges Playa
21:29:46	  1002 Palacio de Oriol
21:29:46	      EMAIL TO: xcastv@gmail.com
21:29:46	Message sent: 250 OK id=1dy0yo-000avk-Sv
