19:21:16	INICIO maoni. Escuchando en el puerto: 5555
19:21:16	Server is ready to take our messages
19:21:17	1 EMPRESA DEMO
19:21:17	  1 HOTEL DEMO
19:21:17	  2 DEMO HOTEL
19:21:17	    ES \inmail\inmail_es.html
19:21:19	Message sent: 250 OK id=1b0Xp9-002vn5-Ms
19:21:35	Message sent: 250 OK id=1b0XpP-002vn1-Rf
19:21:39	Message sent: 250 OK id=1b0XpP-002vn0-SI
19:21:40	Message sent: 250 OK id=1b0XpP-002vmv-SE
19:21:41	Message sent: 250 OK id=1b0XpP-002vn6-SM
19:21:44	Message sent: 250 OK id=1b0XpP-002vn3-SI
19:21:44	Message sent: 250 OK id=1b0XpP-002vmw-T5
19:21:44	Message sent: 250 OK id=1b0XpP-002vmz-T5
19:21:44	Message sent: 250 OK id=1b0XpP-002vmt-Tv
19:21:44	Message sent: 250 OK id=1b0XpP-002vmx-Tv
19:21:44	Message sent: 250 OK id=1b0XpP-002vmu-Tx
19:21:44	Message sent: 250 OK id=1b0XpP-002vn2-Tz
19:21:44	Message sent: 250 OK id=1b0XpP-002vmy-Tw
19:21:44	Message sent: 250 OK id=1b0XpP-002vn4-U0
19:21:44	Message sent: 250 OK id=1b0XpP-002vn7-U3
19:22:17	INICIO maoni. Escuchando en el puerto: 5555
19:22:19	Server is ready to take our messages
19:22:21	1 EMPRESA DEMO
19:22:22	  1 HOTEL DEMO
19:22:22	  2 DEMO HOTEL
19:22:22	    ES \inmail\inmail_es.html
19:22:35	INICIO maoni. Escuchando en el puerto: 5555
19:22:36	Server is ready to take our messages
19:22:36	1 EMPRESA DEMO
19:22:36	  1 HOTEL DEMO
19:22:36	  2 DEMO HOTEL
19:22:36	    ES \inmail\inmail_es.html
19:23:33	INICIO maoni. Escuchando en el puerto: 5555
19:23:33	Server is ready to take our messages
19:23:34	1 EMPRESA DEMO
19:23:34	  1 HOTEL DEMO
19:23:34	  2 DEMO HOTEL
19:23:34	    ES \inmail\inmail_es.html
19:23:34	      EMAIL TO: eparrilla70@gmail.com
19:24:11	INICIO maoni. Escuchando en el puerto: 5555
19:24:12	Server is ready to take our messages
19:24:12	1 EMPRESA DEMO
19:24:12	  1 HOTEL DEMO
19:24:12	  2 DEMO HOTEL
19:24:12	    ES \inmail\inmail_es.html
19:24:12	      EMAIL TO: xcastv@gmail.com
19:26:1	INICIO maoni. Escuchando en el puerto: 5555
19:26:2	Server is ready to take our messages
19:26:2	1 EMPRESA DEMO
19:26:2	  1 HOTEL DEMO
19:26:2	  2 DEMO HOTEL
19:26:3	    ES \inmail\inmail_es.html
19:26:3	      EMAIL TO: xcastv@gmail.com
19:26:30	Message sent: 250 OK id=1b0XuA-002x5p-MN
19:30:49	INICIO maoni. Escuchando en el puerto: 5555
19:30:50	Server is ready to take our messages
19:30:50	1 EMPRESA DEMO
19:30:50	  1 HOTEL DEMO
19:30:50	  2 DEMO HOTEL
19:30:50	    ES \inmail\inmail_es.html
19:37:40	INICIO maoni. Escuchando en el puerto: 5555
19:37:40	Server is ready to take our messages
19:37:41	1 EMPRESA DEMO
19:37:41	  1 HOTEL DEMO
19:37:41	  2 DEMO HOTEL
19:37:41	    ES \inmail\inmail_es.html
19:37:58	      EMAIL TO: xcastv@gmail.com
19:38:14	Message sent: 250 OK id=1b0Y5X-0030dj-Gf
20:18:24	INICIO maoni. Escuchando en el puerto: 5555
20:18:25	Server is ready to take our messages
20:18:26	1 EMPRESA DEMO
20:18:26	  1 HOTEL DEMO
20:18:26	  2 DEMO HOTEL
20:18:26	    ES \inmail\inmail_es.html
20:19:14	INICIO maoni. Escuchando en el puerto: 5555
20:19:15	Server is ready to take our messages
20:19:15	1 EMPRESA DEMO
20:19:15	  1 HOTEL DEMO
20:19:15	  2 DEMO HOTEL
20:19:15	    ES \inmail\inmail_es.html
20:21:17	INICIO maoni. Escuchando en el puerto: 5555
20:21:20	Server is ready to take our messages
20:21:20	1 EMPRESA DEMO
20:21:20	  1 HOTEL DEMO
20:21:20	  2 DEMO HOTEL
20:21:20	    ES \inmail\inmail_es.html
20:21:41	INICIO maoni. Escuchando en el puerto: 5555
20:21:42	Server is ready to take our messages
20:21:42	1 EMPRESA DEMO
20:21:42	  1 HOTEL DEMO
20:21:42	  2 DEMO HOTEL
20:21:42	    ES \inmail\inmail_es.html
20:22:17	INICIO maoni. Escuchando en el puerto: 5555
20:22:17	Server is ready to take our messages
20:22:17	1 EMPRESA DEMO
20:22:17	  1 HOTEL DEMO
20:22:17	  2 DEMO HOTEL
20:22:17	    ES \inmail\inmail_es.html
21:7:1	INICIO maoni. Escuchando en el puerto: 5555
21:7:2	Server is ready to take our messages
21:7:2	1 EMPRESA DEMO
21:7:2	  1 HOTEL DEMO
21:7:2	  2 DEMO HOTEL
21:7:2	    ES \inmail\inmail_es.html
21:7:52	INICIO maoni. Escuchando en el puerto: 5555
21:7:52	Server is ready to take our messages
21:7:53	1 EMPRESA DEMO
21:7:53	  1 HOTEL DEMO
21:7:53	  2 DEMO HOTEL
21:7:53	    ES \inmail\inmail_es.html
21:7:53	      EMAIL TO: xcastv@gmail.com
21:8:7	INICIO maoni. Escuchando en el puerto: 5555
21:8:8	Server is ready to take our messages
21:8:8	1 EMPRESA DEMO
21:8:8	  2 DEMO HOTEL
21:8:8	  1 HOTEL DEMO
21:8:8	    ES \inmail\inmail_es.html
21:8:8	      EMAIL TO: xcastv@gmail.com
21:8:31	INICIO maoni. Escuchando en el puerto: 5555
21:8:32	Server is ready to take our messages
21:8:32	1 EMPRESA DEMO
21:8:32	  1 HOTEL DEMO
21:8:32	  2 DEMO HOTEL
21:8:33	    ES \inmail\inmail_es.html
21:9:16	INICIO maoni. Escuchando en el puerto: 5555
21:9:17	Server is ready to take our messages
21:9:17	1 EMPRESA DEMO
21:9:17	  1 HOTEL DEMO
21:9:17	  2 DEMO HOTEL
21:9:17	    ES \inmail\inmail_es.html
21:9:36	INICIO maoni. Escuchando en el puerto: 5555
21:9:37	Server is ready to take our messages
21:9:37	1 EMPRESA DEMO
21:9:37	  1 HOTEL DEMO
21:9:37	  2 DEMO HOTEL
21:9:37	    ES \inmail\inmail_es.html
21:10:26	INICIO maoni. Escuchando en el puerto: 5555
21:10:27	Server is ready to take our messages
21:10:27	1 EMPRESA DEMO
21:10:27	  1 HOTEL DEMO
21:10:27	  2 DEMO HOTEL
21:10:27	    ES \inmail\inmail_es.html
21:10:27	      EMAIL TO: xcastv@gmail.com
21:11:39	INICIO maoni. Escuchando en el puerto: 5555
21:11:40	Server is ready to take our messages
21:11:40	1 EMPRESA DEMO
21:11:40	  1 HOTEL DEMO
21:11:40	  2 DEMO HOTEL
21:11:40	    ES \inmail\inmail_es.html
21:11:40	      EMAIL TO: xcastv@gmail.com
21:13:38	INICIO maoni. Escuchando en el puerto: 5555
21:13:39	Server is ready to take our messages
21:13:39	1 EMPRESA DEMO
21:13:39	  1 HOTEL DEMO
21:13:39	  2 DEMO HOTEL
21:13:39	    ES \inmail\inmail_es.html
21:13:39	      EMAIL TO: soytucreativo@gmail.com
21:15:10	INICIO maoni. Escuchando en el puerto: 5555
21:15:11	Server is ready to take our messages
21:15:11	1 EMPRESA DEMO
21:15:11	  1 HOTEL DEMO
21:15:11	  2 DEMO HOTEL
21:15:11	    ES \inmail\inmail_es.html
21:15:11	      EMAIL TO: soytucreativo@gmail.com
21:15:12	Message sent: 250 OK id=1b0ZbN-003Tga-SN
21:15:28	INICIO maoni. Escuchando en el puerto: 5555
21:15:29	Server is ready to take our messages
21:15:29	1 EMPRESA DEMO
21:15:29	  1 HOTEL DEMO
21:15:29	  2 DEMO HOTEL
21:15:29	    ES \inmail\inmail_es.html
21:15:30	      EMAIL TO: soytucreativo@gmail.com
21:15:30	Message sent: 250 OK id=1b0Zbf-003ThT-Pf
21:16:58	INICIO maoni. Escuchando en el puerto: 5555
21:16:59	Server is ready to take our messages
21:16:59	1 EMPRESA DEMO
21:16:59	  1 HOTEL DEMO
21:16:59	  2 DEMO HOTEL
21:16:59	    ES \inmail\inmail_es.html
21:16:59	      EMAIL TO: soytucreativo@gmail.com
21:17:36	INICIO maoni. Escuchando en el puerto: 5555
21:17:37	Server is ready to take our messages
21:17:37	1 EMPRESA DEMO
21:17:37	  2 DEMO HOTEL
21:17:37	  1 HOTEL DEMO
21:17:37	    ES \inmail\inmail_es.html
21:17:57	      EMAIL TO: soytucreativo@gmail.com
21:19:50	INICIO maoni. Escuchando en el puerto: 5555
21:19:50	Server is ready to take our messages
21:19:51	1 EMPRESA DEMO
21:19:51	  1 HOTEL DEMO
21:19:51	  2 DEMO HOTEL
21:19:51	    ES \inmail\inmail_es.html
21:21:0	INICIO maoni. Escuchando en el puerto: 5555
21:21:1	Server is ready to take our messages
21:21:1	1 EMPRESA DEMO
21:21:1	  1 HOTEL DEMO
21:21:1	  2 DEMO HOTEL
21:21:2	    ES \inmail\inmail_es.html
21:21:34	INICIO maoni. Escuchando en el puerto: 5555
21:21:35	Server is ready to take our messages
21:21:35	1 EMPRESA DEMO
21:21:35	  1 HOTEL DEMO
21:21:35	  2 DEMO HOTEL
21:21:35	    ES \inmail\inmail_es.html
21:21:35	      EMAIL TO: soytucreativo@gmail.com
21:21:55	INICIO maoni. Escuchando en el puerto: 5555
21:21:55	Server is ready to take our messages
21:21:56	1 EMPRESA DEMO
21:21:56	  1 HOTEL DEMO
21:21:56	  2 DEMO HOTEL
21:21:56	    ES \inmail\inmail_es.html
21:21:56	      EMAIL TO: soytucreativo@gmail.com
21:22:25	INICIO maoni. Escuchando en el puerto: 5555
21:22:25	Server is ready to take our messages
21:22:26	1 EMPRESA DEMO
21:22:26	  1 HOTEL DEMO
21:22:26	  2 DEMO HOTEL
21:22:26	    ES \inmail\inmail_es.html
21:22:26	      EMAIL TO: soytucreativo@gmail.com
21:22:26	      EMAIL TO: soytucreativo@gmail.com
21:22:26	      EMAIL TO: eparrilla70@gmail.com
21:22:26	      EMAIL TO: soytucreativo@gmail.com
21:22:26	      EMAIL TO: eparrilla70@gmail.com
21:22:26	      EMAIL TO: eparrilla70@gmail.com
21:22:26	      EMAIL TO: eparrilla70@gmail.com
21:22:26	      EMAIL TO: xcastv@hgmail.com
21:22:26	      EMAIL TO: eparrilla70@gmail.com
21:22:26	      EMAIL TO: eparrilla70@gmail.com
21:22:26	      EMAIL TO: eparrilla70@gmail.com
21:22:26	      EMAIL TO: soytucreativo@gmail.com
21:22:35	Message sent: 250 OK id=1b0ZiW-003VtY-Eo
21:22:35	Message sent: 250 OK id=1b0ZiW-003VtX-Ep
21:22:35	Message sent: 250 OK id=1b0ZiW-003Vtb-Ey
21:22:35	Message sent: 250 OK id=1b0ZiW-003Vtc-Ew
21:22:35	Message sent: 250 OK id=1b0ZiW-003VtZ-G4
21:22:35	Message sent: 250 OK id=1b0ZiW-003VtW-GS
21:22:35	Message sent: 250 OK id=1b0ZiW-003Vte-GS
21:22:35	Message sent: 250 OK id=1b0ZiW-003Vta-Gm
21:22:35	Message sent: 250 OK id=1b0ZiW-003Vtg-Gl
21:22:35	Message sent: 250 OK id=1b0ZiW-003Vth-Gq
21:22:35	Message sent: 250 OK id=1b0ZiW-003Vtd-Gz
21:22:35	Message sent: 250 OK id=1b0ZiW-003Vtf-H4
21:22:53	INICIO maoni. Escuchando en el puerto: 5555
21:22:53	Server is ready to take our messages
21:22:53	1 EMPRESA DEMO
21:22:53	  1 HOTEL DEMO
21:22:53	  2 DEMO HOTEL
21:22:54	    ES \inmail\inmail_es.html
21:27:51	INICIO maoni. Escuchando en el puerto: 5555
21:27:51	Server is ready to take our messages
21:27:52	1 EMPRESA DEMO
21:27:52	  1 HOTEL DEMO
21:27:52	  2 DEMO HOTEL
21:27:52	    ES \inmail\inmail_es.html
21:27:52	      EMAIL TO: eparrilla70@gmail.com
21:27:52	      EMAIL TO: soytucreativo@gmail.com
21:27:52	      EMAIL TO: eparrilla70@gmail.com
21:27:52	      EMAIL TO: soytucreativo@gmail.com
21:27:52	      EMAIL TO: soytucreativo@gmail.com
21:27:52	      EMAIL TO: soytucreativo@gmail.com
21:27:52	      EMAIL TO: eparrilla70@gmail.com
21:27:52	      EMAIL TO: eparrilla70@gmail.com
21:27:52	      EMAIL TO: eparrilla70@gmail.com
21:27:52	      EMAIL TO: eparrilla70@gmail.com
21:27:52	      EMAIL TO: xcastv@gmail.com
21:27:52	      EMAIL TO: eparrilla70@gmail.com
21:27:52	      EMAIL TO: soytucreativo@gmail.com
21:27:52	      EMAIL TO: eparrilla70@gmail.com
21:27:52	      EMAIL TO: eparrilla70@gmail.com
21:27:53	Message sent: 250 OK id=1b0Zne-003X7I-Pp
21:27:53	Message sent: 250 OK id=1b0Zne-003X75-U2
21:27:54	Message sent: 250 OK id=1b0Znf-003X74-6M
21:27:54	Message sent: 250 OK id=1b0Znf-003X7C-5w
21:27:54	Message sent: 250 OK id=1b0Znf-003X7E-6g
21:27:54	Message sent: 250 OK id=1b0Znf-003X78-82
21:27:54	Message sent: 250 OK id=1b0Znf-003X7G-7x
21:27:54	Message sent: 250 OK id=1b0Znf-003X77-9p
21:27:54	Message sent: 250 OK id=1b0Znf-003X79-8z
21:27:54	Message sent: 250 OK id=1b0Znf-003X76-90
21:27:54	Message sent: 250 OK id=1b0Znf-003X73-96
21:27:54	Message sent: 250 OK id=1b0Znf-003X7H-93
21:27:54	Message sent: 250 OK id=1b0Znf-003X7A-AF
21:27:54	Message sent: 250 OK id=1b0Znf-003X7B-A7
21:27:54	Message sent: 250 OK id=1b0Znf-003X7D-AL
21:39:9	INICIO maoni. Escuchando en el puerto: 5555
21:39:10	Server is ready to take our messages
21:39:10	1 EMPRESA DEMO
21:39:10	  1 HOTEL DEMO
21:39:10	  2 DEMO HOTEL
21:39:10	    ES \inmail\inmail_es.html
21:39:11	      EMAIL TO: eparrilla70@gmail.com
21:39:11	      EMAIL TO: soytucreativo@gmail.com
21:39:11	      EMAIL TO: eparrilla70@gmail.com
21:39:11	      EMAIL TO: soytucreativo@gmail.com
21:39:11	      EMAIL TO: soytucreativo@gmail.com
21:39:11	      EMAIL TO: soytucreativo@gmail.com
21:39:11	      EMAIL TO: eparrilla70@gmail.com
21:39:11	      EMAIL TO: eparrilla70@gmail.com
21:39:11	      EMAIL TO: eparrilla70@gmail.com
21:39:11	      EMAIL TO: eparrilla70@gmail.com
21:39:11	      EMAIL TO: xcastv@gmail.com
21:39:11	      EMAIL TO: eparrilla70@gmail.com
21:39:11	      EMAIL TO: eparrilla70@gmail.com
21:39:11	      EMAIL TO: eparrilla70@gmail.com
21:39:11	      EMAIL TO: soytucreativo@gmail.com
21:39:12	Message sent: 250 OK id=1b0Zyb-003aKQ-26
21:39:12	Message sent: 250 OK id=1b0Zyb-003aKU-3M
21:39:12	Message sent: 250 OK id=1b0Zyb-003aKO-Bd
21:39:12	Message sent: 250 OK id=1b0Zyb-003aKY-Cr
21:39:12	Message sent: 250 OK id=1b0Zyb-003aKP-Cy
21:39:12	Message sent: 250 OK id=1b0Zyb-003aKM-ET
21:39:12	Message sent: 250 OK id=1b0Zyb-003aKX-E8
21:39:12	Message sent: 250 OK id=1b0Zyb-003aKL-EZ
21:39:12	Message sent: 250 OK id=1b0Zyb-003aKR-EU
21:39:12	Message sent: 250 OK id=1b0Zyb-003aKS-Ed
21:39:12	Message sent: 250 OK id=1b0Zyb-003aKW-GN
21:39:12	Message sent: 250 OK id=1b0Zyb-003aKZ-GR
21:39:12	Message sent: 250 OK id=1b0Zyb-003aKV-GP
21:39:12	Message sent: 250 OK id=1b0Zyb-003aKN-GP
21:39:12	Message sent: 250 OK id=1b0Zyb-003aKT-GS
21:49:9	1 EMPRESA DEMO
21:49:9	  2 DEMO HOTEL
21:49:9	  1 HOTEL DEMO
21:49:10	    ES \inmail\inmail_es.html
21:54:5	INICIO maoni. Escuchando en el puerto: 5555
21:54:6	Server is ready to take our messages
21:54:7	1 EMPRESA DEMO
21:54:7	  1 HOTEL DEMO
21:54:7	  2 DEMO HOTEL
21:54:7	    ES \inmail\inmail_es.html
21:54:7	      EMAIL TO: eparrilla70@gmail.com
22:9:53	INICIO maoni. Escuchando en el puerto: 5555
22:9:54	Server is ready to take our messages
22:9:54	1 EMPRESA DEMO
22:9:54	  1 HOTEL DEMO
22:9:54	  2 DEMO HOTEL
22:9:54	    ES \inmail\inmail_es.html
22:9:54	      EMAIL TO: eparrilla70@gmail.com
22:10:53	INICIO maoni. Escuchando en el puerto: 5555
22:10:54	Server is ready to take our messages
22:10:54	1 EMPRESA DEMO
22:10:54	  1 HOTEL DEMO
22:10:54	  2 DEMO HOTEL
22:10:55	    ES \inmail\inmail_es.html
22:10:55	      EMAIL TO: eparrilla70@gmail.com
22:10:55	      EMAIL TO: soytucreativo@gmail.com
22:10:55	      EMAIL TO: eparrilla70@gmail.com
22:10:55	      EMAIL TO: soytucreativo@gmail.com
22:10:55	      EMAIL TO: soytucreativo@gmail.com
22:10:55	      EMAIL TO: soytucreativo@gmail.com
22:10:55	      EMAIL TO: eparrilla70@gmail.com
22:10:55	      EMAIL TO: eparrilla70@gmail.com
22:10:55	      EMAIL TO: eparrilla70@gmail.com
22:10:55	      EMAIL TO: eparrilla70@gmail.com
22:10:55	      EMAIL TO: xcastv@gmail.com
22:10:55	      EMAIL TO: soytucreativo@gmail.com
22:10:55	      EMAIL TO: eparrilla70@gmail.com
22:10:55	      EMAIL TO: eparrilla70@gmail.com
22:10:55	      EMAIL TO: eparrilla70@gmail.com
