13:36:47	INICIO maoni. Escuchando en el puerto: 5555
13:37:6	Request file: /
13:37:6	Request file: /jquery/jquery.min.js
13:37:6	Request file: /bootstrap/js/bootstrap.min.js
13:37:6	Request file: /js/sha256.js
13:37:6	Request file: /js/toastr.js
13:37:6	Request file: /bootstrap/css/bootstrap.min.css
13:37:6	Request file: /css/maoni.css
13:37:7	Request file: /css/signin.css
13:37:7	Request file: /css/animate.min.css
13:37:7	Request file: /css/toastr.css
13:37:15	Request file: /@@MENU@@_page_000.html
13:37:15	Request file: /jquery/jquery.min.js
13:37:15	Request file: /bootstrap/js/bootstrap.min.js
13:37:15	Request file: /js/lib.js
13:37:15	Request file: /bootstrap/css/bootstrap.min.css
13:37:15	Request file: /css/maoni.css
13:37:15	Request file: /css/dashboard.css
13:37:15	Request file: /css/animate.min.css
13:37:15	Request file: /img/menuheader.png
13:37:23	Request file: /@@MENU@@_page_101.html
13:37:23	Request file: /jquery/jquery.min.js
13:37:23	Request file: /bootstrap/js/bootstrap.min.js
13:37:23	Request file: /js/lib.js
13:37:23	Request file: /bootstrap/css/bootstrap.min.css
13:37:23	Request file: /css/maoni.css
13:37:23	Request file: /css/dashboard.css
13:37:23	Request file: /css/animate.min.css
13:37:24	Request file: /BBDD
13:37:24	sel_all_from_users -> {"f":"sel_all_from_users"}
13:37:24	Request file: /bootstrap/fonts/glyphicons-halflings-regular.woff
13:37:28	Request file: /@@MENU@@_page_102.html
13:37:28	Request file: /jquery/jquery.min.js
13:37:28	Request file: /bootstrap/js/bootstrap.min.js
13:37:28	Request file: /js/lib.js
13:37:28	Request file: /bootstrap/css/bootstrap.min.css
13:37:28	Request file: /css/maoni.css
13:37:28	Request file: /css/dashboard.css
13:37:28	Request file: /css/animate.min.css
13:37:28	Request file: /bootstrap/fonts/glyphicons-halflings-regular.woff
13:37:30	Request file: /@@MENU@@_page_101.html
13:37:30	Request file: /jquery/jquery.min.js
13:37:30	Request file: /bootstrap/js/bootstrap.min.js
13:37:30	Request file: /js/lib.js
13:37:30	Request file: /bootstrap/css/bootstrap.min.css
13:37:30	Request file: /css/maoni.css
13:37:30	Request file: /css/dashboard.css
13:37:30	Request file: /css/animate.min.css
13:37:30	Request file: /BBDD
13:37:30	sel_all_from_users -> {"f":"sel_all_from_users"}
13:37:30	Request file: /bootstrap/fonts/glyphicons-halflings-regular.woff
