18:40:4	INICIO maoni. Escuchando en el puerto: 5555
18:40:18	Request file: /
18:40:18	Request file: /jquery/jquery.min.js
18:40:18	Request file: /js/sha256.js
18:40:18	Request file: /js/toastr.js
18:40:18	Request file: /bootstrap/js/bootstrap.min.js
18:40:18	Request file: /bootstrap/css/bootstrap.min.css
18:40:18	Request file: /js/lib.js
18:40:18	Request file: /css/maoni.css
18:40:18	Request file: /css/signin.css
18:40:18	Request file: /css/animate.min.css
18:40:18	Request file: /css/toastr.css
18:40:29	Request file: /BBDD
18:40:29	login -> {"f":"login","user":"EP","pwd":"6711597a2bc4e5878638c2115353f0792a9bec6ff55a84f283c4be5d897fe110"}
18:40:35	Request file: /BBDD
18:40:35	login -> {"f":"login","user":"EP","pwd":"6711597a2bc4e5878638c2115353f0792a9bec6ff55a84f283c4be5d897fe110"}
18:42:35	Request file: /BBDD
18:42:35	login -> {"f":"login","user":"eparrilla","pwd":"6711597a2bc4e5878638c2115353f0792a9bec6ff55a84f283c4be5d897fe110"}
18:42:35	Request file: /@@MENU@@_page_000.html?SESSIONKEY=874074
18:42:35	Request file: /jquery/jquery.min.js
18:42:35	Request file: /bootstrap/js/bootstrap.min.js
18:42:35	Request file: /js/lib.js
18:42:35	Request file: /css/maoni.css
18:42:35	Request file: /bootstrap/css/bootstrap.min.css
18:42:35	Request file: /css/dashboard.css
18:42:35	Request file: /css/animate.min.css
18:42:35	Request file: /img/menuheader.png
18:42:40	Request file: /@@MENU@@_page_101.html
18:42:40	Request file: /jquery/jquery.min.js
18:42:40	Request file: /bootstrap/js/bootstrap.min.js
18:42:40	Request file: /bootstrap/css/bootstrap.min.css
18:42:40	Request file: /css/maoni.css
18:42:40	Request file: /css/animate.min.css
18:42:42	Request file: /index.html
18:42:42	Request file: /jquery/jquery.min.js
18:42:42	Request file: /bootstrap/js/bootstrap.min.js
18:42:42	Request file: /js/sha256.js
18:42:42	Request file: /js/toastr.js
18:42:42	Request file: /js/lib.js
18:42:42	Request file: /bootstrap/css/bootstrap.min.css
18:42:43	Request file: /css/maoni.css
18:42:43	Request file: /css/signin.css
18:42:43	Request file: /css/toastr.css
18:42:43	Request file: /css/animate.min.css
