17:24:53	INICIO maoni. Escuchando en el puerto: 5555
17:26:19	Request file: /
17:26:19	Request file: /jquery/jquery.min.js
17:26:19	Request file: /bootstrap/js/bootstrap.min.js
17:26:19	Request file: /js/sha256.js
17:26:19	Request file: /bootstrap/css/bootstrap.min.css
17:26:19	Request file: /js/toastr.js
17:26:19	Request file: /css/maoni.css
17:26:19	Request file: /css/signin.css
17:26:19	Request file: /css/animate.min.css
17:26:19	Request file: /css/toastr.css
17:26:44	Request file: /jquery/jquery.min.map
17:27:33	Request file: /
17:27:33	Request file: /jquery/jquery.min.js
17:27:33	Request file: /bootstrap/js/bootstrap.min.js
17:27:33	Request file: /js/sha256.js
17:27:33	Request file: /js/toastr.js
17:27:33	Request file: /bootstrap/css/bootstrap.min.css
17:27:33	Request file: /css/maoni.css
17:27:33	Request file: /css/signin.css
17:27:33	Request file: /css/animate.min.css
17:27:33	Request file: /css/toastr.css
17:27:34	Request file: /jquery/jquery.min.map
17:28:6	Request file: /
17:28:7	Request file: /jquery/jquery.min.js
17:28:7	Request file: /bootstrap/js/bootstrap.min.js
17:28:7	Request file: /js/sha256.js
17:28:7	Request file: /js/toastr.js
17:28:7	Request file: /bootstrap/css/bootstrap.min.css
17:28:7	Request file: /css/maoni.css
17:28:7	Request file: /css/signin.css
17:28:7	Request file: /css/animate.min.css
17:28:7	Request file: /css/toastr.css
17:28:7	Request file: /jquery/jquery.min.map
17:29:3	Request file: /
17:29:3	Request file: /jquery/jquery.min.js
17:29:3	Request file: /bootstrap/js/bootstrap.min.js
17:29:3	Request file: /js/sha256.js
17:29:3	Request file: /js/toastr.js
17:29:3	Request file: /bootstrap/css/bootstrap.min.css
17:29:3	Request file: /css/maoni.css
17:29:3	Request file: /css/signin.css
17:29:3	Request file: /css/animate.min.css
17:29:3	Request file: /css/toastr.css
17:29:4	Request file: /jquery/jquery.min.map
17:55:3	INICIO maoni. Escuchando en el puerto: 5555
17:57:52	Request file: /
17:57:53	Request file: /jquery/jquery.min.js
17:57:53	Request file: /bootstrap/js/bootstrap.min.js
17:57:53	Request file: /js/sha256.js
17:57:53	Request file: /js/toastr.js
17:57:53	Request file: /bootstrap/css/bootstrap.min.css
17:57:53	Request file: /css/maoni.css
17:57:53	Request file: /css/signin.css
17:57:53	Request file: /css/animate.min.css
17:57:53	Request file: /css/toastr.css
17:57:53	Request file: /jquery/jquery.min.map
17:58:46	Request file: /
17:58:47	Request file: /jquery/jquery.min.js
17:58:47	Request file: /bootstrap/js/bootstrap.min.js
17:58:47	Request file: /js/sha256.js
17:58:47	Request file: /js/toastr.js
17:58:47	Request file: /js/lib.js
17:58:47	Request file: /bootstrap/css/bootstrap.min.css
17:58:47	Request file: /css/maoni.css
17:58:47	Request file: /css/signin.css
17:58:47	Request file: /css/animate.min.css
17:58:47	Request file: /css/toastr.css
17:58:47	Request file: /jquery/jquery.min.map
17:58:56	Request file: /BBDD
17:58:56	login -> {"f":"login","user":"maoni","pwd":"99390cfd08236787dbe95558846798013dcd060a1d6e6b49ad10a08f30eaf201"}
18:1:7	INICIO maoni. Escuchando en el puerto: 5555
18:1:38	Request file: /
18:1:39	Request file: /jquery/jquery.min.js
18:1:39	Request file: /bootstrap/js/bootstrap.min.js
18:1:39	Request file: /js/toastr.js
18:1:39	Request file: /js/lib.js
18:1:39	Request file: /bootstrap/css/bootstrap.min.css
18:1:39	Request file: /js/sha256.js
18:1:39	Request file: /css/maoni.css
18:1:39	Request file: /css/signin.css
18:1:39	Request file: /css/animate.min.css
18:1:39	Request file: /css/toastr.css
18:1:39	Request file: /jquery/jquery.min.map
18:1:40	Request file: /BBDD
18:1:40	login -> {"f":"login","user":"maoni","pwd":"e3b0c44298fc1c149afbf4c8996fb92427ae41e4649b934ca495991b7852b855"}
18:1:46	Request file: /BBDD
18:1:46	login -> {"f":"login","user":"maoni","pwd":"e3b0c44298fc1c149afbf4c8996fb92427ae41e4649b934ca495991b7852b855"}
18:1:50	Request file: /BBDD
18:1:50	login -> {"f":"login","user":"maoni","pwd":"99390cfd08236787dbe95558846798013dcd060a1d6e6b49ad10a08f30eaf201"}
18:3:6	INICIO maoni. Escuchando en el puerto: 5555
18:3:10	Request file: /
18:3:10	Request file: /jquery/jquery.min.js
18:3:10	Request file: /bootstrap/js/bootstrap.min.js
18:3:10	Request file: /js/sha256.js
18:3:10	Request file: /js/toastr.js
18:3:10	Request file: /js/lib.js
18:3:10	Request file: /bootstrap/css/bootstrap.min.css
18:3:10	Request file: /css/maoni.css
18:3:10	Request file: /css/signin.css
18:3:10	Request file: /css/animate.min.css
18:3:10	Request file: /css/toastr.css
18:3:11	Request file: /jquery/jquery.min.map
18:3:17	Request file: /BBDD
18:3:17	login -> {"f":"login","user":"maoni","pwd":"99390cfd08236787dbe95558846798013dcd060a1d6e6b49ad10a08f30eaf201"}
18:4:30	INICIO maoni. Escuchando en el puerto: 5555
18:4:37	Request file: /BBDD
18:4:37	login -> {"f":"login","user":"maoni","pwd":"99390cfd08236787dbe95558846798013dcd060a1d6e6b49ad10a08f30eaf201"}
18:5:38	INICIO maoni. Escuchando en el puerto: 5555
18:5:40	Request file: /BBDD
18:5:48	login -> {"f":"login","user":"maoni","pwd":"99390cfd08236787dbe95558846798013dcd060a1d6e6b49ad10a08f30eaf201"}
18:6:17	INICIO maoni. Escuchando en el puerto: 5555
18:6:19	Request file: /BBDD
18:6:43	login -> {"f":"login","user":"maoni","pwd":"99390cfd08236787dbe95558846798013dcd060a1d6e6b49ad10a08f30eaf201"}
18:8:10	INICIO maoni. Escuchando en el puerto: 5555
18:8:36	Request file: /BBDD
18:8:44	login -> {"f":"login","user":"maoni","pwd":"99390cfd08236787dbe95558846798013dcd060a1d6e6b49ad10a08f30eaf201"}
18:9:9	Request file: /BBDD
18:9:9	login -> {"f":"login","user":"maoni","pwd":"99390cfd08236787dbe95558846798013dcd060a1d6e6b49ad10a08f30eaf201"}
18:10:28	INICIO maoni. Escuchando en el puerto: 5555
18:10:32	Request file: /BBDD
18:10:32	login -> {"f":"login","user":"maoni","pwd":"99390cfd08236787dbe95558846798013dcd060a1d6e6b49ad10a08f30eaf201"}
18:11:14	INICIO maoni. Escuchando en el puerto: 5555
18:11:19	Request file: /BBDD
18:11:19	login -> {"f":"login","user":"maoni","pwd":"99390cfd08236787dbe95558846798013dcd060a1d6e6b49ad10a08f30eaf201"}
18:13:28	INICIO maoni. Escuchando en el puerto: 5555
18:13:30	Request file: /BBDD
18:13:30	login -> {"f":"login","user":"maoni","pwd":"99390cfd08236787dbe95558846798013dcd060a1d6e6b49ad10a08f30eaf201"}
18:14:12	INICIO maoni. Escuchando en el puerto: 5555
18:14:12	Request file: /BBDD
18:14:12	login -> {"f":"login","user":"maoni","pwd":"99390cfd08236787dbe95558846798013dcd060a1d6e6b49ad10a08f30eaf201"}
18:15:56	INICIO maoni. Escuchando en el puerto: 5555
18:16:5	Request file: /BBDD
18:16:5	login -> {"f":"login","user":"maoni","pwd":"99390cfd08236787dbe95558846798013dcd060a1d6e6b49ad10a08f30eaf201"}
18:16:27	INICIO maoni. Escuchando en el puerto: 5555
18:16:33	Request file: /BBDD
18:16:33	login -> {"f":"login","user":"maoni","pwd":"99390cfd08236787dbe95558846798013dcd060a1d6e6b49ad10a08f30eaf201"}
18:18:10	INICIO maoni. Escuchando en el puerto: 5555
18:18:39	Request file: /
18:18:39	Request file: /jquery/jquery.min.js
18:18:39	Request file: /bootstrap/js/bootstrap.min.js
18:18:39	Request file: /js/sha256.js
18:18:39	Request file: /js/lib.js
18:18:39	Request file: /js/toastr.js
18:18:39	Request file: /bootstrap/css/bootstrap.min.css
18:18:39	Request file: /css/maoni.css
18:18:39	Request file: /css/signin.css
18:18:39	Request file: /css/animate.min.css
18:18:39	Request file: /css/toastr.css
18:18:40	Request file: /jquery/jquery.min.map
18:18:46	Request file: /BBDD
18:18:46	login -> {"f":"login","user":"maoni","pwd":"99390cfd08236787dbe95558846798013dcd060a1d6e6b49ad10a08f30eaf201"}
18:18:52	Request file: /BBDD
18:18:52	login -> {"f":"login","user":"maoni","pwd":"99390cfd08236787dbe95558846798013dcd060a1d6e6b49ad10a08f30eaf201"}
18:19:5	INICIO maoni. Escuchando en el puerto: 5555
18:19:12	login -> {"f":"login","user":"maoni","pwd":"99390cfd08236787dbe95558846798013dcd060a1d6e6b49ad10a08f30eaf201"}
18:19:12	Request file: /BBDD
18:20:54	INICIO maoni. Escuchando en el puerto: 5555
18:20:58	Request file: /BBDD
18:20:58	login -> {"f":"login","user":"maoni","pwd":"99390cfd08236787dbe95558846798013dcd060a1d6e6b49ad10a08f30eaf201"}
18:21:15	INICIO maoni. Escuchando en el puerto: 5555
18:22:30	INICIO maoni. Escuchando en el puerto: 5555
18:23:39	INICIO maoni. Escuchando en el puerto: 5555
18:23:45	Request file: /BBDD
18:23:45	login -> {"f":"login","user":"maoni","pwd":"99390cfd08236787dbe95558846798013dcd060a1d6e6b49ad10a08f30eaf201"}
18:24:42	INICIO maoni. Escuchando en el puerto: 5555
18:24:48	Request file: /BBDD
18:24:48	login -> {"f":"login","user":"maoni","pwd":"99390cfd08236787dbe95558846798013dcd060a1d6e6b49ad10a08f30eaf201"}
18:25:44	INICIO maoni. Escuchando en el puerto: 5555
18:25:52	Request file: /BBDD
18:25:52	login -> {"f":"login","user":"maoni","pwd":"99390cfd08236787dbe95558846798013dcd060a1d6e6b49ad10a08f30eaf201"}
18:26:6	INICIO maoni. Escuchando en el puerto: 5555
18:26:12	Request file: /BBDD
18:26:12	login -> {"f":"login","user":"maoni","pwd":"99390cfd08236787dbe95558846798013dcd060a1d6e6b49ad10a08f30eaf201"}
18:28:51	INICIO maoni. Escuchando en el puerto: 5555
18:52:27	Request file: /BBDD
18:52:27	login -> {"f":"login","user":"maoni","pwd":"99390cfd08236787dbe95558846798013dcd060a1d6e6b49ad10a08f30eaf201"}
19:37:56	INICIO maoni. Escuchando en el puerto: 5555
19:38:2	Request file: /BBDD
19:38:2	login -> {"f":"login","user":"maoni","pwd":"aaba0ebfc3b4f189e99825703b38adc970256cc864e92aa206809aea9116f685"}
19:39:38	INICIO maoni. Escuchando en el puerto: 5555
19:43:16	Request file: /BBDD
19:43:16	login -> {"f":"login","user":"maoni","pwd":"aaba0ebfc3b4f189e99825703b38adc970256cc864e92aa206809aea9116f685"}
19:43:31	Request file: /BBDD
19:43:31	login -> {"f":"login","user":"maoni","pwd":"aaba0ebfc3b4f189e99825703b38adc970256cc864e92aa206809aea9116f685"}
19:43:51	INICIO maoni. Escuchando en el puerto: 5555
19:43:55	Request file: /BBDD
19:43:55	login -> {"f":"login","user":"maoni","pwd":"aaba0ebfc3b4f189e99825703b38adc970256cc864e92aa206809aea9116f685"}
19:44:6	Request file: /BBDD
19:44:6	login -> {"f":"login","user":"maoni","pwd":"aaba0ebfc3b4f189e99825703b38adc970256cc864e92aa206809aea9116f685"}
19:44:6	Request file: /BBDD
19:44:6	login -> {"f":"login","user":"maoni","pwd":"aaba0ebfc3b4f189e99825703b38adc970256cc864e92aa206809aea9116f685"}
19:44:6	Request file: /BBDD
19:44:6	login -> {"f":"login","user":"maoni","pwd":"aaba0ebfc3b4f189e99825703b38adc970256cc864e92aa206809aea9116f685"}
19:44:6	Request file: /BBDD
19:44:6	login -> {"f":"login","user":"maoni","pwd":"aaba0ebfc3b4f189e99825703b38adc970256cc864e92aa206809aea9116f685"}
19:44:6	Request file: /BBDD
19:44:6	login -> {"f":"login","user":"maoni","pwd":"aaba0ebfc3b4f189e99825703b38adc970256cc864e92aa206809aea9116f685"}
19:44:6	Request file: /BBDD
19:44:6	login -> {"f":"login","user":"maoni","pwd":"aaba0ebfc3b4f189e99825703b38adc970256cc864e92aa206809aea9116f685"}
19:44:15	Request file: /BBDD
19:44:15	login -> {"f":"login","user":"maoni","pwd":"aaba0ebfc3b4f189e99825703b38adc970256cc864e92aa206809aea9116f685"}
19:44:28	Request file: /BBDD
19:44:28	login -> {"f":"login","user":"maoni","pwd":"99390cfd08236787dbe95558846798013dcd060a1d6e6b49ad10a08f30eaf201"}
19:44:38	Request file: /BBDD
19:44:38	login -> {"f":"login","user":"maoni","pwd":"99390cfd08236787dbe95558846798013dcd060a1d6e6b49ad10a08f30eaf201"}
19:45:14	INICIO maoni. Escuchando en el puerto: 5555
19:45:39	Request file: /BBDD
19:45:39	login -> {"f":"login","user":"maoni","pwd":"99390cfd08236787dbe95558846798013dcd060a1d6e6b49ad10a08f30eaf201"}
19:45:51	Request file: /BBDD
19:45:51	login -> {"f":"login","user":"maoni","pwd":"99390cfd08236787dbe95558846798013dcd060a1d6e6b49ad10a08f30eaf201"}
19:47:8	Request file: /
19:47:8	Request file: /jquery/jquery.min.js
19:47:8	Request file: /bootstrap/js/bootstrap.min.js
19:47:8	Request file: /js/sha256.js
19:47:8	Request file: /js/toastr.js
19:47:8	Request file: /js/lib.js
19:47:8	Request file: /bootstrap/css/bootstrap.min.css
19:47:8	Request file: /css/maoni.css
19:47:8	Request file: /css/signin.css
19:47:8	Request file: /css/animate.min.css
19:47:8	Request file: /css/toastr.css
19:47:8	Request file: /jquery/jquery.min.map
19:47:15	Request file: /BBDD
19:47:15	login -> {"f":"login","user":"maoni","pwd":"1f738001f9b37aeca7fea88fd3b33865dc8e3cd6b8a18d7d4e435a072bfe36a1"}
19:47:20	Request file: /BBDD
19:47:20	login -> {"f":"login","user":"maoni","pwd":"1f738001f9b37aeca7fea88fd3b33865dc8e3cd6b8a18d7d4e435a072bfe36a1"}
19:47:57	INICIO maoni. Escuchando en el puerto: 5555
19:48:15	INICIO maoni. Escuchando en el puerto: 5555
19:48:31	Request file: /
19:48:31	Request file: /jquery/jquery.min.js
19:48:31	Request file: /bootstrap/js/bootstrap.min.js
19:48:31	Request file: /js/sha256.js
19:48:31	Request file: /js/toastr.js
19:48:31	Request file: /bootstrap/css/bootstrap.min.css
19:48:31	Request file: /js/lib.js
19:48:31	Request file: /css/maoni.css
19:48:31	Request file: /css/signin.css
19:48:31	Request file: /css/animate.min.css
19:48:31	Request file: /css/toastr.css
19:48:32	Request file: /jquery/jquery.min.map
19:48:35	login -> {"f":"login","user":"maoni","pwd":"e3b0c44298fc1c149afbf4c8996fb92427ae41e4649b934ca495991b7852b855"}
19:48:35	Request file: /BBDD
19:48:42	Request file: /BBDD
19:48:42	login -> {"f":"login","user":"maoni","pwd":"1f738001f9b37aeca7fea88fd3b33865dc8e3cd6b8a18d7d4e435a072bfe36a1"}
19:48:48	Request file: /BBDD
19:48:48	login -> {"f":"login","user":"maoni","pwd":"99390cfd08236787dbe95558846798013dcd060a1d6e6b49ad10a08f30eaf201"}
19:49:17	Request file: /BBDD
19:49:17	login -> {"f":"login","user":"maoni","pwd":"99390cfd08236787dbe95558846798013dcd060a1d6e6b49ad10a08f30eaf201"}
19:50:12	Request file: /BBDD
19:50:12	login -> {"f":"login","user":"maoni","pwd":"1f738001f9b37aeca7fea88fd3b33865dc8e3cd6b8a18d7d4e435a072bfe36a1"}
19:50:41	Request file: /
19:50:41	Request file: /jquery/jquery.min.js
19:50:41	Request file: /bootstrap/js/bootstrap.min.js
19:50:41	Request file: /js/sha256.js
19:50:41	Request file: /js/toastr.js
19:50:41	Request file: /js/lib.js
19:50:41	Request file: /bootstrap/css/bootstrap.min.css
19:50:41	Request file: /css/maoni.css
19:50:41	Request file: /css/signin.css
19:50:41	Request file: /css/animate.min.css
19:50:41	Request file: /css/toastr.css
19:50:42	Request file: /jquery/jquery.min.map
19:50:44	Request file: /BBDD
19:50:44	login -> {"f":"login","user":"maoni","pwd":"e3b0c44298fc1c149afbf4c8996fb92427ae41e4649b934ca495991b7852b855"}
19:50:49	Request file: /BBDD
19:50:49	login -> {"f":"login","user":"maoni","pwd":"99390cfd08236787dbe95558846798013dcd060a1d6e6b49ad10a08f30eaf201"}
19:53:20	Request file: /
19:53:20	Request file: /jquery/jquery.min.js
19:53:20	Request file: /bootstrap/js/bootstrap.min.js
19:53:20	Request file: /js/sha256.js
19:53:20	Request file: /js/toastr.js
19:53:20	Request file: /js/lib.js
19:53:20	Request file: /bootstrap/css/bootstrap.min.css
19:53:21	Request file: /css/maoni.css
19:53:21	Request file: /css/signin.css
19:53:21	Request file: /css/animate.min.css
19:53:21	Request file: /css/toastr.css
19:53:21	Request file: /jquery/jquery.min.map
19:53:24	Request file: /BBDD
19:53:24	login -> {"f":"login","user":"maoni","pwd":"e3b0c44298fc1c149afbf4c8996fb92427ae41e4649b934ca495991b7852b855"}
19:53:25	Request file: /BBDD
19:53:25	login -> {"f":"login","user":"maoni","pwd":"e3b0c44298fc1c149afbf4c8996fb92427ae41e4649b934ca495991b7852b855"}
19:53:30	Request file: /BBDD
19:53:30	login -> {"f":"login","user":"maoni","pwd":"15d573d5be5ae8a8817f9ea2193761061ee7c19381e272633629a986ed8834c2"}
19:54:35	INICIO maoni. Escuchando en el puerto: 5555
19:54:37	Request file: /
19:54:37	Request file: /jquery/jquery.min.js
19:54:37	Request file: /bootstrap/js/bootstrap.min.js
19:54:37	Request file: /js/sha256.js
19:54:37	Request file: /js/toastr.js
19:54:37	Request file: /js/lib.js
19:54:37	Request file: /bootstrap/css/bootstrap.min.css
19:54:37	Request file: /css/maoni.css
19:54:37	Request file: /css/signin.css
19:54:37	Request file: /css/animate.min.css
19:54:37	Request file: /css/toastr.css
19:54:38	Request file: /jquery/jquery.min.map
19:54:43	Request file: /BBDD
19:54:43	login -> {"f":"login","user":"maoni","pwd":"99390cfd08236787dbe95558846798013dcd060a1d6e6b49ad10a08f30eaf201"}
19:57:34	INICIO maoni. Escuchando en el puerto: 5555
19:57:40	Request file: /
19:57:40	Request file: /jquery/jquery.min.js
19:57:40	Request file: /bootstrap/js/bootstrap.min.js
19:57:40	Request file: /js/sha256.js
19:57:40	Request file: /js/toastr.js
19:57:41	Request file: /js/lib.js
19:57:41	Request file: /bootstrap/css/bootstrap.min.css
19:57:41	Request file: /css/maoni.css
19:57:41	Request file: /css/signin.css
19:57:41	Request file: /css/animate.min.css
19:57:41	Request file: /css/toastr.css
19:57:41	Request file: /jquery/jquery.min.map
19:57:44	Request file: /BBDD
19:57:44	login -> {"f":"login","user":"maoni","pwd":"e3b0c44298fc1c149afbf4c8996fb92427ae41e4649b934ca495991b7852b855"}
19:57:45	Request file: /BBDD
19:57:45	login -> {"f":"login","user":"maoni","pwd":"e3b0c44298fc1c149afbf4c8996fb92427ae41e4649b934ca495991b7852b855"}
19:57:50	Request file: /BBDD
19:57:50	login -> {"f":"login","user":"maoni","pwd":"99390cfd08236787dbe95558846798013dcd060a1d6e6b49ad10a08f30eaf201"}
19:57:57	Request file: /BBDD
19:57:57	login -> {"f":"login","user":"maoni","pwd":"1f738001f9b37aeca7fea88fd3b33865dc8e3cd6b8a18d7d4e435a072bfe36a1"}
19:58:3	Request file: /BBDD
19:58:3	login -> {"f":"login","user":"maoni","pwd":"99390cfd08236787dbe95558846798013dcd060a1d6e6b49ad10a08f30eaf201"}
19:58:7	Request file: /BBDD
