13:9:47	INICIO ENVIO EMAILS....
13:9:50	INICIO maoni. Escuchando en el puerto: 5555
13:10:2	Server is ready to take our messages
13:10:23	INICIO ENVIO EMAILS....
13:10:23	INICIO maoni. Escuchando en el puerto: 5555
13:11:33	INICIO ENVIO EMAILS....
13:11:33	INICIO maoni. Escuchando en el puerto: 5555
13:11:34	Server is ready to take our messages
13:12:15	1 Grupo Hoteles Prestige
13:12:15	1000 UHR & Co Hoteliers
13:12:59	INICIO ENVIO EMAILS....
13:12:59	INICIO maoni. Escuchando en el puerto: 5555
13:13:0	Server is ready to take our messages
13:13:1	1000 UHR & Co Hoteliers
13:13:1	1 Grupo Hoteles Prestige
13:13:1	  2 Hotel Barcelona Mar
13:13:1	  1 Hotel Princesa Sofía
13:14:24	INICIO ENVIO EMAILS....
13:14:24	INICIO maoni. Escuchando en el puerto: 5555
13:14:24	Server is ready to take our messages
13:14:25	1000 UHR & Co Hoteliers
13:14:25	1 Grupo Hoteles Prestige
13:14:25	  2 Hotel Barcelona Mar
13:14:25	  1 Hotel Princesa Sofía
13:14:25	    ES \inmail\inmail_es.html
13:14:25	  1003 Sitges Playa
13:14:25	  1001 Molí del Mig
13:14:25	  1002 Palacio de Oriol
13:15:13	INICIO ENVIO EMAILS....
13:15:13	INICIO maoni. Escuchando en el puerto: 5555
13:15:13	Server is ready to take our messages
13:15:14	1 Grupo Hoteles Prestige
13:15:14	1000 UHR & Co Hoteliers
13:15:14	  1 Hotel Princesa Sofía
13:15:14	  2 Hotel Barcelona Mar
13:15:15	  1001 Molí del Mig
13:15:15	  1002 Palacio de Oriol
13:15:15	  1003 Sitges Playa
13:15:15	    ES \inmail\inmail_es.html
13:16:46	INICIO ENVIO EMAILS....
13:16:46	INICIO maoni. Escuchando en el puerto: 5555
13:16:46	Server is ready to take our messages
13:16:48	1 Grupo Hoteles Prestige
13:16:48	1000 UHR & Co Hoteliers
13:16:48	  1 Hotel Princesa Sofía
13:16:48	  2 Hotel Barcelona Mar
13:16:48	  1001 Molí del Mig
13:16:48	  1002 Palacio de Oriol
13:16:48	  1003 Sitges Playa
13:23:42	INICIO ENVIO EMAILS....
13:23:42	INICIO maoni. Escuchando en el puerto: 5555
13:23:43	Server is ready to take our messages
13:23:44	1 Grupo Hoteles Prestige
13:23:44	1000 UHR & Co Hoteliers
13:23:44	  1 Hotel Princesa Sofía
13:23:44	  2 Hotel Barcelona Mar
13:24:21	INICIO ENVIO EMAILS....
13:24:21	INICIO maoni. Escuchando en el puerto: 5555
13:24:22	Server is ready to take our messages
13:24:23	1 Grupo Hoteles Prestige
13:24:23	1000 UHR & Co Hoteliers
13:24:23	  1 Hotel Princesa Sofía
13:24:23	  2 Hotel Barcelona Mar
13:24:23	    ES \inmail\inmail_es.html
13:24:29	  1001 Molí del Mig
13:24:29	  1002 Palacio de Oriol
13:24:29	  1003 Sitges Playa
13:27:7	INICIO ENVIO EMAILS....
13:27:7	INICIO maoni. Escuchando en el puerto: 5555
13:27:7	Server is ready to take our messages
13:27:9	1 Grupo Hoteles Prestige
13:27:9	1000 UHR & Co Hoteliers
13:27:9	  1 Hotel Princesa Sofía
13:27:9	  2 Hotel Barcelona Mar
13:27:9	    ES \inmail\inmail_es.html
13:27:16	  1001 Molí del Mig
13:27:16	  1002 Palacio de Oriol
13:27:16	  1003 Sitges Playa
13:27:16	    ES \inmail\inmail_es.html
13:27:21	      EMAIL TO: rafael.dejorge@onacorporation.com
13:27:21	      EMAIL TO: emilio@onacorporation.com
13:27:21	      EMAIL TO: xcastv@gmail.com
13:27:22	Message sent: 250 OK id=1dw54I-003NOZ-3a
13:27:22	Message sent: 250 OK id=1dw54I-003NOY-3c
13:27:22	Message sent: 250 OK id=1dw54I-003NOa-4I
13:57:11	INICIO ENVIO EMAILS....
13:57:11	1 Grupo Hoteles Prestige
13:57:11	1000 UHR & Co Hoteliers
13:57:11	  2 Hotel Barcelona Mar
13:57:11	  1 Hotel Princesa Sofía
13:57:11	  1001 Molí del Mig
13:57:11	  1002 Palacio de Oriol
13:57:11	  1003 Sitges Playa
