11:15:13	INICIO maoni. Escuchando en el puerto: 5555
11:15:26	Request file: /
11:15:26	Request file: /jquery/jquery.min.js
11:15:26	Request file: /bootstrap/js/bootstrap.min.js
11:15:26	Request file: /js/sha256.js
11:15:26	Request file: /css/maoni.css
11:15:26	Request file: /bootstrap/css/bootstrap.min.css
11:15:26	Request file: /css/signin.css
11:15:26	Request file: /css/animate.min.css
11:25:12	Request file: /
11:25:12	Request file: /jquery/jquery.min.js
11:25:12	Request file: /bootstrap/js/bootstrap.min.js
11:25:12	Request file: /js/sha256.js
11:25:12	Request file: /bootstrap/css/bootstrap.min.css
11:25:12	Request file: /css/maoni.css
11:25:12	Request file: /css/signin.css
11:25:12	Request file: /css/animate.min.css
11:25:45	Request file: /
11:25:45	Request file: /jquery/jquery.min.js
11:25:45	Request file: /bootstrap/js/bootstrap.min.js
11:25:45	Request file: /js/sha256.js
11:25:45	Request file: /bootstrap/css/bootstrap.min.css
11:25:45	Request file: /css/maoni.css
11:25:45	Request file: /css/signin.css
11:25:45	Request file: /css/animate.min.css
11:25:45	Request file: /css/toastr.min.css
11:25:54	Request file: /jquery/jquery.min.map
11:30:4	Request file: /
11:30:4	Request file: /js/toastr.js
11:30:4	Request file: /css/toastr.min.css
11:30:4	Request file: /jquery/jquery.min.js
11:30:4	Request file: /bootstrap/js/bootstrap.min.js
11:30:4	Request file: /js/sha256.js
11:30:4	Request file: /bootstrap/css/bootstrap.min.css
11:30:4	Request file: /css/maoni.css
11:30:4	Request file: /css/signin.css
11:30:4	Request file: /css/animate.min.css
11:30:4	Request file: /jquery/jquery.min.map
11:30:4	Request file: /js/toastr.js
11:30:13	Request file: /
11:30:13	Request file: /jquery/jquery.min.js
11:30:13	Request file: /bootstrap/js/bootstrap.min.js
11:30:13	Request file: /js/sha256.js
11:30:13	Request file: /js/toastr.js
11:30:13	Request file: /bootstrap/css/bootstrap.min.css
11:30:13	Request file: /css/maoni.css
11:30:13	Request file: /css/signin.css
11:30:13	Request file: /css/animate.min.css
11:30:13	Request file: /css/toastr.min.css
11:30:13	Request file: /js/toastr.js
11:30:29	Request file: /jquery/jquery.min.map
11:30:52	Request file: /
11:30:52	Request file: /jquery/jquery.min.js
11:30:52	Request file: /bootstrap/js/bootstrap.min.js
11:30:52	Request file: /js/sha256.js
11:30:52	Request file: /js/toastr.js
11:30:52	Request file: /bootstrap/css/bootstrap.min.css
11:30:52	Request file: /css/maoni.css
11:30:52	Request file: /css/signin.css
11:30:52	Request file: /css/animate.min.css
11:30:52	Request file: /css/toastr.min.css
11:30:52	Request file: /jquery/jquery.min.map
11:32:8	Request file: /
11:32:8	Request file: /jquery/jquery.min.js
11:32:8	Request file: /bootstrap/js/bootstrap.min.js
11:32:8	Request file: /js/sha256.js
11:32:8	Request file: /js/toastr.js
11:32:8	Request file: /bootstrap/css/bootstrap.min.css
11:32:8	Request file: /css/maoni.css
11:32:8	Request file: /css/animate.min.css
11:32:8	Request file: /css/toastr.min.css
11:32:8	Request file: /css/signin.css
11:35:38	Request file: /
11:35:38	Request file: /jquery/jquery.min.js
11:35:38	Request file: /css/maoni.css
11:35:38	Request file: /css/signin.css
11:35:38	Request file: /css/animate.min.css
11:35:38	Request file: /css/toastr.css
11:35:38	Request file: /bootstrap/js/bootstrap.min.js
11:35:38	Request file: /js/sha256.js
11:35:38	Request file: /js/toastr.js
11:35:38	Request file: /bootstrap/css/bootstrap.min.css
