8:54:46	INICIO maoni. Escuchando en el puerto: 5555
8:58:28	INICIO maoni. Escuchando en el puerto: 5555
8:58:42	Request file: /
8:58:43	Request file: /jquery/jquery.min.js
8:58:43	Request file: /bootstrap/js/bootstrap.min.js
8:58:43	Request file: /js/sha256.js
8:58:43	Request file: /js/toastr.js
8:58:43	Request file: /bootstrap/css/bootstrap.min.css
8:58:43	Request file: /css/maoni.css
8:58:43	Request file: /css/signin.css
8:58:43	Request file: /css/animate.min.css
8:58:43	Request file: /css/toastr.css
8:58:49	Request file: /@@MENU@@_page_000.html
8:58:49	Request file: /jquery/jquery.min.js
8:58:49	Request file: /bootstrap/js/bootstrap.min.js
8:58:49	Request file: /js/lib.js
8:58:49	Request file: /bootstrap/css/bootstrap.min.css
8:58:49	Request file: /css/maoni.css
8:58:49	Request file: /css/dashboard.css
8:58:49	Request file: /css/animate.min.css
8:58:49	Request file: /img/menuheader.png
8:58:59	Request file: /@@MENU@@_page_101.html
8:58:59	Request file: /jquery/jquery.min.js
8:58:59	Request file: /bootstrap/js/bootstrap.min.js
8:58:59	Request file: /js/lib.js
8:58:59	Request file: /bootstrap/css/bootstrap.min.css
8:58:59	Request file: /css/maoni.css
8:58:59	Request file: /css/dashboard.css
8:58:59	Request file: /css/animate.min.css
8:58:59	Request file: /BBDD
8:58:59	sel_all_from_users -> {"f":"sel_all_from_users"}
8:58:59	Request file: /bootstrap/fonts/glyphicons-halflings-regular.woff2
8:58:59	Request file: /bootstrap/fonts/glyphicons-halflings-regular.woff
9:0:52	Request file: /@@MENU@@_page_001.html
9:0:52	Request file: /jquery/jquery.min.js
9:0:52	Request file: /bootstrap/js/bootstrap.min.js
9:0:52	Request file: /js/lib.js
9:0:52	Request file: /bootstrap/css/bootstrap.min.css
9:0:52	Request file: /css/maoni.css
9:0:52	Request file: /css/dashboard.css
9:0:52	Request file: /css/animate.min.css
9:0:52	Request file: /img/menuheader.png
9:0:53	Request file: /@@MENU@@_page_002.html
9:0:53	Request file: /jquery/jquery.min.js
9:0:53	Request file: /bootstrap/js/bootstrap.min.js
9:0:53	Request file: /js/lib.js
9:0:53	Request file: /bootstrap/css/bootstrap.min.css
9:0:53	Request file: /css/maoni.css
9:0:53	Request file: /css/dashboard.css
9:0:53	Request file: /css/animate.min.css
9:0:53	Request file: /img/menuheader.png
9:1:2	Request file: /@@MENU@@_page_101.html
9:1:2	Request file: /jquery/jquery.min.js
9:1:2	Request file: /bootstrap/js/bootstrap.min.js
9:1:2	Request file: /js/lib.js
9:1:2	Request file: /bootstrap/css/bootstrap.min.css
9:1:2	Request file: /css/maoni.css
9:1:2	Request file: /css/dashboard.css
9:1:2	Request file: /css/animate.min.css
9:1:2	Request file: /bootstrap/fonts/glyphicons-halflings-regular.woff2
9:1:2	Request file: /BBDD
9:1:2	sel_all_from_users -> {"f":"sel_all_from_users"}
9:2:11	Request file: /@@MENU@@_page_001.html
9:2:11	Request file: /jquery/jquery.min.js
9:2:11	Request file: /bootstrap/js/bootstrap.min.js
9:2:11	Request file: /js/lib.js
9:2:11	Request file: /bootstrap/css/bootstrap.min.css
9:2:11	Request file: /css/maoni.css
9:2:11	Request file: /css/dashboard.css
9:2:11	Request file: /css/animate.min.css
9:2:11	Request file: /img/menuheader.png
9:6:2	Request file: /@@MENU@@_page_101.html
9:6:2	Request file: /jquery/jquery.min.js
9:6:2	Request file: /bootstrap/js/bootstrap.min.js
9:6:2	Request file: /js/lib.js
9:6:2	Request file: /bootstrap/css/bootstrap.min.css
9:6:2	Request file: /css/maoni.css
9:6:2	Request file: /css/dashboard.css
9:6:2	Request file: /css/animate.min.css
9:6:2	Request file: /BBDD
9:6:2	sel_all_from_users -> {"f":"sel_all_from_users"}
9:6:2	Request file: /bootstrap/fonts/glyphicons-halflings-regular.woff2
9:12:24	Request file: /@@MENU@@_page_101.html
9:12:24	Request file: /jquery/jquery.min.js
9:12:24	Request file: /bootstrap/js/bootstrap.min.js
9:12:24	Request file: /js/lib.js
9:12:24	Request file: /bootstrap/css/bootstrap.min.css
9:12:24	Request file: /css/maoni.css
9:12:24	Request file: /css/dashboard.css
9:12:24	Request file: /css/animate.min.css
9:12:25	Request file: /BBDD
9:12:25	sel_all_from_users -> {"f":"sel_all_from_users"}
9:12:25	Request file: /bootstrap/fonts/glyphicons-halflings-regular.woff2
9:12:32	Request file: /@@MENU@@_page_101.html
9:12:32	Request file: /jquery/jquery.min.js
9:12:32	Request file: /bootstrap/js/bootstrap.min.js
9:12:32	Request file: /js/lib.js
9:12:32	Request file: /bootstrap/css/bootstrap.min.css
9:12:32	Request file: /css/maoni.css
9:12:32	Request file: /css/dashboard.css
9:12:32	Request file: /css/animate.min.css
9:12:32	Request file: /BBDD
9:12:32	sel_all_from_users -> {"f":"sel_all_from_users"}
9:12:32	Request file: /bootstrap/fonts/glyphicons-halflings-regular.woff2
9:12:58	Request file: /@@MENU@@_page_101.html
9:12:58	Request file: /jquery/jquery.min.js
9:12:58	Request file: /bootstrap/js/bootstrap.min.js
9:12:58	Request file: /js/lib.js
9:12:58	Request file: /bootstrap/css/bootstrap.min.css
9:12:58	Request file: /css/maoni.css
9:12:58	Request file: /css/dashboard.css
9:12:58	Request file: /css/animate.min.css
9:13:37	INICIO maoni. Escuchando en el puerto: 5555
9:13:46	Request file: /@@MENU@@_page_101.html
9:13:46	Request file: /jquery/jquery.min.js
9:13:46	Request file: /bootstrap/js/bootstrap.min.js
9:13:46	Request file: /js/lib.js
9:13:46	Request file: /bootstrap/css/bootstrap.min.css
9:13:46	Request file: /css/maoni.css
9:13:46	Request file: /css/dashboard.css
9:13:46	Request file: /css/animate.min.css
9:13:46	Request file: /BBDD
9:13:46	sel_all_from_users -> {"f":"sel_all_from_users"}
9:14:10	Request file: /bootstrap/fonts/glyphicons-halflings-regular.woff2
9:14:10	Request file: /@@MENU@@_page_101.html
9:14:10	Request file: /jquery/jquery.min.js
9:14:10	Request file: /bootstrap/js/bootstrap.min.js
9:14:10	Request file: /js/lib.js
9:14:10	Request file: /bootstrap/css/bootstrap.min.css
9:14:10	Request file: /css/maoni.css
9:14:10	Request file: /css/dashboard.css
9:14:10	Request file: /css/animate.min.css
9:14:27	Request file: /BBDD
9:14:27	sel_all_from_users -> {"f":"sel_all_from_users"}
9:14:27	Request file: /bootstrap/fonts/glyphicons-halflings-regular.woff2
9:14:38	Request file: /@@MENU@@_page_102.html
9:14:38	Request file: /jquery/jquery.min.js
9:14:38	Request file: /bootstrap/js/bootstrap.min.js
9:14:38	Request file: /js/lib.js
9:14:38	Request file: /bootstrap/css/bootstrap.min.css
9:14:38	Request file: /css/maoni.css
9:14:38	Request file: /css/dashboard.css
9:14:38	Request file: /css/animate.min.css
9:14:38	Request file: /bootstrap/fonts/glyphicons-halflings-regular.woff2
9:14:41	Request file: /@@MENU@@_page_101.html
9:14:41	Request file: /jquery/jquery.min.js
9:14:41	Request file: /bootstrap/js/bootstrap.min.js
9:14:41	Request file: /js/lib.js
9:14:41	Request file: /bootstrap/css/bootstrap.min.css
9:14:41	Request file: /css/maoni.css
9:14:41	Request file: /css/dashboard.css
9:14:41	Request file: /css/animate.min.css
9:14:41	Request file: /BBDD
9:14:41	sel_all_from_users -> {"f":"sel_all_from_users"}
9:15:7	Request file: /bootstrap/fonts/glyphicons-halflings-regular.woff2
9:15:7	Request file: /@@MENU@@_page_101.html
9:15:7	Request file: /jquery/jquery.min.js
9:15:7	Request file: /bootstrap/js/bootstrap.min.js
9:15:7	Request file: /js/lib.js
9:15:7	Request file: /bootstrap/css/bootstrap.min.css
9:15:7	Request file: /css/maoni.css
9:15:7	Request file: /css/dashboard.css
9:15:7	Request file: /css/animate.min.css
9:15:7	Request file: /bootstrap/fonts/glyphicons-halflings-regular.woff2
9:15:7	Request file: /BBDD
9:15:7	sel_all_from_users -> {"f":"sel_all_from_users"}
9:15:17	Request file: /@@MENU@@_page_102.html
9:15:17	Request file: /jquery/jquery.min.js
9:15:17	Request file: /bootstrap/js/bootstrap.min.js
9:15:17	Request file: /js/lib.js
9:15:17	Request file: /bootstrap/css/bootstrap.min.css
9:15:17	Request file: /css/maoni.css
9:15:17	Request file: /css/dashboard.css
9:15:17	Request file: /css/animate.min.css
9:15:17	Request file: /bootstrap/fonts/glyphicons-halflings-regular.woff2
9:15:19	Request file: /@@MENU@@_page_101.html
9:15:19	Request file: /jquery/jquery.min.js
9:15:19	Request file: /bootstrap/js/bootstrap.min.js
9:15:19	Request file: /js/lib.js
9:15:19	Request file: /bootstrap/css/bootstrap.min.css
9:15:19	Request file: /css/maoni.css
9:15:19	Request file: /css/dashboard.css
9:15:19	Request file: /css/animate.min.css
9:15:19	Request file: /BBDD
9:15:19	sel_all_from_users -> {"f":"sel_all_from_users"}
9:15:19	Request file: /bootstrap/fonts/glyphicons-halflings-regular.woff2
9:15:57	Request file: /@@MENU@@_page_102.html
9:15:57	Request file: /jquery/jquery.min.js
9:15:57	Request file: /bootstrap/js/bootstrap.min.js
9:15:57	Request file: /js/lib.js
9:15:57	Request file: /bootstrap/css/bootstrap.min.css
9:15:57	Request file: /css/maoni.css
9:15:57	Request file: /css/dashboard.css
9:15:57	Request file: /css/animate.min.css
9:15:57	Request file: /bootstrap/fonts/glyphicons-halflings-regular.woff2
9:16:0	Request file: /@@MENU@@_page_101.html
9:16:0	Request file: /jquery/jquery.min.js
9:16:0	Request file: /bootstrap/js/bootstrap.min.js
9:16:0	Request file: /js/lib.js
9:16:0	Request file: /bootstrap/css/bootstrap.min.css
9:16:0	Request file: /css/maoni.css
9:16:0	Request file: /css/dashboard.css
9:16:0	Request file: /css/animate.min.css
9:16:0	Request file: /BBDD
9:16:0	sel_all_from_users -> {"f":"sel_all_from_users"}
9:16:0	Request file: /bootstrap/fonts/glyphicons-halflings-regular.woff2
9:30:23	Request file: /@@MENU@@_page_101.html
9:30:23	Request file: /jquery/jquery.min.js
9:30:23	Request file: /bootstrap/js/bootstrap.min.js
9:30:23	Request file: /js/lib.js
9:30:23	Request file: /bootstrap/css/bootstrap.min.css
9:30:23	Request file: /css/maoni.css
9:30:23	Request file: /css/dashboard.css
9:30:23	Request file: /css/animate.min.css
9:30:23	Request file: /BBDD
9:30:23	sel_all_from_users -> {"f":"sel_all_from_users"}
9:30:23	Request file: /bootstrap/fonts/glyphicons-halflings-regular.woff2
