12:37:25	INICIO maoni. Escuchando en el puerto: 5555
12:37:35	Request file: /
12:37:35	Request file: /jquery/jquery.min.js
12:37:35	Request file: /bootstrap/js/bootstrap.min.js
12:37:35	Request file: /js/sha256.js
12:37:35	Request file: /js/toastr.js
12:37:35	Request file: /js/lib.js
12:37:35	Request file: /bootstrap/css/bootstrap.min.css
12:37:35	Request file: /css/maoni.css
12:37:35	Request file: /css/signin.css
12:37:35	Request file: /css/animate.min.css
12:37:35	Request file: /css/toastr.css
12:37:40	Request file: /BBDD
12:37:40	login -> {"f":"login","user":"","pwd":"e3b0c44298fc1c149afbf4c8996fb92427ae41e4649b934ca495991b7852b855"}
12:37:48	Request file: /BBDD
12:37:48	login -> {"f":"login","user":"","pwd":"e3b0c44298fc1c149afbf4c8996fb92427ae41e4649b934ca495991b7852b855"}
12:37:56	Request file: /BBDD
12:37:56	login -> {"f":"login","user":"maoni","pwd":"259a7a1daceb70433f2208f500de949a170274587f51e69ea21999a2cc46bc89"}
12:38:4	Request file: /BBDD
12:38:4	login -> {"f":"login","user":"maoni","pwd":"99390cfd08236787dbe95558846798013dcd060a1d6e6b49ad10a08f30eaf201"}
12:38:16	Request file: /BBDD
12:38:16	login -> {"f":"login","user":"maoni","pwd":"501b014e9d9316af9dbad92c9c2c24b947cc03024bfb956e61363eb917f2b789"}
12:38:18	Request file: /BBDD
12:38:18	login -> {"f":"login","user":"maoni","pwd":"501b014e9d9316af9dbad92c9c2c24b947cc03024bfb956e61363eb917f2b789"}
12:38:20	Request file: /BBDD
12:38:20	login -> {"f":"login","user":"maoni","pwd":"501b014e9d9316af9dbad92c9c2c24b947cc03024bfb956e61363eb917f2b789"}
12:39:11	INICIO maoni. Escuchando en el puerto: 5555
12:39:16	Request file: /
12:39:16	Request file: /jquery/jquery.min.js
12:39:16	Request file: /bootstrap/js/bootstrap.min.js
12:39:16	Request file: /js/sha256.js
12:39:16	Request file: /js/toastr.js
12:39:16	Request file: /js/lib.js
12:39:16	Request file: /bootstrap/css/bootstrap.min.css
12:39:16	Request file: /css/maoni.css
12:39:16	Request file: /css/signin.css
12:39:16	Request file: /css/toastr.css
12:39:16	Request file: /css/animate.min.css
12:39:22	Request file: /BBDD
12:39:22	login -> {"f":"login","user":"maoni","pwd":"99390cfd08236787dbe95558846798013dcd060a1d6e6b49ad10a08f30eaf201"}
12:40:12	INICIO maoni. Escuchando en el puerto: 5555
12:40:18	Request file: /BBDD
12:40:18	login -> {"f":"login","user":"maoni","pwd":"99390cfd08236787dbe95558846798013dcd060a1d6e6b49ad10a08f30eaf201"}
12:40:27	Request file: /jquery/jquery.min.map
12:40:48	Request file: /
12:40:48	Request file: /jquery/jquery.min.js
12:40:48	Request file: /bootstrap/js/bootstrap.min.js
12:40:48	Request file: /js/toastr.js
12:40:48	Request file: /js/sha256.js
12:40:48	Request file: /js/lib.js
12:40:48	Request file: /bootstrap/css/bootstrap.min.css
12:40:48	Request file: /css/maoni.css
12:40:48	Request file: /css/signin.css
12:40:48	Request file: /css/animate.min.css
12:40:48	Request file: /css/toastr.css
12:40:48	Request file: /jquery/jquery.min.map
12:40:54	Request file: /BBDD
12:40:54	login -> {"f":"login","user":"maoni","pwd":"99390cfd08236787dbe95558846798013dcd060a1d6e6b49ad10a08f30eaf201"}
12:42:7	Request file: /
12:42:7	Request file: /jquery/jquery.min.js
12:42:7	Request file: /bootstrap/js/bootstrap.min.js
12:42:7	Request file: /js/sha256.js
12:42:7	Request file: /js/toastr.js
12:42:7	Request file: /js/lib.js
12:42:7	Request file: /bootstrap/css/bootstrap.min.css
12:42:7	Request file: /css/maoni.css
12:42:7	Request file: /css/signin.css
12:42:7	Request file: /css/animate.min.css
12:42:7	Request file: /css/toastr.css
12:42:7	Request file: /jquery/jquery.min.map
12:42:36	Request file: /
12:42:36	Request file: /jquery/jquery.min.js
12:42:36	Request file: /bootstrap/js/bootstrap.min.js
12:42:36	Request file: /js/sha256.js
12:42:36	Request file: /js/toastr.js
12:42:36	Request file: /js/lib.js
12:42:36	Request file: /bootstrap/css/bootstrap.min.css
12:42:36	Request file: /css/maoni.css
12:42:36	Request file: /css/signin.css
12:42:36	Request file: /css/animate.min.css
12:42:36	Request file: /css/toastr.css
12:42:36	Request file: /jquery/jquery.min.map
12:42:51	Request file: /
12:42:51	Request file: /jquery/jquery.min.js
12:42:51	Request file: /bootstrap/js/bootstrap.min.js
12:42:51	Request file: /js/sha256.js
12:42:51	Request file: /js/toastr.js
12:42:51	Request file: /js/lib.js
12:42:51	Request file: /bootstrap/css/bootstrap.min.css
12:42:51	Request file: /css/maoni.css
12:42:51	Request file: /css/signin.css
12:42:51	Request file: /css/animate.min.css
12:42:51	Request file: /css/toastr.css
12:42:51	Request file: /jquery/jquery.min.map
12:42:56	Request file: /BBDD
12:42:56	login -> {"f":"login","user":"maoni","pwd":"99390cfd08236787dbe95558846798013dcd060a1d6e6b49ad10a08f30eaf201"}
12:43:25	Request file: /
12:43:25	Request file: /jquery/jquery.min.js
12:43:25	Request file: /bootstrap/js/bootstrap.min.js
12:43:25	Request file: /js/sha256.js
12:43:25	Request file: /js/toastr.js
12:43:25	Request file: /js/lib.js
12:43:25	Request file: /bootstrap/css/bootstrap.min.css
12:43:25	Request file: /css/maoni.css
12:43:25	Request file: /css/signin.css
12:43:25	Request file: /css/animate.min.css
12:43:25	Request file: /css/toastr.css
12:43:25	Request file: /jquery/jquery.min.map
12:43:27	Request file: /BBDD
12:43:27	login -> {"f":"login","user":"maoni","pwd":"e3b0c44298fc1c149afbf4c8996fb92427ae41e4649b934ca495991b7852b855"}
12:43:32	Request file: /BBDD
12:43:32	login -> {"f":"login","user":"maoni","pwd":"99390cfd08236787dbe95558846798013dcd060a1d6e6b49ad10a08f30eaf201"}
12:44:55	INICIO maoni. Escuchando en el puerto: 5555
12:45:1	Request file: /
12:45:2	Request file: /jquery/jquery.min.js
12:45:2	Request file: /bootstrap/js/bootstrap.min.js
12:45:2	Request file: /js/sha256.js
12:45:2	Request file: /js/toastr.js
12:45:2	Request file: /bootstrap/css/bootstrap.min.css
12:45:2	Request file: /js/lib.js
12:45:2	Request file: /css/maoni.css
12:45:2	Request file: /css/signin.css
12:45:2	Request file: /css/animate.min.css
12:45:2	Request file: /css/toastr.css
12:45:2	Request file: /jquery/jquery.min.map
12:45:4	Request file: /BBDD
12:45:4	login -> {"f":"login","user":"maoni","pwd":"e3b0c44298fc1c149afbf4c8996fb92427ae41e4649b934ca495991b7852b855"}
12:46:10	INICIO maoni. Escuchando en el puerto: 5555
12:46:17	Request file: /
12:46:17	Request file: /jquery/jquery.min.js
12:46:17	Request file: /bootstrap/js/bootstrap.min.js
12:46:17	Request file: /js/toastr.js
12:46:17	Request file: /js/sha256.js
12:46:17	Request file: /js/lib.js
12:46:17	Request file: /bootstrap/css/bootstrap.min.css
12:46:17	Request file: /css/maoni.css
12:46:17	Request file: /css/signin.css
12:46:17	Request file: /css/animate.min.css
12:46:17	Request file: /css/toastr.css
12:46:17	Request file: /jquery/jquery.min.map
12:46:19	Request file: /BBDD
12:46:19	login -> {"f":"login","user":"maoni","pwd":"e3b0c44298fc1c149afbf4c8996fb92427ae41e4649b934ca495991b7852b855"}
12:47:53	INICIO maoni. Escuchando en el puerto: 5555
12:47:56	Request file: /
12:47:56	Request file: /jquery/jquery.min.js
12:47:56	Request file: /bootstrap/js/bootstrap.min.js
12:47:56	Request file: /js/sha256.js
12:47:56	Request file: /js/toastr.js
12:47:56	Request file: /js/lib.js
12:47:56	Request file: /bootstrap/css/bootstrap.min.css
12:47:57	Request file: /css/maoni.css
12:47:57	Request file: /css/signin.css
12:47:57	Request file: /css/animate.min.css
12:47:57	Request file: /css/toastr.css
12:47:57	Request file: /jquery/jquery.min.map
12:47:59	Request file: /BBDD
12:47:59	login -> {"f":"login","user":"maoni","pwd":"e3b0c44298fc1c149afbf4c8996fb92427ae41e4649b934ca495991b7852b855"}
12:48:5	Request file: /BBDD
12:48:5	login -> {"f":"login","user":"maoni","pwd":"259a7a1daceb70433f2208f500de949a170274587f51e69ea21999a2cc46bc89"}
12:48:11	Request file: /BBDD
12:48:11	login -> {"f":"login","user":"maoni","pwd":"99390cfd08236787dbe95558846798013dcd060a1d6e6b49ad10a08f30eaf201"}
12:54:31	INICIO maoni. Escuchando en el puerto: 5555
12:54:33	Request file: /
12:54:34	Request file: /jquery/jquery.min.js
12:54:34	Request file: /bootstrap/js/bootstrap.min.js
12:54:34	Request file: /js/sha256.js
12:54:34	Request file: /js/toastr.js
12:54:34	Request file: /js/lib.js
12:54:34	Request file: /bootstrap/css/bootstrap.min.css
12:54:34	Request file: /css/maoni.css
12:54:34	Request file: /css/signin.css
12:54:34	Request file: /css/animate.min.css
12:54:34	Request file: /css/toastr.css
12:54:34	Request file: /jquery/jquery.min.map
12:54:38	Request file: /BBDD
12:54:38	login -> {"f":"login","user":"maoni","pwd":"015b82feae28c18f0f6343f82b00e8315375d27947667c060075d68fba7b9b48"}
12:55:20	Request file: /
12:55:21	Request file: /jquery/jquery.min.js
12:55:21	Request file: /bootstrap/js/bootstrap.min.js
12:55:21	Request file: /js/sha256.js
12:55:21	Request file: /js/toastr.js
12:55:21	Request file: /js/lib.js
12:55:21	Request file: /bootstrap/css/bootstrap.min.css
12:55:21	Request file: /css/maoni.css
12:55:21	Request file: /css/signin.css
12:55:21	Request file: /css/animate.min.css
12:55:21	Request file: /css/toastr.css
12:55:21	Request file: /jquery/jquery.min.map
12:56:4	Request file: /BBDD
12:56:4	login -> {"f":"login","user":"maoni","pwd":"e3b0c44298fc1c149afbf4c8996fb92427ae41e4649b934ca495991b7852b855"}
12:56:15	Request file: /BBDD
12:56:15	login -> {"f":"login","user":"maoni","pwd":"e3b0c44298fc1c149afbf4c8996fb92427ae41e4649b934ca495991b7852b855"}
12:56:30	Request file: /
12:56:30	Request file: /jquery/jquery.min.js
12:56:30	Request file: /bootstrap/js/bootstrap.min.js
12:56:30	Request file: /js/sha256.js
12:56:30	Request file: /js/toastr.js
12:56:30	Request file: /js/lib.js
12:56:30	Request file: /bootstrap/css/bootstrap.min.css
12:56:30	Request file: /css/maoni.css
12:56:30	Request file: /css/signin.css
12:56:30	Request file: /css/animate.min.css
12:56:30	Request file: /css/toastr.css
12:56:30	Request file: /jquery/jquery.min.map
12:58:21	Request file: /
12:58:22	Request file: /jquery/jquery.min.js
12:58:22	Request file: /bootstrap/js/bootstrap.min.js
12:58:22	Request file: /js/sha256.js
12:58:22	Request file: /js/toastr.js
12:58:22	Request file: /js/lib.js
12:58:22	Request file: /bootstrap/css/bootstrap.min.css
12:58:22	Request file: /css/maoni.css
12:58:22	Request file: /css/signin.css
12:58:22	Request file: /css/animate.min.css
12:58:22	Request file: /css/toastr.css
12:58:22	Request file: /jquery/jquery.min.map
12:58:34	Request file: /BBDD
12:58:34	login -> {"f":"login","user":"maoni","pwd":"a7c5dd7f89be086a30509c9693c34bb7cc04e6c9e8c4332cc216ea7fab51de4c"}
12:58:39	Request file: /BBDD
12:58:39	login -> {"f":"login","user":"maoni","pwd":"99390cfd08236787dbe95558846798013dcd060a1d6e6b49ad10a08f30eaf201"}
12:58:41	Request file: /@@MENU@@_page_000.html?705780
12:58:41	Request file: /jquery/jquery.min.js
12:58:41	Request file: /bootstrap/js/bootstrap.min.js
12:58:41	Request file: /js/lib.js
12:58:41	Request file: /bootstrap/css/bootstrap.min.css
12:58:41	Request file: /css/maoni.css
12:58:41	Request file: /css/dashboard.css
12:58:41	Request file: /css/animate.min.css
12:58:41	Request file: /img/menuheader.png
12:58:41	Request file: /jquery/jquery.min.map
12:59:3	Request file: /@@MENU@@_page_000.html?705780
12:59:3	Request file: /jquery/jquery.min.js
12:59:3	Request file: /bootstrap/js/bootstrap.min.js
12:59:3	Request file: /js/lib.js
12:59:3	Request file: /bootstrap/css/bootstrap.min.css
12:59:3	Request file: /css/maoni.css
12:59:3	Request file: /css/dashboard.css
12:59:3	Request file: /css/animate.min.css
12:59:3	Request file: /jquery/jquery.min.map
12:59:3	Request file: /img/menuheader.png
12:59:6	Request file: /jquery/jquery.min.map
12:59:10	Request file: /BBDD
12:59:10	login -> {"f":"login","user":"maoni","pwd":"99390cfd08236787dbe95558846798013dcd060a1d6e6b49ad10a08f30eaf201"}
12:59:13	Request file: /@@MENU@@_page_000.html?SESSIONKEY=82617
12:59:14	Request file: /jquery/jquery.min.js
12:59:14	Request file: /bootstrap/js/bootstrap.min.js
12:59:14	Request file: /js/lib.js
12:59:14	Request file: /bootstrap/css/bootstrap.min.css
12:59:14	Request file: /css/maoni.css
12:59:14	Request file: /css/dashboard.css
12:59:14	Request file: /css/animate.min.css
12:59:14	Request file: /jquery/jquery.min.map
12:59:14	Request file: /img/menuheader.png
13:0:50	Request file: /BBDD
13:0:50	login -> {"f":"login","user":"maoni","pwd":"e3b0c44298fc1c149afbf4c8996fb92427ae41e4649b934ca495991b7852b855"}
13:0:55	Request file: /BBDD
13:0:55	login -> {"f":"login","user":"maoni","pwd":"99390cfd08236787dbe95558846798013dcd060a1d6e6b49ad10a08f30eaf201"}
13:0:56	Request file: /@@MENU@@_page_000.html?SESSIONKEY=672025
13:0:56	Request file: /jquery/jquery.min.js
13:0:56	Request file: /bootstrap/js/bootstrap.min.js
13:0:56	Request file: /js/lib.js
13:0:56	Request file: /bootstrap/css/bootstrap.min.css
13:0:57	Request file: /css/maoni.css
13:0:57	Request file: /css/dashboard.css
13:0:57	Request file: /css/animate.min.css
13:0:57	Request file: /img/menuheader.png
14:38:48	INICIO maoni. Escuchando en el puerto: 5555
14:39:17	Request file: /
14:40:4	Request file: /jquery/jquery.min.js
14:40:6	Request file: /bootstrap/js/bootstrap.min.js
14:40:6	Request file: /js/sha256.js
14:40:7	Request file: /js/toastr.js
14:40:7	Request file: /js/lib.js
14:40:8	Request file: /bootstrap/css/bootstrap.min.css
14:40:8	Request file: /css/maoni.css
14:40:8	Request file: /css/signin.css
14:40:8	Request file: /css/animate.min.css
14:40:9	Request file: /css/toastr.css
14:40:31	Request file: /index.html
14:40:42	Request file: /jquery/jquery.min.js
14:40:42	Request file: /bootstrap/js/bootstrap.min.js
14:40:42	Request file: /js/sha256.js
14:40:42	Request file: /js/toastr.js
14:40:42	Request file: /js/lib.js
14:40:42	Request file: /bootstrap/css/bootstrap.min.css
14:40:43	Request file: /css/maoni.css
14:40:43	Request file: /css/signin.css
14:40:43	Request file: /css/animate.min.css
14:40:43	Request file: /css/toastr.css
15:26:43	Request file: /indzzex.html
15:28:26	INICIO maoni. Escuchando en el puerto: 5555
15:28:30	Request file: /indzzex.html
15:29:51	INICIO maoni. Escuchando en el puerto: 5555
15:29:53	Request file: /indzzex.html
15:30:12	INICIO maoni. Escuchando en el puerto: 5555
15:30:14	Request file: /indzzex.html
15:30:41	INICIO maoni. Escuchando en el puerto: 5555
15:30:43	Request file: /indzzex.html
15:30:53	INICIO maoni. Escuchando en el puerto: 5555
15:31:1	Request file: /indzzex.html
15:31:27	INICIO maoni. Escuchando en el puerto: 5555
15:31:28	Request file: /indzzex.html
15:31:28	Request file: /jquery/jquery.min.js
15:31:28	Request file: /bootstrap/js/bootstrap.min.js
15:31:28	Request file: /bootstrap/css/bootstrap.min.css
15:31:28	Request file: /css/maoni.css
15:31:28	Request file: /css/animate.min.css
15:31:35	Request file: /index.html
15:31:40	Request file: /jquery/jquery.min.js
15:31:40	Request file: /bootstrap/js/bootstrap.min.js
15:31:40	Request file: /js/sha256.js
15:31:40	Request file: /js/toastr.js
15:31:40	Request file: /js/lib.js
15:31:40	Request file: /bootstrap/css/bootstrap.min.css
15:31:40	Request file: /css/maoni.css
15:31:40	Request file: /css/signin.css
15:31:40	Request file: /css/animate.min.css
15:31:40	Request file: /css/toastr.css
15:31:49	Request file: /inxdex.html
15:31:49	Request file: /jquery/jquery.min.js
15:31:49	Request file: /bootstrap/js/bootstrap.min.js
15:31:49	Request file: /bootstrap/css/bootstrap.min.css
15:31:49	Request file: /css/maoni.css
15:31:49	Request file: /css/animate.min.css
15:31:56	Request file: /index.html
15:31:56	Request file: /jquery/jquery.min.js
15:31:56	Request file: /bootstrap/js/bootstrap.min.js
15:31:56	Request file: /js/sha256.js
15:31:56	Request file: /js/toastr.js
15:31:56	Request file: /js/lib.js
15:31:56	Request file: /bootstrap/css/bootstrap.min.css
15:31:56	Request file: /css/maoni.css
15:31:56	Request file: /css/signin.css
15:31:56	Request file: /css/animate.min.css
15:31:56	Request file: /css/toastr.css
15:32:12	Request file: /BBDD
15:32:12	login -> {"f":"login","user":"maoni","pwd":"99390cfd08236787dbe95558846798013dcd060a1d6e6b49ad10a08f30eaf201"}
15:32:14	Request file: /@@MENU@@_page_000.html?SESSIONKEY=668586
15:32:14	Request file: /jquery/jquery.min.js
15:32:14	Request file: /bootstrap/js/bootstrap.min.js
15:32:14	Request file: /js/lib.js
15:32:14	Request file: /bootstrap/css/bootstrap.min.css
15:32:14	Request file: /css/maoni.css
15:32:14	Request file: /css/animate.min.css
15:32:14	Request file: /css/dashboard.css
15:32:14	Request file: /img/menuheader.png
15:32:14	Request file: /img/menuheader.png
15:38:54	INICIO maoni. Escuchando en el puerto: 5555
15:40:56	Request file: /@@MENU@@_page_000.html?SESSIONKEY=668586
15:41:4	INICIO maoni. Escuchando en el puerto: 5555
15:44:9	INICIO maoni. Escuchando en el puerto: 5555
15:44:25	INICIO maoni. Escuchando en el puerto: 5555
15:46:3	INICIO maoni. Escuchando en el puerto: 5555
15:46:12	Request file: /@@MENU@@_page_000.html?SESSIONKEY=668586
15:46:28	INICIO maoni. Escuchando en el puerto: 5555
15:47:0	INICIO maoni. Escuchando en el puerto: 5555
15:47:46	INICIO maoni. Escuchando en el puerto: 5555
15:49:51	INICIO maoni. Escuchando en el puerto: 5555
15:49:53	Request file: /@@MENU@@_page_000.html?SESSIONKEY=668586
15:49:53	Request file: /jquery/jquery.min.js
15:49:53	Request file: /bootstrap/js/bootstrap.min.js
15:49:53	Request file: /bootstrap/css/bootstrap.min.css
15:49:53	Request file: /css/maoni.css
15:49:53	Request file: /css/animate.min.css
15:50:20	Request file: /xxx
15:50:20	Request file: /jquery/jquery.min.js
15:50:20	Request file: /bootstrap/js/bootstrap.min.js
15:50:20	Request file: /bootstrap/css/bootstrap.min.css
15:50:20	Request file: /css/maoni.css
15:50:20	Request file: /css/animate.min.css
15:50:20	Request file: /bootstrap/css/bootstrap.min.css
15:50:20	Request file: /css/maoni.css
15:50:20	Request file: /css/animate.min.css
15:50:31	Request file: /index.html
15:50:31	Request file: /jquery/jquery.min.js
15:50:31	Request file: /bootstrap/js/bootstrap.min.js
15:50:31	Request file: /bootstrap/css/bootstrap.min.css
15:50:31	Request file: /css/maoni.css
15:50:31	Request file: /css/animate.min.css
15:50:31	Request file: /js/sha256.js
15:50:31	Request file: /js/toastr.js
15:50:31	Request file: /js/lib.js
15:50:31	Request file: /css/signin.css
15:50:31	Request file: /css/toastr.css
15:50:32	Request file: /bootstrap/css/bootstrap.min.css
15:50:32	Request file: /css/maoni.css
15:50:32	Request file: /css/signin.css
15:50:32	Request file: /css/animate.min.css
15:50:32	Request file: /css/toastr.css
15:52:17	INICIO maoni. Escuchando en el puerto: 5555
15:52:22	Request file: /index.html
15:52:22	Request file: /jquery/jquery.min.js
15:52:22	Request file: /bootstrap/js/bootstrap.min.js
15:52:22	Request file: /js/sha256.js
15:52:22	Request file: /js/lib.js
15:52:22	Request file: /js/toastr.js
15:52:22	Request file: /bootstrap/css/bootstrap.min.css
15:52:22	Request file: /css/maoni.css
15:52:22	Request file: /css/signin.css
15:52:22	Request file: /css/animate.min.css
15:52:22	Request file: /css/toastr.css
15:52:23	Request file: /bootstrap/css/bootstrap.min.css
15:52:23	Request file: /css/maoni.css
15:52:23	Request file: /css/signin.css
15:52:23	Request file: /css/animate.min.css
15:52:23	Request file: /css/toastr.css
15:52:59	INICIO maoni. Escuchando en el puerto: 5555
15:53:1	Request file: /index.html
15:53:2	Request file: /jquery/jquery.min.js
15:53:2	Request file: /bootstrap/js/bootstrap.min.js
15:53:2	Request file: /js/toastr.js
15:53:2	Request file: /js/sha256.js
15:53:2	Request file: /js/lib.js
15:53:2	Request file: /bootstrap/css/bootstrap.min.css
15:53:2	Request file: /css/maoni.css
15:53:2	Request file: /css/signin.css
15:53:2	Request file: /css/animate.min.css
15:53:2	Request file: /css/toastr.css
15:53:2	Request file: /bootstrap/css/bootstrap.min.css
15:53:2	Request file: /css/maoni.css
15:53:2	Request file: /css/signin.css
15:53:2	Request file: /css/animate.min.css
15:53:2	Request file: /css/toastr.css
15:54:19	INICIO maoni. Escuchando en el puerto: 5555
15:54:21	Request file: /index.html
15:54:21	Request file: /jquery/jquery.min.js
15:54:21	Request file: /bootstrap/js/bootstrap.min.js
15:54:21	Request file: /js/sha256.js
15:54:21	Request file: /js/toastr.js
15:54:21	Request file: /js/lib.js
15:54:21	Request file: /bootstrap/css/bootstrap.min.css
15:54:21	Request file: /css/maoni.css
15:54:21	Request file: /css/signin.css
15:54:21	Request file: /css/animate.min.css
15:54:21	Request file: /css/toastr.css
15:54:32	Request file: /indssex.html
15:55:7	INICIO maoni. Escuchando en el puerto: 5555
15:55:7	Request file: /indssex.html
15:55:7	Request file: /jquery/jquery.min.js
15:55:7	Request file: /bootstrap/js/bootstrap.min.js
15:55:7	Request file: /css/maoni.css
15:55:7	Request file: /bootstrap/css/bootstrap.min.css
15:55:7	Request file: /css/animate.min.css
15:55:14	Request file: /index.html
15:55:14	Request file: /jquery/jquery.min.js
15:55:14	Request file: /bootstrap/js/bootstrap.min.js
15:55:14	Request file: /js/sha256.js
15:55:14	Request file: /js/toastr.js
15:55:14	Request file: /js/lib.js
15:55:14	Request file: /bootstrap/css/bootstrap.min.css
15:55:14	Request file: /css/maoni.css
15:55:14	Request file: /css/signin.css
15:55:14	Request file: /css/animate.min.css
15:55:14	Request file: /css/toastr.css
15:55:18	Request file: /BBDD
15:55:18	login -> {"f":"login","user":"","pwd":"e3b0c44298fc1c149afbf4c8996fb92427ae41e4649b934ca495991b7852b855"}
15:55:25	Request file: /BBDD
15:55:25	login -> {"f":"login","user":"maoni","pwd":"99390cfd08236787dbe95558846798013dcd060a1d6e6b49ad10a08f30eaf201"}
15:55:25	Request file: /@@MENU@@_page_000.html?SESSIONKEY=437834
15:55:25	Request file: /jquery/jquery.min.js
15:55:25	Request file: /bootstrap/js/bootstrap.min.js
15:55:25	Request file: /bootstrap/css/bootstrap.min.css
15:55:25	Request file: /css/maoni.css
15:55:25	Request file: /css/animate.min.css
15:55:42	INICIO maoni. Escuchando en el puerto: 5555
15:55:45	Request file: /@@MENU@@_page_000.html?SESSIONKEY=437834
15:55:45	Request file: /jquery/jquery.min.js
15:55:45	Request file: /bootstrap/js/bootstrap.min.js
15:55:45	Request file: /js/lib.js
15:55:45	Request file: /bootstrap/css/bootstrap.min.css
15:55:45	Request file: /css/maoni.css
15:55:45	Request file: /css/animate.min.css
15:55:45	Request file: /css/dashboard.css
15:55:45	Request file: /img/menuheader.png
15:55:45	Request file: /img/menuheader.png
15:56:12	Request file: /@@MENU@@_page_000.html?SESSIONKEY=668586
15:56:12	Request file: /jquery/jquery.min.js
15:56:12	Request file: /bootstrap/js/bootstrap.min.js
15:56:12	Request file: /js/lib.js
15:56:12	Request file: /bootstrap/css/bootstrap.min.css
15:56:12	Request file: /css/maoni.css
15:56:12	Request file: /css/dashboard.css
15:56:12	Request file: /css/animate.min.css
15:56:12	Request file: /img/menuheader.png
15:56:12	Request file: /img/menuheader.png
16:1:44	INICIO maoni. Escuchando en el puerto: 5555
16:1:48	Request file: /@@MENU@@_page_000.html?SESSIONKEY=668586
16:1:48	Request file: /img/menuheader.png
16:1:48	Request file: /jquery/jquery.min.js
16:1:48	Request file: /bootstrap/js/bootstrap.min.js
16:1:48	Request file: /bootstrap/css/bootstrap.min.css
16:1:48	Request file: /js/lib.js
16:1:48	Request file: /css/dashboard.css
16:1:48	Request file: /css/maoni.css
16:1:48	Request file: /css/animate.min.css
16:1:48	Request file: /img/menuheader.png
16:1:50	Request file: /@@MENU@@_page_000.html?SESSIONKEY=668586
16:1:50	Request file: /jquery/jquery.min.js
16:1:50	Request file: /bootstrap/js/bootstrap.min.js
16:1:50	Request file: /js/lib.js
16:1:50	Request file: /bootstrap/css/bootstrap.min.css
16:1:50	Request file: /css/maoni.css
16:1:50	Request file: /css/dashboard.css
16:1:50	Request file: /css/animate.min.css
16:1:50	Request file: /img/menuheader.png
16:2:55	INICIO maoni. Escuchando en el puerto: 5555
16:2:57	Request file: /@@MENU@@_page_000.html?SESSIONKEY=668586
16:3:33	INICIO maoni. Escuchando en el puerto: 5555
16:3:36	Request file: /@@MENU@@_page_000.html?SESSIONKEY=668586
16:4:50	Request file: /@@MENU@@_page_000.html?SESSIONKEY=668586
16:4:52	Request file: /@@MENU@@_page_000.html?SESSIONKEY=668586
16:5:7	INICIO maoni. Escuchando en el puerto: 5555
16:5:12	Request file: /@@MENU@@_page_000.html?SESSIONKEY=668586
16:5:45	INICIO maoni. Escuchando en el puerto: 5555
16:5:48	Request file: /@@MENU@@_page_000.html?SESSIONKEY=668586
16:5:52	Request file: /@@MENU@@_page_000.html?SESSIONKEY=668586
16:10:15	INICIO maoni. Escuchando en el puerto: 5555
16:10:18	Request file: /@@MENU@@_page_000.html?SESSIONKEY=668586
16:10:18	Request file: /jquery/jquery.min.js
16:10:18	Request file: /bootstrap/js/bootstrap.min.js
16:10:18	Request file: /css/maoni.css
16:10:18	Request file: /bootstrap/css/bootstrap.min.css
16:10:18	Request file: /css/animate.min.css
16:10:22	Request file: /index.html
16:10:22	Request file: /jquery/jquery.min.js
16:10:22	Request file: /bootstrap/js/bootstrap.min.js
16:10:22	Request file: /js/lib.js
16:10:22	Request file: /bootstrap/css/bootstrap.min.css
16:10:22	Request file: /css/maoni.css
16:10:22	Request file: /css/animate.min.css
16:10:22	Request file: /js/sha256.js
16:10:22	Request file: /js/toastr.js
16:10:22	Request file: /css/signin.css
16:10:22	Request file: /css/toastr.css
16:10:28	Request file: /BBDD
16:10:28	login -> {"f":"login","user":"maoni","pwd":"99390cfd08236787dbe95558846798013dcd060a1d6e6b49ad10a08f30eaf201"}
16:10:28	Request file: /@@MENU@@_page_000.html?SESSIONKEY=650076
16:10:28	Request file: /jquery/jquery.min.js
16:10:28	Request file: /bootstrap/js/bootstrap.min.js
16:10:28	Request file: /bootstrap/css/bootstrap.min.css
16:10:28	Request file: /css/maoni.css
16:10:28	Request file: /css/animate.min.css
16:10:41	Request file: /BBDD
16:10:41	login -> {"f":"login","user":"maoni","pwd":"99390cfd08236787dbe95558846798013dcd060a1d6e6b49ad10a08f30eaf201"}
16:10:41	Request file: /@@MENU@@_page_000.html?SESSIONKEY=987163
16:10:41	Request file: /jquery/jquery.min.js
16:10:41	Request file: /bootstrap/js/bootstrap.min.js
16:10:41	Request file: /bootstrap/css/bootstrap.min.css
16:10:41	Request file: /css/maoni.css
16:10:41	Request file: /css/animate.min.css
16:12:26	INICIO maoni. Escuchando en el puerto: 5555
16:13:40	INICIO maoni. Escuchando en el puerto: 5555
16:13:40	Request file: /@@MENU@@_page_000.html?SESSIONKEY=7604320
16:13:44	Request file: /@@MENU@@_page_000.html?SESSIONKEY=7604320
16:14:17	INICIO maoni. Escuchando en el puerto: 5555
16:14:21	Request file: /@@MENU@@_page_000.html?SESSIONKEY=7604320
16:14:30	Request file: /jquery/jquery.min.js
16:14:30	Request file: /bootstrap/js/bootstrap.min.js
16:14:30	Request file: /bootstrap/css/bootstrap.min.css
16:14:30	Request file: /js/lib.js
16:14:30	Request file: /css/maoni.css
16:14:30	Request file: /css/dashboard.css
16:14:30	Request file: /css/animate.min.css
16:14:30	Request file: /img/menuheader.png
16:14:30	Request file: /img/menuheader.png
16:14:39	Request file: /@@MENU@@_page_000.html?SESSIONKEY=7604321
16:14:39	Request file: /jquery/jquery.min.js
16:14:39	Request file: /bootstrap/js/bootstrap.min.js
16:14:39	Request file: /bootstrap/css/bootstrap.min.css
16:14:39	Request file: /css/maoni.css
16:14:39	Request file: /css/animate.min.css
16:14:42	Request file: /index.html
16:14:42	Request file: /jquery/jquery.min.js
16:14:42	Request file: /bootstrap/js/bootstrap.min.js
16:14:42	Request file: /js/sha256.js
16:14:42	Request file: /js/toastr.js
16:14:42	Request file: /js/lib.js
16:14:42	Request file: /bootstrap/css/bootstrap.min.css
16:14:42	Request file: /css/maoni.css
16:14:42	Request file: /css/signin.css
16:14:42	Request file: /css/animate.min.css
16:14:42	Request file: /css/toastr.css
16:14:49	Request file: /BBDD
16:14:49	login -> {"f":"login","user":"maoni","pwd":"99390cfd08236787dbe95558846798013dcd060a1d6e6b49ad10a08f30eaf201"}
16:14:53	Request file: /@@MENU@@_page_000.html?SESSIONKEY=178097
16:14:54	Request file: /jquery/jquery.min.js
16:14:54	Request file: /bootstrap/js/bootstrap.min.js
16:14:54	Request file: /js/lib.js
16:14:54	Request file: /bootstrap/css/bootstrap.min.css
16:14:54	Request file: /css/maoni.css
16:14:54	Request file: /css/dashboard.css
16:14:54	Request file: /css/animate.min.css
16:14:54	Request file: /img/menuheader.png
16:14:54	Request file: /img/menuheader.png
16:15:33	Request file: /@@MENU@@_page_101.html
16:15:33	Request file: /jquery/jquery.min.js
16:15:33	Request file: /bootstrap/js/bootstrap.min.js
16:15:33	Request file: /bootstrap/css/bootstrap.min.css
16:15:33	Request file: /css/maoni.css
16:15:33	Request file: /css/animate.min.css
16:15:40	Request file: /@@MENU@@_page_002.html
16:15:40	Request file: /jquery/jquery.min.js
16:15:40	Request file: /bootstrap/js/bootstrap.min.js
16:15:40	Request file: /bootstrap/css/bootstrap.min.css
16:15:40	Request file: /css/maoni.css
16:15:40	Request file: /css/animate.min.css
