19:21:4	INICIO maoni. Escuchando en el puerto: 5555
19:21:11	Request file: /
19:21:11	Request file: /jquery/jquery.min.js
19:21:11	Request file: /bootstrap/js/bootstrap.min.js
19:21:11	Request file: /js/toastr.js
19:21:11	Request file: /js/sha256.js
19:21:11	Request file: /bootstrap/css/bootstrap.min.css
19:21:11	Request file: /js/lib.js
19:21:12	Request file: /css/maoni.css
19:21:12	Request file: /css/signin.css
19:21:12	Request file: /css/animate.min.css
19:21:12	Request file: /css/toastr.css
19:21:26	Request file: /BBDD
19:21:26	login -> {"f":"login","user":"maoni","pwd":"99390cfd08236787dbe95558846798013dcd060a1d6e6b49ad10a08f30eaf201"}
19:21:26	Request file: /@@MENU@@_page_000.html?SESSIONKEY=913417
19:21:26	Request file: /jquery/jquery.min.js
19:21:26	Request file: /bootstrap/js/bootstrap.min.js
19:21:26	Request file: /js/lib.js
19:21:26	Request file: /bootstrap/css/bootstrap.min.css
19:21:26	Request file: /css/maoni.css
19:21:26	Request file: /css/dashboard.css
19:21:26	Request file: /css/animate.min.css
19:21:26	Request file: /img/menuheader.png
19:21:26	Request file: /img/menuheader.png
19:26:21	Request file: /@@MENU@@_page_000.html?SESSIONKEY=913417
19:26:21	Request file: /img/menuheader.png
19:26:21	Request file: /jquery/jquery.min.js
19:26:21	Request file: /bootstrap/js/bootstrap.min.js
19:26:21	Request file: /js/lib.js
19:26:22	Request file: /bootstrap/css/bootstrap.min.css
19:26:22	Request file: /css/maoni.css
19:26:22	Request file: /css/dashboard.css
19:26:22	Request file: /css/animate.min.css
19:26:22	Request file: /img/menuheader.png
19:26:55	Request file: /@@MENU@@_page_000.html?SESSIONKEY=913417
19:26:55	Request file: /jquery/jquery.min.js
19:26:55	Request file: /bootstrap/js/bootstrap.min.js
19:26:55	Request file: /js/lib.js
19:26:55	Request file: /bootstrap/css/bootstrap.min.css
19:26:55	Request file: /css/maoni.css
19:26:55	Request file: /css/dashboard.css
19:26:55	Request file: /css/animate.min.css
19:26:55	Request file: /img/menuheader.png
19:26:56	Request file: /img/menuheader.png
19:27:7	Request file: /@@MENU@@_page_000.html?SESSIONKEY=913417
19:27:7	Request file: /jquery/jquery.min.js
19:27:7	Request file: /bootstrap/js/bootstrap.min.js
19:27:7	Request file: /js/lib.js
19:27:7	Request file: /bootstrap/css/bootstrap.min.css
19:27:7	Request file: /css/maoni.css
19:27:7	Request file: /css/dashboard.css
19:27:7	Request file: /css/animate.min.css
19:27:7	Request file: /img/menuheader.png
19:27:7	Request file: /img/menuheader.png
19:29:50	Request file: /@@MENU@@_page_000.html?SESSIONKEY=913417
19:29:50	Request file: /jquery/jquery.min.js
19:29:50	Request file: /bootstrap/js/bootstrap.min.js
19:29:50	Request file: /js/lib.js
19:29:50	Request file: /bootstrap/css/bootstrap.min.css
19:29:50	Request file: /css/dashboard.css
19:29:50	Request file: /css/maoni.css
19:29:50	Request file: /css/animate.min.css
19:29:50	Request file: /img/menuheader.png
19:30:3	Request file: /@@MENU@@_page_000.html?SESSIONKEY=913417
19:30:3	Request file: /bootstrap/js/bootstrap.min.js
19:30:3	Request file: /js/lib.js
19:30:3	Request file: /bootstrap/css/bootstrap.min.css
19:30:3	Request file: /jquery/jquery.min.js
19:30:3	Request file: /css/maoni.css
19:30:3	Request file: /css/dashboard.css
19:30:3	Request file: /css/animate.min.css
19:30:3	Request file: /img/logo.png
19:30:3	Request file: /img/menuheader.png
19:30:3	Request file: /img/menuheader.png
19:34:35	Request file: /@@MENU@@_page_001.html
19:34:35	Request file: /jquery/jquery.min.js
19:34:35	Request file: /bootstrap/css/bootstrap.min.css
19:34:35	Request file: /bootstrap/js/bootstrap.min.js
19:34:35	Request file: /css/animate.min.css
19:34:35	Request file: /css/maoni.css
19:36:34	Request file: /@@MENU@@_page_000.html?SESSIONKEY=913417
19:36:35	Request file: /jquery/jquery.min.js
19:36:35	Request file: /bootstrap/js/bootstrap.min.js
19:36:35	Request file: /bootstrap/css/bootstrap.min.css
19:36:35	Request file: /js/lib.js
19:36:35	Request file: /css/maoni.css
19:36:35	Request file: /css/dashboard.css
19:36:35	Request file: /css/animate.min.css
19:36:35	Request file: /img/menuheader.png
19:36:35	Request file: /img/menuheader.png
19:36:35	Request file: /img/logo.png
19:37:11	Request file: /@@MENU@@_page_000.html?SESSIONKEY=913417
19:37:11	Request file: /jquery/jquery.min.js
19:37:11	Request file: /bootstrap/js/bootstrap.min.js
19:37:11	Request file: /js/lib.js
19:37:11	Request file: /bootstrap/css/bootstrap.min.css
19:37:11	Request file: /css/maoni.css
19:37:11	Request file: /css/dashboard.css
19:37:11	Request file: /css/animate.min.css
19:37:11	Request file: /img/menuheader.png
19:37:11	Request file: /img/menuheader.png
19:37:11	Request file: /img/logo.png
19:37:14	Request file: /@@MENU@@_page_101.html
19:37:14	Request file: /jquery/jquery.min.js
19:37:14	Request file: /bootstrap/js/bootstrap.min.js
19:37:14	Request file: /bootstrap/css/bootstrap.min.css
19:37:14	Request file: /css/maoni.css
19:37:14	Request file: /css/animate.min.css
19:38:0	Request file: /@@MENU@@_page_000.html?SESSIONKEY=913417
19:38:0	Request file: /img/menuheader.png
19:38:0	Request file: /jquery/jquery.min.js
19:38:0	Request file: /bootstrap/js/bootstrap.min.js
19:38:0	Request file: /js/lib.js
19:38:0	Request file: /bootstrap/css/bootstrap.min.css
19:38:0	Request file: /css/maoni.css
19:38:0	Request file: /css/dashboard.css
19:38:0	Request file: /css/animate.min.css
19:38:1	Request file: /img/menuheader.png
19:38:1	Request file: /img/logo.png
19:40:29	Request file: /@@MENU@@_page_000.html?SESSIONKEY=913417
19:40:29	Request file: /img/menuheader.png
19:40:29	Request file: /jquery/jquery.min.js
19:40:29	Request file: /bootstrap/js/bootstrap.min.js
19:40:29	Request file: /js/lib.js
19:40:29	Request file: /bootstrap/css/bootstrap.min.css
19:40:29	Request file: /css/maoni.css
19:40:29	Request file: /css/dashboard.css
19:40:29	Request file: /css/animate.min.css
19:40:29	Request file: /img/menuheader.png
19:40:29	Request file: /img/logo.png
19:40:59	Request file: /@@MENU@@_page_000.html?SESSIONKEY=913417
19:40:59	Request file: /css/animate.min.css
19:40:59	Request file: /jquery/jquery.min.js
19:40:59	Request file: /bootstrap/js/bootstrap.min.js
19:40:59	Request file: /js/lib.js
19:40:59	Request file: /bootstrap/css/bootstrap.min.css
19:40:59	Request file: /css/maoni.css
19:40:59	Request file: /css/dashboard.css
19:40:59	Request file: /img/menuheader.png
19:40:59	Request file: /img/menuheader.png
19:40:59	Request file: /img/logo.png
21:14:9	INICIO maoni. Escuchando en el puerto: 5555
21:14:19	Request file: /
21:14:19	Request file: /jquery/jquery.min.js
21:14:19	Request file: /bootstrap/js/bootstrap.min.js
21:14:19	Request file: /js/sha256.js
21:14:19	Request file: /js/toastr.js
21:14:19	Request file: /js/lib.js
21:14:19	Request file: /bootstrap/css/bootstrap.min.css
21:14:19	Request file: /css/maoni.css
21:14:19	Request file: /css/signin.css
21:14:19	Request file: /css/animate.min.css
21:14:19	Request file: /css/toastr.css
21:14:28	Request file: /BBDD
21:14:28	login -> {"f":"login","user":"maoni","pwd":"99390cfd08236787dbe95558846798013dcd060a1d6e6b49ad10a08f30eaf201"}
21:14:28	Request file: /@@MENU@@_page_000.html?SESSIONKEY=632528
21:14:28	Request file: /jquery/jquery.min.js
21:14:28	Request file: /bootstrap/js/bootstrap.min.js
21:14:28	Request file: /js/lib.js
21:14:28	Request file: /bootstrap/css/bootstrap.min.css
21:14:28	Request file: /css/maoni.css
21:14:28	Request file: /css/animate.min.css
21:14:28	Request file: /css/dashboard.css
21:14:28	Request file: /img/menuheader.png
21:14:28	Request file: /img/logo.png
21:14:28	Request file: /img/menuheader.png
21:16:18	Request file: /@@MENU@@_page_000.html?SESSIONKEY=632528
21:16:18	Request file: /jquery/jquery.min.js
21:16:18	Request file: /bootstrap/js/bootstrap.min.js
21:16:18	Request file: /js/lib.js
21:16:18	Request file: /bootstrap/css/bootstrap.min.css
21:16:18	Request file: /css/maoni.css
21:16:18	Request file: /css/dashboard.css
21:16:18	Request file: /css/animate.min.css
21:16:18	Request file: /img/menuheader.png
21:16:18	Request file: /img/logo.png
21:16:18	Request file: /img/menuheader.png
21:21:35	Request file: /@@MENU@@_page_000.html?SESSIONKEY=632528
21:21:35	Request file: /jquery/jquery.min.js
21:21:35	Request file: /bootstrap/js/bootstrap.min.js
21:21:35	Request file: /js/lib.js
21:21:35	Request file: /bootstrap/css/bootstrap.min.css
21:21:35	Request file: /css/maoni.css
21:21:35	Request file: /css/dashboard.css
21:21:35	Request file: /css/animate.min.css
21:21:35	Request file: /img/menuheader.png
21:21:35	Request file: /img/logo.png
21:21:35	Request file: /img/menuheader.png
21:22:11	Request file: /@@MENU@@_page_000.html?SESSIONKEY=632528
21:22:12	Request file: /jquery/jquery.min.js
21:22:12	Request file: /bootstrap/js/bootstrap.min.js
21:22:12	Request file: /js/lib.js
21:22:12	Request file: /bootstrap/css/bootstrap.min.css
21:22:12	Request file: /css/maoni.css
21:22:12	Request file: /css/dashboard.css
21:22:12	Request file: /css/animate.min.css
21:22:12	Request file: /img/menuheader.png
21:22:12	Request file: /img/logo.png
21:22:12	Request file: /img/menuheader.png
21:22:38	Request file: /@@MENU@@_page_000.html?SESSIONKEY=632528
21:22:38	Request file: /jquery/jquery.min.js
21:22:38	Request file: /bootstrap/js/bootstrap.min.js
21:22:38	Request file: /js/lib.js
21:22:38	Request file: /bootstrap/css/bootstrap.min.css
21:22:38	Request file: /css/maoni.css
21:22:38	Request file: /css/dashboard.css
21:22:38	Request file: /css/animate.min.css
21:22:38	Request file: /img/menuheader.png
21:22:38	Request file: /img/logo.png
21:22:38	Request file: /img/menuheader.png
21:23:57	Request file: /@@MENU@@_page_000.html?SESSIONKEY=632528
21:23:57	Request file: /jquery/jquery.min.js
21:23:57	Request file: /bootstrap/js/bootstrap.min.js
21:23:57	Request file: /js/lib.js
21:23:57	Request file: /bootstrap/css/bootstrap.min.css
21:23:57	Request file: /css/maoni.css
21:23:57	Request file: /css/dashboard.css
21:23:57	Request file: /css/animate.min.css
21:23:57	Request file: /img/menuheader.png
21:23:57	Request file: /img/menuheader.png
21:23:57	Request file: /img/logo.png
21:26:42	Request file: /@@MENU@@_page_000.html?SESSIONKEY=632528
21:26:42	Request file: /jquery/jquery.min.js
21:26:42	Request file: /bootstrap/js/bootstrap.min.js
21:26:42	Request file: /js/lib.js
21:26:42	Request file: /css/maoni.css
21:26:42	Request file: /bootstrap/css/bootstrap.min.css
21:26:42	Request file: /css/dashboard.css
21:26:42	Request file: /css/animate.min.css
21:26:42	Request file: /img/menuheader.png
21:26:43	Request file: /img/menuheader.png
21:26:43	Request file: /img/logo.png
21:27:32	Request file: /@@MENU@@_page_000.html?SESSIONKEY=632528
21:27:32	Request file: /jquery/jquery.min.js
21:27:32	Request file: /bootstrap/js/bootstrap.min.js
21:27:32	Request file: /js/lib.js
21:27:32	Request file: /bootstrap/css/bootstrap.min.css
21:27:32	Request file: /css/maoni.css
21:27:32	Request file: /css/dashboard.css
21:27:32	Request file: /css/animate.min.css
21:27:32	Request file: /img/menuheader.png
21:27:32	Request file: /img/menuheader.png
21:27:32	Request file: /img/logo.png
21:28:16	Request file: /@@MENU@@_page_000.html?SESSIONKEY=632528
21:28:16	Request file: /jquery/jquery.min.js
21:28:16	Request file: /bootstrap/js/bootstrap.min.js
21:28:16	Request file: /js/lib.js
21:28:16	Request file: /bootstrap/css/bootstrap.min.css
21:28:16	Request file: /css/maoni.css
21:28:16	Request file: /css/dashboard.css
21:28:16	Request file: /css/animate.min.css
21:28:16	Request file: /img/menuheader.png
21:28:16	Request file: /img/logo.png
21:28:16	Request file: /img/menuheader.png
21:29:7	Request file: /@@MENU@@_page_000.html?SESSIONKEY=632528
21:29:7	Request file: /jquery/jquery.min.js
21:29:7	Request file: /bootstrap/js/bootstrap.min.js
21:29:7	Request file: /js/lib.js
21:29:7	Request file: /bootstrap/css/bootstrap.min.css
21:29:7	Request file: /css/maoni.css
21:29:7	Request file: /css/dashboard.css
21:29:7	Request file: /css/animate.min.css
21:29:7	Request file: /img/menuheader.png
21:29:7	Request file: /img/logo.png
21:29:7	Request file: /img/menuheader.png
21:29:31	Request file: /@@MENU@@_page_000.html?SESSIONKEY=632528
21:29:31	Request file: /jquery/jquery.min.js
21:29:31	Request file: /bootstrap/js/bootstrap.min.js
21:29:31	Request file: /js/lib.js
21:29:31	Request file: /bootstrap/css/bootstrap.min.css
21:29:31	Request file: /css/maoni.css
21:29:31	Request file: /css/dashboard.css
21:29:31	Request file: /css/animate.min.css
21:29:31	Request file: /img/menuheader.png
21:29:31	Request file: /img/logo.png
21:29:31	Request file: /img/menuheader.png
21:30:25	Request file: /@@MENU@@_page_000.html?SESSIONKEY=632528
21:30:25	Request file: /jquery/jquery.min.js
21:30:25	Request file: /bootstrap/js/bootstrap.min.js
21:30:25	Request file: /js/lib.js
21:30:25	Request file: /bootstrap/css/bootstrap.min.css
21:30:25	Request file: /css/maoni.css
21:30:25	Request file: /css/dashboard.css
21:30:25	Request file: /css/animate.min.css
21:30:25	Request file: /img/menuheader.png
21:30:25	Request file: /img/logo.png
21:30:25	Request file: /img/menuheader.png
21:30:42	Request file: /@@MENU@@_page_000.html?SESSIONKEY=632528
21:30:42	Request file: /jquery/jquery.min.js
21:30:42	Request file: /bootstrap/js/bootstrap.min.js
21:30:42	Request file: /js/lib.js
21:30:42	Request file: /bootstrap/css/bootstrap.min.css
21:30:42	Request file: /css/maoni.css
21:30:42	Request file: /css/dashboard.css
21:30:42	Request file: /css/animate.min.css
21:30:42	Request file: /img/menuheader.png
21:30:42	Request file: /img/logo.png
21:30:42	Request file: /img/menuheader.png
21:31:12	Request file: /@@MENU@@_page_000.html?SESSIONKEY=632528
21:31:12	Request file: /jquery/jquery.min.js
21:31:12	Request file: /bootstrap/js/bootstrap.min.js
21:31:12	Request file: /js/lib.js
21:31:12	Request file: /bootstrap/css/bootstrap.min.css
21:31:12	Request file: /css/maoni.css
21:31:12	Request file: /css/dashboard.css
21:31:12	Request file: /css/animate.min.css
21:31:12	Request file: /img/menuheader.png
21:31:12	Request file: /img/logo.png
21:31:12	Request file: /img/menuheader.png
21:32:14	Request file: /@@MENU@@_page_000.html?SESSIONKEY=632528
21:32:15	Request file: /jquery/jquery.min.js
21:32:15	Request file: /bootstrap/js/bootstrap.min.js
21:32:15	Request file: /js/lib.js
21:32:15	Request file: /bootstrap/css/bootstrap.min.css
21:32:15	Request file: /css/maoni.css
21:32:15	Request file: /css/dashboard.css
21:32:15	Request file: /css/animate.min.css
21:32:15	Request file: /img/menuheader.png
21:32:15	Request file: /img/menuheader.png
21:32:15	Request file: /img/logo.png
21:32:32	Request file: /@@MENU@@_page_000.html?SESSIONKEY=632528
21:32:32	Request file: /jquery/jquery.min.js
21:32:32	Request file: /bootstrap/js/bootstrap.min.js
21:32:32	Request file: /js/lib.js
21:32:32	Request file: /bootstrap/css/bootstrap.min.css
21:32:32	Request file: /css/maoni.css
21:32:32	Request file: /css/dashboard.css
21:32:32	Request file: /css/animate.min.css
21:32:32	Request file: /img/logo.png
21:32:32	Request file: /img/menuheader.png
21:32:32	Request file: /img/menuheader.png
21:33:25	Request file: /@@MENU@@_page_000.html?SESSIONKEY=632528
21:33:25	Request file: /bootstrap/css/bootstrap.min.css
21:33:25	Request file: /css/maoni.css
21:33:25	Request file: /css/dashboard.css
21:33:25	Request file: /jquery/jquery.min.js
21:33:25	Request file: /bootstrap/js/bootstrap.min.js
21:33:25	Request file: /js/lib.js
21:33:25	Request file: /css/animate.min.css
21:33:26	Request file: /img/menuheader.png
21:33:26	Request file: /img/menuheader.png
21:33:26	Request file: /img/logo.png
21:34:1	Request file: /@@MENU@@_page_000.html?SESSIONKEY=632528
21:34:1	Request file: /jquery/jquery.min.js
21:34:1	Request file: /bootstrap/js/bootstrap.min.js
21:34:1	Request file: /js/lib.js
21:34:1	Request file: /bootstrap/css/bootstrap.min.css
21:34:1	Request file: /css/maoni.css
21:34:1	Request file: /css/dashboard.css
21:34:1	Request file: /css/animate.min.css
21:34:1	Request file: /img/menuheader.png
21:34:1	Request file: /img/menuheader.png
21:34:1	Request file: /img/logo.png
21:34:40	Request file: /@@MENU@@_page_000.html?SESSIONKEY=632528
21:34:40	Request file: /bootstrap/css/bootstrap.min.css
21:34:40	Request file: /css/maoni.css
21:34:40	Request file: /css/dashboard.css
21:34:40	Request file: /jquery/jquery.min.js
21:34:40	Request file: /bootstrap/js/bootstrap.min.js
21:34:40	Request file: /js/lib.js
21:34:40	Request file: /css/animate.min.css
21:34:40	Request file: /img/menuheader.png
21:34:40	Request file: /img/menuheader.png
21:34:40	Request file: /img/logo.png
21:37:41	Request file: /@@MENU@@_page_000.html?SESSIONKEY=632528
21:37:41	Request file: /bootstrap/css/bootstrap.min.css
21:37:41	Request file: /css/maoni.css
21:37:41	Request file: /css/dashboard.css
21:37:41	Request file: /jquery/jquery.min.js
21:37:41	Request file: /bootstrap/js/bootstrap.min.js
21:37:41	Request file: /js/lib.js
21:37:41	Request file: /css/animate.min.css
21:37:41	Request file: /img/menuheader.png
21:37:42	Request file: /img/menuheader.png
21:37:42	Request file: /img/logo.png
21:38:19	Request file: /@@MENU@@_page_000.html?SESSIONKEY=632528
21:38:20	Request file: /jquery/jquery.min.js
21:38:20	Request file: /bootstrap/js/bootstrap.min.js
21:38:20	Request file: /js/lib.js
21:38:20	Request file: /bootstrap/css/bootstrap.min.css
21:38:20	Request file: /css/dashboard.css
21:38:20	Request file: /css/maoni.css
21:38:20	Request file: /css/animate.min.css
21:38:20	Request file: /img/menuheader.png
21:38:20	Request file: /img/logo.png
21:38:20	Request file: /img/menuheader.png
21:41:43	Request file: /@@MENU@@_page_000.html?SESSIONKEY=632528
21:41:43	Request file: /jquery/jquery.min.js
21:41:43	Request file: /bootstrap/js/bootstrap.min.js
21:41:43	Request file: /js/lib.js
21:41:43	Request file: /css/maoni.css
21:41:43	Request file: /bootstrap/css/bootstrap.min.css
21:41:43	Request file: /css/dashboard.css
21:41:43	Request file: /css/animate.min.css
21:41:43	Request file: /img/logo.png
21:41:43	Request file: /img/menuheader.png
21:41:45	Request file: /index.html
21:41:45	Request file: /jquery/jquery.min.js
21:41:45	Request file: /bootstrap/js/bootstrap.min.js
21:41:45	Request file: /js/lib.js
21:41:45	Request file: /bootstrap/css/bootstrap.min.css
21:41:45	Request file: /css/maoni.css
21:41:45	Request file: /css/animate.min.css
21:41:45	Request file: /js/sha256.js
21:41:45	Request file: /js/toastr.js
21:41:45	Request file: /css/signin.css
21:41:45	Request file: /css/toastr.css
21:41:53	Request file: /BBDD
21:41:53	login -> {"f":"login","user":"maoni","pwd":"99390cfd08236787dbe95558846798013dcd060a1d6e6b49ad10a08f30eaf201"}
21:41:53	Request file: /@@MENU@@_page_000.html?SESSIONKEY=452326
21:41:53	Request file: /jquery/jquery.min.js
21:41:53	Request file: /bootstrap/js/bootstrap.min.js
21:41:53	Request file: /js/lib.js
21:41:53	Request file: /bootstrap/css/bootstrap.min.css
21:41:53	Request file: /css/maoni.css
21:41:53	Request file: /css/dashboard.css
21:41:53	Request file: /css/animate.min.css
21:41:53	Request file: /img/menuheader.png
21:41:53	Request file: /img/logo.png
21:41:53	Request file: /img/menuheader.png
