21:28:32	INICIO maoni. Escuchando en el puerto: 5555
21:29:58	INICIO maoni. Escuchando en el puerto: 5555
21:30:5	1 EMPRESA DEMO
21:30:5	  1 HOTEL DEMO
21:30:5	  2 DEMO HOTEL
21:30:5	    ES \inmail\inmail_es.html
21:30:19	      0 Fri Jan 01 2016 00:00:00 GMT+0100 (Hora estándar romance)
21:30:19	      1118 Fri Jan 01 2016 00:00:00 GMT+0100 (Hora estándar romance)
21:30:19	      999 Fri Jan 01 2016 00:00:00 GMT+0100 (Hora estándar romance)
21:30:19	      993 Fri Jan 01 2016 00:00:00 GMT+0100 (Hora estándar romance)
21:30:19	      1119 Wed Mar 23 2016 00:00:00 GMT+0100 (Hora estándar romance)
21:30:19	      1114 Mon May 02 2016 00:00:00 GMT+0200 (Hora de verano romance)
21:30:19	      1115 Mon May 02 2016 00:00:00 GMT+0200 (Hora de verano romance)
21:30:19	      1116 Mon May 02 2016 00:00:00 GMT+0200 (Hora de verano romance)
21:30:19	      1117 Mon May 02 2016 00:00:00 GMT+0200 (Hora de verano romance)
21:30:19	      1112 Mon May 02 2016 00:00:00 GMT+0200 (Hora de verano romance)
21:30:19	      1111 Mon May 02 2016 00:00:00 GMT+0200 (Hora de verano romance)
21:30:19	      1001 Mon May 02 2016 00:00:00 GMT+0200 (Hora de verano romance)
21:30:19	      2223 Wed May 04 2016 00:00:00 GMT+0200 (Hora de verano romance)
21:30:19	      11 Thu May 05 2016 00:00:00 GMT+0200 (Hora de verano romance)
21:30:19	      10 Thu May 05 2016 00:00:00 GMT+0200 (Hora de verano romance)
21:30:19	      2 Thu May 05 2016 00:00:00 GMT+0200 (Hora de verano romance)
21:30:19	      1215697 Sat May 07 2016 00:00:00 GMT+0200 (Hora de verano romance)
21:30:19	      1262304 Sun May 08 2016 00:00:00 GMT+0200 (Hora de verano romance)
21:30:19	      1215695 Sat May 07 2016 00:00:00 GMT+0200 (Hora de verano romance)
21:30:19	      1278687 Sun May 08 2016 00:00:00 GMT+0200 (Hora de verano romance)
21:30:19	      1278691 Sun May 08 2016 00:00:00 GMT+0200 (Hora de verano romance)
21:30:19	      1264692 Tue May 10 2016 00:00:00 GMT+0200 (Hora de verano romance)
21:30:19	      1274315 Tue May 10 2016 00:00:00 GMT+0200 (Hora de verano romance)
21:30:19	      1278683 Tue May 10 2016 00:00:00 GMT+0200 (Hora de verano romance)
21:30:19	      1276151 Tue May 10 2016 00:00:00 GMT+0200 (Hora de verano romance)
21:30:19	      1261456 Wed May 11 2016 00:00:00 GMT+0200 (Hora de verano romance)
21:30:19	      1 Thu May 05 2016 00:00:00 GMT+0200 (Hora de verano romance)
21:30:19	      3 Thu May 05 2016 00:00:00 GMT+0200 (Hora de verano romance)
21:33:46	INICIO maoni. Escuchando en el puerto: 5555
21:33:52	1 EMPRESA DEMO
21:33:52	  1 HOTEL DEMO
21:33:52	  2 DEMO HOTEL
21:33:53	    ES \inmail\inmail_es.html
21:33:53	      0 Fri Jan 01 2016 00:00:00 GMT+0100 (Hora estándar romance)
21:33:53	      1118 Fri Jan 01 2016 00:00:00 GMT+0100 (Hora estándar romance)
21:33:53	      993 Fri Jan 01 2016 00:00:00 GMT+0100 (Hora estándar romance)
21:33:53	      1119 Wed Mar 23 2016 00:00:00 GMT+0100 (Hora estándar romance)
21:33:53	      1114 Mon May 02 2016 00:00:00 GMT+0200 (Hora de verano romance)
21:33:53	      999 Fri Jan 01 2016 00:00:00 GMT+0100 (Hora estándar romance)
21:33:53	      1116 Mon May 02 2016 00:00:00 GMT+0200 (Hora de verano romance)
21:33:53	      1115 Mon May 02 2016 00:00:00 GMT+0200 (Hora de verano romance)
21:33:53	      1117 Mon May 02 2016 00:00:00 GMT+0200 (Hora de verano romance)
21:33:53	      1112 Mon May 02 2016 00:00:00 GMT+0200 (Hora de verano romance)
21:33:53	      1111 Mon May 02 2016 00:00:00 GMT+0200 (Hora de verano romance)
21:33:53	      2223 Wed May 04 2016 00:00:00 GMT+0200 (Hora de verano romance)
21:33:53	      1001 Mon May 02 2016 00:00:00 GMT+0200 (Hora de verano romance)
21:33:53	      11 Thu May 05 2016 00:00:00 GMT+0200 (Hora de verano romance)
21:33:53	      10 Thu May 05 2016 00:00:00 GMT+0200 (Hora de verano romance)
21:33:53	      3 Thu May 05 2016 00:00:00 GMT+0200 (Hora de verano romance)
21:33:53	      2 Thu May 05 2016 00:00:00 GMT+0200 (Hora de verano romance)
21:33:53	      1 Thu May 05 2016 00:00:00 GMT+0200 (Hora de verano romance)
21:33:53	      1215695 Sat May 07 2016 00:00:00 GMT+0200 (Hora de verano romance)
21:33:53	      1262304 Sun May 08 2016 00:00:00 GMT+0200 (Hora de verano romance)
21:33:53	      1278687 Sun May 08 2016 00:00:00 GMT+0200 (Hora de verano romance)
21:33:53	      1278691 Sun May 08 2016 00:00:00 GMT+0200 (Hora de verano romance)
21:33:53	      1264692 Tue May 10 2016 00:00:00 GMT+0200 (Hora de verano romance)
21:33:53	      1278683 Tue May 10 2016 00:00:00 GMT+0200 (Hora de verano romance)
21:33:53	      1276151 Tue May 10 2016 00:00:00 GMT+0200 (Hora de verano romance)
21:33:53	      1274315 Tue May 10 2016 00:00:00 GMT+0200 (Hora de verano romance)
21:33:53	      1215697 Sat May 07 2016 00:00:00 GMT+0200 (Hora de verano romance)
21:33:53	      1261456 Wed May 11 2016 00:00:00 GMT+0200 (Hora de verano romance)
21:50:45	INICIO maoni. Escuchando en el puerto: 5555
21:56:3	INICIO maoni. Escuchando en el puerto: 5555
22:10:17	INICIO maoni. Escuchando en el puerto: 5555
22:20:49	INICIO maoni. Escuchando en el puerto: 5555
22:20:49	Error: getaddrinfo ENOTFOUND mail.go.maoni.solutions mail.go.maoni.solutions:465
22:21:5	INICIO maoni. Escuchando en el puerto: 5555
22:21:5	Error: getaddrinfo ENOTFOUND mail.go.maoni.solutions mail.go.maoni.solutions:25
22:21:39	INICIO maoni. Escuchando en el puerto: 5555
22:21:40	Error: Hostname/IP doesn't match certificate's altnames: "Host: go.maoni.solutions. is not in the cert's altnames: DNS:*.guebs.net, DNS:guebs.net"
22:22:10	INICIO maoni. Escuchando en el puerto: 5555
22:22:10	Error: getaddrinfo ENOTFOUND mail.go.maoni.so_lutions mail.go.maoni.so_lutions:465
22:22:29	INICIO maoni. Escuchando en el puerto: 5555
22:22:29	Error: Hostname/IP doesn't match certificate's altnames: "Host: go.maoni.solutions. is not in the cert's altnames: DNS:*.guebs.net, DNS:guebs.net"
22:27:18	INICIO maoni. Escuchando en el puerto: 5555
22:27:18	Error: Hostname/IP doesn't match certificate's altnames: "IP: 52.16.112.227 is not in the cert's list: "
22:27:45	INICIO maoni. Escuchando en el puerto: 5555
22:27:45	Error: getaddrinfo ENOTFOUND mail.go.maoni.solutions mail.go.maoni.solutions:465
22:31:59	INICIO maoni. Escuchando en el puerto: 5555
22:31:59	Error: getaddrinfo ENOTFOUND mail.go.maoni.solutions mail.go.maoni.solutions:587
22:32:15	INICIO maoni. Escuchando en el puerto: 5555
22:32:15	Error: getaddrinfo ENOTFOUND mail.go.maoni.solutions mail.go.maoni.solutions:587
22:32:41	INICIO maoni. Escuchando en el puerto: 5555
22:32:41	Error: getaddrinfo ENOTFOUND mail.go.maoni.solutions mail.go.maoni.solutions:25
22:34:31	INICIO maoni. Escuchando en el puerto: 5555
22:34:32	Error: getaddrinfo ENOTFOUND mail.go.maoni.solutions mail.go.maoni.solutions:2096
22:34:45	INICIO maoni. Escuchando en el puerto: 5555
22:34:45	Error: getaddrinfo ENOTFOUND mail.go.maoni.solutions mail.go.maoni.solutions:2096
22:40:30	INICIO maoni. Escuchando en el puerto: 5555
22:40:31	Error: 101057795:error:140770FC:SSL routines:SSL23_GET_SERVER_HELLO:unknown protocol:openssl\ssl\s23_clnt.c:794:

22:40:55	INICIO maoni. Escuchando en el puerto: 5555
22:40:55	Error: getaddrinfo ENOTFOUND go.maoni.solutio_ns go.maoni.solutio_ns:25
22:41:21	INICIO maoni. Escuchando en el puerto: 5555
22:41:21	Error: Hostname/IP doesn't match certificate's altnames: "Host: go.maoni.solutions. is not in the cert's altnames: DNS:*.guebs.net, DNS:guebs.net"
22:41:34	INICIO maoni. Escuchando en el puerto: 5555
22:41:34	Error: getaddrinfo ENOTFOUND mail.go.maoni.solutions mail.go.maoni.solutions:25
22:42:25	INICIO maoni. Escuchando en el puerto: 5555
22:42:26	Error: Hostname/IP doesn't match certificate's altnames: "Host: go.maoni.solutions. is not in the cert's altnames: DNS:*.guebs.net, DNS:guebs.net"
22:42:47	INICIO maoni. Escuchando en el puerto: 5555
22:43:8	Error: connect ETIMEDOUT 52.16.245.109:587
22:43:23	INICIO maoni. Escuchando en el puerto: 5555
22:43:24	Error: Invalid login: 535 5.7.8 Error: authentication failed: authentication failure
22:43:49	INICIO maoni. Escuchando en el puerto: 5555
22:43:49	Error: Invalid login: 535 5.7.8 Error: authentication failed: authentication failure
22:44:18	INICIO maoni. Escuchando en el puerto: 5555
22:44:18	Error: getaddrinfo ENOTFOUND mail.go.maoni.solutions mail.go.maoni.solutions:587
22:44:39	INICIO maoni. Escuchando en el puerto: 5555
22:44:39	Error: getaddrinfo ENOTFOUND mail.go.maoni.solutions mail.go.maoni.solutions:25
22:44:57	INICIO maoni. Escuchando en el puerto: 5555
22:44:57	Error: getaddrinfo ENOTFOUND mail.go.maoni.solutions mail.go.maoni.solutions:587
22:45:7	INICIO maoni. Escuchando en el puerto: 5555
22:45:7	Error: getaddrinfo ENOTFOUND mail.go.maoni.solutions mail.go.maoni.solutions:465
22:46:51	INICIO maoni. Escuchando en el puerto: 5555
22:46:52	Error: Invalid login: 535 5.7.8 Error: authentication failed: authentication failure
22:47:1	INICIO maoni. Escuchando en el puerto: 5555
22:47:2	Error: Invalid login: 535 5.7.8 Error: authentication failed: authentication failure
22:47:21	INICIO maoni. Escuchando en el puerto: 5555
22:47:31	Error: Greeting never received
22:47:52	INICIO maoni. Escuchando en el puerto: 5555
22:47:52	Error: Invalid login: 535 5.7.8 Error: authentication failed: authentication failure
22:48:24	INICIO maoni. Escuchando en el puerto: 5555
22:48:37	Error: Greeting never received
22:51:13	INICIO maoni. Escuchando en el puerto: 5555
22:51:36	INICIO maoni. Escuchando en el puerto: 5555
22:51:39	Server is ready to take our messages
22:51:46	Message sent: 250 OK id=1azs9c-002Ywm-9M
22:56:47	INICIO maoni. Escuchando en el puerto: 5555
22:56:52	Server is ready to take our messages
22:57:1	Message sent: 250 OK id=1azsEf-002by9-3s
