12:56:11	INICIO maoni. Escuchando en el puerto: 5555
13:14:43	INICIO maoni. Escuchando en el puerto: 5555
13:16:24	INICIO maoni. Escuchando en el puerto: 5555
13:18:26	INICIO maoni. Escuchando en el puerto: 5555
13:19:20	INICIO maoni. Escuchando en el puerto: 5555
13:19:29	/@@MENU@@_page_000.html
13:19:51	/@@MENU@@_page_000.html
13:19:51	/
13:19:57	/jquery/jquery.min.js
13:19:57	/bootstrap/bootstrap.min.js
13:19:57	/bootstrap/bootstrap.min.css
13:19:57	/css/maoni.css
13:19:57	/css/animate.min.css
13:19:57	/css/signin.css
13:20:25	INICIO maoni. Escuchando en el puerto: 5555
13:20:30	/
13:20:30	/jquery/jquery.min.js
13:20:30	/bootstrap/bootstrap.min.js
13:20:30	/bootstrap/bootstrap.min.css
13:20:30	/css/maoni.css
13:20:30	/css/signin.css
13:20:30	/css/animate.min.css
13:20:39	/@@MENU@@_page_000.html
13:20:39	/jquery/jquery.min.js
13:20:39	/bootstrap/bootstrap.min.js
13:20:39	/js/lib.js
13:20:39	/bootstrap/bootstrap.min.css
13:20:39	/css/maoni.css
13:20:39	/css/dashboard.css
13:20:39	/css/animate.min.css
13:20:39	/img/menuheader.png
13:21:24	INICIO maoni. Escuchando en el puerto: 5555
13:21:29	/@@MENU@@_page_000.html
13:21:29	/jquery/jquery.min.js
13:21:29	/bootstrap/bootstrap.min.js
13:21:29	/js/lib.js
13:21:29	/bootstrap/bootstrap.min.css
13:21:29	/css/maoni.css
13:21:29	/css/dashboard.css
13:21:29	/css/animate.min.css
13:21:30	/img/menuheader.png
13:22:40	INICIO maoni. Escuchando en el puerto: 5555
13:22:44	/@@MENU@@_page_000.html
13:22:44	/jquery/jquery.min.js
13:22:44	/bootstrap/bootstrap.min.js
13:22:44	/js/lib.js
13:22:44	/css/dashboard.css
13:22:44	/css/maoni.css
13:22:44	/bootstrap/bootstrap.min.css
13:22:44	/css/animate.min.css
13:22:44	/img/menuheader.png
13:23:59	INICIO maoni. Escuchando en el puerto: 5555
13:24:2	/@@MENU@@_page_000.html
13:24:2	/jquery/jquery.min.js
13:24:2	/bootstrap/bootstrap.min.js
13:24:2	/bootstrap/bootstrap.min.css
13:24:2	/js/lib.js
13:24:2	/css/maoni.css
13:24:2	/css/dashboard.css
13:24:2	/css/animate.min.css
13:24:2	/img/menuheader.png
13:26:51	INICIO maoni. Escuchando en el puerto: 5555
13:27:2	INICIO maoni. Escuchando en el puerto: 5555
13:27:11	/@@MENU@@_page_000.html
13:27:11	/jquery/jquery.min.js
13:27:11	/bootstrap/bootstrap.min.js
13:27:11	/js/lib.js
13:27:11	/css/maoni.css
13:27:11	/bootstrap/bootstrap.min.css
13:27:11	/css/dashboard.css
13:27:11	/css/animate.min.css
13:27:11	/img/menuheader.png
13:29:16	INICIO maoni. Escuchando en el puerto: 5555
13:29:28	Request file: /@@MENU@@_page_000.html
13:29:28	Request file: /jquery/jquery.min.js
13:29:28	Request file: /bootstrap/bootstrap.min.js
13:29:28	Request file: /js/lib.js
13:29:28	Request file: /bootstrap/bootstrap.min.css
13:29:28	Request file: /css/dashboard.css
13:29:28	Request file: /css/maoni.css
13:29:28	Request file: /css/animate.min.css
13:29:28	Request file: /img/menuheader.png
13:29:32	Request file: /BBDD
13:29:32	version -> {"f":"version","user":"usr","pass":"pass"}
13:29:32	Request file: /@@MENU@@_page_000.html
13:29:32	Request file: /jquery/jquery.min.js
13:29:32	Request file: /bootstrap/bootstrap.min.js
13:29:32	Request file: /js/lib.js
13:29:32	Request file: /bootstrap/bootstrap.min.css
13:29:32	Request file: /css/maoni.css
13:29:32	Request file: /css/dashboard.css
13:29:32	Request file: /css/animate.min.css
13:29:32	Request file: /img/menuheader.png
13:29:38	Request file: /BBDD
13:29:38	version -> {"f":"version","user":"usr","pass":"pass"}
13:29:38	Request file: /@@MENU@@_page_000.html
13:29:38	Request file: /jquery/jquery.min.js
13:29:38	Request file: /bootstrap/bootstrap.min.js
13:29:38	Request file: /js/lib.js
13:29:38	Request file: /bootstrap/bootstrap.min.css
13:29:38	Request file: /css/maoni.css
13:29:38	Request file: /css/dashboard.css
13:29:38	Request file: /css/animate.min.css
13:29:38	Request file: /img/menuheader.png
13:31:26	INICIO maoni. Escuchando en el puerto: 5555
13:31:34	Request file: /@@MENU@@_page_000.html
13:31:34	Request file: /jquery/jquery.min.js
13:31:34	Request file: /bootstrap/bootstrap.min.js
13:31:34	Request file: /js/lib.js
13:31:34	Request file: /css/maoni.css
13:31:34	Request file: /bootstrap/bootstrap.min.css
13:31:34	Request file: /css/dashboard.css
13:31:34	Request file: /css/animate.min.css
13:31:34	Request file: /img/menuheader.png
13:31:38	Request file: /BBDD
13:31:38	version -> {"f":"version","user":"usr","pass":"pass"}
13:31:51	Request file: /@@MENU@@_page_000.html
13:31:52	Request file: /jquery/jquery.min.js
13:31:52	Request file: /bootstrap/bootstrap.min.js
13:31:52	Request file: /js/lib.js
13:31:52	Request file: /bootstrap/bootstrap.min.css
13:31:52	Request file: /css/maoni.css
13:31:52	Request file: /css/dashboard.css
13:31:52	Request file: /css/animate.min.css
13:31:52	Request file: /img/menuheader.png
13:32:2	Request file: /BBDD
13:32:2	version -> {"f":"version","user":"usr","pass":"pass"}
13:32:2	Request file: /@@MENU@@_page_000.html
13:32:2	Request file: /jquery/jquery.min.js
13:32:2	Request file: /bootstrap/bootstrap.min.js
13:32:2	Request file: /js/lib.js
13:32:2	Request file: /bootstrap/bootstrap.min.css
13:32:2	Request file: /css/maoni.css
13:32:2	Request file: /css/dashboard.css
13:32:2	Request file: /css/animate.min.css
13:32:2	Request file: /img/menuheader.png
13:32:17	Request file: /BBDD
13:32:17	version -> {"f":"version","user":"usr","pass":"pass"}
13:32:29	Request file: /@@MENU@@_page_000.html
13:32:29	Request file: /jquery/jquery.min.js
13:32:29	Request file: /bootstrap/bootstrap.min.js
13:32:29	Request file: /js/lib.js
13:32:29	Request file: /bootstrap/bootstrap.min.css
13:32:29	Request file: /css/maoni.css
13:32:29	Request file: /css/dashboard.css
13:32:29	Request file: /css/animate.min.css
13:32:29	Request file: /img/menuheader.png
13:33:3	Request file: /jquery/jquery.min.map
13:33:59	INICIO maoni. Escuchando en el puerto: 5555
13:34:3	Request file: /@@MENU@@_page_000.html
13:34:3	Request file: /jquery/jquery.min.js
13:34:3	Request file: /bootstrap/bootstrap.min.js
13:34:3	Request file: /js/lib.js
13:34:3	Request file: /bootstrap/bootstrap.min.css
13:34:3	Request file: /css/dashboard.css
13:34:3	Request file: /css/maoni.css
13:34:3	Request file: /css/animate.min.css
13:34:3	Request file: /jquery/jquery.min.map
13:34:3	Request file: /img/menuheader.png
13:34:15	Request file: /BBDD
13:34:15	version -> {"f":"version","user":"usr","pass":"pass"}
13:34:15	Request file: /@@MENU@@_page_000.html
13:34:15	Request file: /jquery/jquery.min.js
13:34:15	Request file: /bootstrap/bootstrap.min.js
13:34:15	Request file: /js/lib.js
13:34:15	Request file: /bootstrap/bootstrap.min.css
13:34:15	Request file: /css/maoni.css
13:34:15	Request file: /css/dashboard.css
13:34:15	Request file: /css/animate.min.css
13:34:15	Request file: /jquery/jquery.min.map
13:34:15	Request file: /img/menuheader.png
13:34:17	Request file: /BBDD
13:34:17	version -> {"f":"version","user":"usr","pass":"pass"}
13:34:17	Request file: /@@MENU@@_page_000.html
13:34:17	Request file: /jquery/jquery.min.js
13:34:17	Request file: /bootstrap/bootstrap.min.js
13:34:17	Request file: /js/lib.js
13:34:17	Request file: /bootstrap/bootstrap.min.css
13:34:17	Request file: /css/maoni.css
13:34:17	Request file: /css/dashboard.css
13:34:17	Request file: /css/animate.min.css
13:34:18	Request file: /jquery/jquery.min.map
13:34:18	Request file: /img/menuheader.png
13:34:19	Request file: /BBDD
13:34:19	version -> {"f":"version","user":"usr","pass":"pass"}
13:34:19	Request file: /@@MENU@@_page_000.html
13:34:19	Request file: /jquery/jquery.min.js
13:34:19	Request file: /bootstrap/bootstrap.min.js
13:34:19	Request file: /js/lib.js
13:34:19	Request file: /bootstrap/bootstrap.min.css
13:34:19	Request file: /css/maoni.css
13:34:19	Request file: /css/dashboard.css
13:34:19	Request file: /css/animate.min.css
13:34:19	Request file: /jquery/jquery.min.map
13:34:19	Request file: /img/menuheader.png
13:38:12	Request file: /@@MENU@@_page_000.html
13:38:12	Request file: /jquery/jquery.min.js
13:38:12	Request file: /bootstrap/bootstrap.min.js
13:38:12	Request file: /js/lib.js
13:38:12	Request file: /bootstrap/bootstrap.min.css
13:38:12	Request file: /css/dashboard.css
13:38:12	Request file: /css/maoni.css
13:38:12	Request file: /css/animate.min.css
13:38:12	Request file: /jquery/jquery.min.map
13:38:12	Request file: /img/menuheader.png
13:38:14	Request file: /@@MENU@@_page_000.html
13:38:14	Request file: /jquery/jquery.min.js
13:38:14	Request file: /bootstrap/bootstrap.min.js
13:38:14	Request file: /js/lib.js
13:38:14	Request file: /bootstrap/bootstrap.min.css
13:38:14	Request file: /css/maoni.css
13:38:14	Request file: /css/dashboard.css
13:38:14	Request file: /css/animate.min.css
13:38:14	Request file: /jquery/jquery.min.map
13:38:14	Request file: /img/menuheader.png
13:38:16	Request file: /@@MENU@@_page_000.html
13:38:16	Request file: /jquery/jquery.min.js
13:38:16	Request file: /bootstrap/bootstrap.min.js
13:38:16	Request file: /js/lib.js
13:38:16	Request file: /bootstrap/bootstrap.min.css
13:38:16	Request file: /css/maoni.css
13:38:16	Request file: /css/animate.min.css
13:38:16	Request file: /css/dashboard.css
13:38:16	Request file: /jquery/jquery.min.map
13:38:16	Request file: /img/menuheader.png
13:38:28	Request file: /@@MENU@@_page_000.html
13:38:28	Request file: /jquery/jquery.min.js
13:38:28	Request file: /bootstrap/bootstrap.min.js
13:38:28	Request file: /js/lib.js
13:38:28	Request file: /bootstrap/bootstrap.min.css
13:38:28	Request file: /css/maoni.css
13:38:28	Request file: /css/dashboard.css
13:38:28	Request file: /css/animate.min.css
13:38:28	Request file: /jquery/jquery.min.map
13:38:28	Request file: /img/menuheader.png
13:38:31	Request file: /@@MENU@@_page_000.html
13:38:31	Request file: /jquery/jquery.min.js
13:38:31	Request file: /bootstrap/bootstrap.min.js
13:38:31	Request file: /js/lib.js
13:38:31	Request file: /bootstrap/bootstrap.min.css
13:38:31	Request file: /css/maoni.css
13:38:31	Request file: /css/dashboard.css
13:38:31	Request file: /css/animate.min.css
13:38:31	Request file: /jquery/jquery.min.map
13:38:31	Request file: /img/menuheader.png
13:38:34	Request file: /@@MENU@@_page_000.html
13:38:34	Request file: /jquery/jquery.min.js
13:38:34	Request file: /bootstrap/bootstrap.min.js
13:38:34	Request file: /js/lib.js
13:38:34	Request file: /bootstrap/bootstrap.min.css
13:38:34	Request file: /css/maoni.css
13:38:34	Request file: /css/dashboard.css
13:38:34	Request file: /css/animate.min.css
13:38:34	Request file: /jquery/jquery.min.map
13:38:34	Request file: /img/menuheader.png
13:39:1	Request file: /@@MENU@@_page_000.html
13:39:1	Request file: /jquery/jquery.min.js
13:39:1	Request file: /bootstrap/bootstrap.min.js
13:39:1	Request file: /js/lib.js
13:39:1	Request file: /bootstrap/bootstrap.min.css
13:39:1	Request file: /css/maoni.css
13:39:1	Request file: /css/dashboard.css
13:39:1	Request file: /css/animate.min.css
13:39:1	Request file: /img/menuheader.png
13:39:29	Request file: /@@MENU@@_page_000.html
13:39:29	Request file: /jquery/jquery.min.js
13:39:29	Request file: /bootstrap/bootstrap.min.js
13:39:29	Request file: /js/lib.js
13:39:29	Request file: /bootstrap/bootstrap.min.css
13:39:29	Request file: /css/maoni.css
13:39:29	Request file: /css/dashboard.css
13:39:29	Request file: /css/animate.min.css
13:39:29	Request file: /img/menuheader.png
13:40:5	Request file: /@@MENU@@_page_000.html
13:40:5	Request file: /jquery/jquery.min.js
13:40:5	Request file: /js/lib.js
13:40:5	Request file: /css/maoni.css
13:40:5	Request file: /bootstrap/bootstrap.min.js
13:40:5	Request file: /bootstrap/bootstrap.min.css
13:40:5	Request file: /css/dashboard.css
13:40:5	Request file: /css/animate.min.css
13:40:6	Request file: /img/menuheader.png
13:40:9	Request file: /@@MENU@@_page_001.html
13:40:9	Request file: /jquery/jquery.min.js
13:40:9	Request file: /bootstrap/bootstrap.min.js
13:40:9	Request file: /js/lib.js
13:40:9	Request file: /bootstrap/bootstrap.min.css
13:40:9	Request file: /css/maoni.css
13:40:9	Request file: /css/dashboard.css
13:40:9	Request file: /css/animate.min.css
13:40:9	Request file: /img/menuheader.png
13:40:30	Request file: /@@MENU@@_page_001.html
13:40:30	Request file: /jquery/jquery.min.js
13:40:30	Request file: /bootstrap/bootstrap.min.js
13:40:30	Request file: /js/lib.js
13:40:30	Request file: /bootstrap/bootstrap.min.css
13:40:30	Request file: /css/maoni.css
13:40:30	Request file: /css/dashboard.css
13:40:30	Request file: /css/animate.min.css
13:40:30	Request file: /img/menuheader.png
13:40:32	Request file: /BBDD
13:40:32	version -> {"f":"version","user":"usr","pass":"pass"}
13:40:35	Request file: /BBDD
13:40:35	version -> {"f":"version","user":"usr","pass":"pass"}
15:4:31	INICIO maoni. Escuchando en el puerto: 5555
15:4:42	Request file: /@@MENU@@_page_001.html
15:4:43	Request file: /jquery/jquery.min.js
15:4:43	Request file: /bootstrap/bootstrap.min.js
15:4:43	Request file: /js/lib.js
15:4:43	Request file: /bootstrap/bootstrap.min.css
15:4:43	Request file: /css/maoni.css
15:4:43	Request file: /css/dashboard.css
15:4:43	Request file: /css/animate.min.css
15:4:43	Request file: /img/menuheader.png
15:4:51	Request file: /BBDD
15:4:51	sel_all_from_empresas -> {"f":"sel_all_from_empresas"}
15:30:54	Request file: /BBDD
15:30:54	sel_all_from_empresas -> {"f":"sel_all_from_empresas"}
15:31:18	Request file: /BBDD
15:31:18	sel_all_from_empresas -> {"f":"sel_all_from_empresas"}
15:31:45	Request file: /@@MENU@@_page_001.html
15:31:45	Request file: /jquery/jquery.min.js
15:31:45	Request file: /bootstrap/bootstrap.min.js
15:31:45	Request file: /js/lib.js
15:31:45	Request file: /css/maoni.css
15:31:45	Request file: /bootstrap/bootstrap.min.css
15:31:45	Request file: /css/dashboard.css
15:31:45	Request file: /css/animate.min.css
15:31:45	Request file: /img/menuheader.png
15:31:49	Request file: /BBDD
15:31:49	sel_all_from_empresas -> {"f":"sel_all_from_empresas"}
15:31:51	Request file: /BBDD
15:31:51	sel_all_from_empresas -> {"f":"sel_all_from_empresas"}
15:32:49	Request file: /BBDD
15:32:49	sel_all_from_empresas -> {"f":"sel_all_from_empresas"}
15:33:39	INICIO maoni. Escuchando en el puerto: 5555
15:33:47	Request file: /@@MENU@@_page_001.html
15:33:47	Request file: /jquery/jquery.min.js
15:33:47	Request file: /bootstrap/bootstrap.min.js
15:33:47	Request file: /js/lib.js
15:33:47	Request file: /bootstrap/bootstrap.min.css
15:33:47	Request file: /css/maoni.css
15:33:47	Request file: /css/dashboard.css
15:33:47	Request file: /css/animate.min.css
15:33:47	Request file: /img/menuheader.png
15:33:49	Request file: /BBDD
15:33:49	sel_all_from_empresas -> {"f":"sel_all_from_empresas"}
15:55:32	Request file: /@@MENU@@_page_001.html
15:55:32	Request file: /jquery/jquery.min.js
15:55:32	Request file: /bootstrap/bootstrap.min.js
15:55:32	Request file: /bootstrap/bootstrap.min.css
15:55:32	Request file: /js/lib.js
15:55:32	Request file: /css/dashboard.css
15:55:32	Request file: /css/maoni.css
15:55:32	Request file: /css/animate.min.css
15:55:33	Request file: /img/menuheader.png
15:57:58	Request file: /@@MENU@@_page_001.html
15:57:58	Request file: /jquery/jquery.min.js
15:57:58	Request file: /bootstrap/bootstrap.min.js
15:57:58	Request file: /bootstrap/bootstrap.min.css
15:57:58	Request file: /js/lib.js
15:57:58	Request file: /css/maoni.css
15:57:58	Request file: /css/dashboard.css
15:57:58	Request file: /css/animate.min.css
15:57:58	Request file: /img/menuheader.png
15:58:10	Request file: /@@MENU@@_page_002.html
15:58:10	Request file: /jquery/jquery.min.js
15:58:10	Request file: /bootstrap/bootstrap.min.js
15:58:10	Request file: /js/lib.js
15:58:10	Request file: /bootstrap/bootstrap.min.css
15:58:10	Request file: /css/maoni.css
15:58:10	Request file: /css/dashboard.css
15:58:10	Request file: /css/animate.min.css
15:58:10	Request file: /img/menuheader.png
15:58:12	Request file: /BBDD
15:58:12	sel_all_from_empresas -> {"f":"sel_all_from_empresas"}
15:59:57	Request file: /@@MENU@@_page_002.html
15:59:57	Request file: /jquery/jquery.min.js
15:59:57	Request file: /bootstrap/bootstrap.min.js
15:59:57	Request file: /js/lib.js
15:59:57	Request file: /bootstrap/bootstrap.min.css
15:59:57	Request file: /css/maoni.css
15:59:57	Request file: /css/dashboard.css
15:59:57	Request file: /css/animate.min.css
15:59:57	Request file: /img/menuheader.png
15:59:59	Request file: /@@MENU@@_page_100.html
16:0:39	Request file: /@@MENU@@_page_100.html
16:0:43	Request file: /@@MENU@@_page_100.html
16:0:47	Request file: /@@MENU@@_page_002.html
16:0:47	Request file: /jquery/jquery.min.js
16:0:47	Request file: /bootstrap/bootstrap.min.js
16:0:47	Request file: /js/lib.js
16:0:47	Request file: /bootstrap/bootstrap.min.css
16:0:47	Request file: /css/maoni.css
16:0:47	Request file: /css/dashboard.css
16:0:47	Request file: /css/animate.min.css
16:0:47	Request file: /img/menuheader.png
16:0:48	Request file: /@@MENU@@_page_101.html
16:0:48	Request file: /jquery/jquery.min.js
16:0:48	Request file: /bootstrap/bootstrap.min.js
16:0:48	Request file: /js/lib.js
16:0:48	Request file: /bootstrap/bootstrap.min.css
16:0:48	Request file: /css/maoni.css
16:0:48	Request file: /css/dashboard.css
16:0:48	Request file: /css/animate.min.css
16:0:49	Request file: /img/menuheader.png
16:9:3	Request file: /@@MENU@@_page_101.html
16:9:3	Request file: /jquery/jquery.min.js
16:9:3	Request file: /bootstrap/bootstrap.min.js
16:9:3	Request file: /js/lib.js
16:9:3	Request file: /bootstrap/bootstrap.min.css
16:9:3	Request file: /css/animate.min.css
16:9:3	Request file: /css/dashboard.css
16:9:3	Request file: /css/maoni.css
16:9:3	Request file: /fonts/glyphicons-halflings-regular.woff2
16:9:3	Request file: /fonts/glyphicons-halflings-regular.woff
16:9:3	Request file: /fonts/glyphicons-halflings-regular.ttf
16:9:4	Request file: /@@MENU@@_page_101.html
16:9:4	Request file: /jquery/jquery.min.js
16:9:4	Request file: /bootstrap/bootstrap.min.js
16:9:4	Request file: /js/lib.js
16:9:4	Request file: /bootstrap/bootstrap.min.css
16:9:4	Request file: /css/maoni.css
16:9:4	Request file: /css/dashboard.css
16:9:4	Request file: /css/animate.min.css
16:9:4	Request file: /fonts/glyphicons-halflings-regular.woff2
16:9:4	Request file: /fonts/glyphicons-halflings-regular.woff
16:9:4	Request file: /fonts/glyphicons-halflings-regular.ttf
16:10:25	Request file: /@@MENU@@_page_101.html
16:10:25	Request file: /jquery/jquery.min.js
16:10:25	Request file: /bootstrap/bootstrap.min.js
16:10:25	Request file: /js/lib.js
16:10:25	Request file: /bootstrap/bootstrap.min.css
16:10:25	Request file: /css/maoni.css
16:10:25	Request file: /css/dashboard.css
16:10:25	Request file: /css/animate.min.css
16:10:25	Request file: /fonts/glyphicons-halflings-regular.woff2
16:10:25	Request file: /fonts/glyphicons-halflings-regular.woff
16:10:25	Request file: /fonts/glyphicons-halflings-regular.ttf
16:11:27	Request file: /@@MENU@@_page_101.html
16:11:27	Request file: /jquery/jquery.min.js
16:11:27	Request file: /bootstrap/bootstrap.min.js
16:11:27	Request file: /js/lib.js
16:11:27	Request file: /bootstrap/bootstrap.min.css
16:11:27	Request file: /css/maoni.css
16:11:27	Request file: /css/dashboard.css
16:11:27	Request file: /css/animate.min.css
16:11:27	Request file: /fonts/glyphicons-halflings-regular.woff2
16:11:27	Request file: /fonts/glyphicons-halflings-regular.woff
16:13:9	Request file: /@@MENU@@_page_101.html
16:13:9	Request file: /jquery/jquery.min.js
16:13:9	Request file: /bootstrap/js/bootstrap.min.js
16:13:9	Request file: /js/lib.js
16:13:9	Request file: /bootstrap/css/bootstrap.min.css
16:13:9	Request file: /css/maoni.css
16:13:9	Request file: /css/dashboard.css
16:13:9	Request file: /css/animate.min.css
16:13:9	Request file: /bootstrap/fonts/glyphicons-halflings-regular.woff2
16:13:9	Request file: /bootstrap/fonts/glyphicons-halflings-regular.woff
16:13:15	Request file: /@@MENU@@_page_001.html
16:13:15	Request file: /jquery/jquery.min.js
16:13:15	Request file: /bootstrap/js/bootstrap.min.js
16:13:15	Request file: /js/lib.js
16:13:15	Request file: /bootstrap/css/bootstrap.min.css
16:13:15	Request file: /css/maoni.css
16:13:15	Request file: /css/dashboard.css
16:13:15	Request file: /css/animate.min.css
16:13:16	Request file: /img/menuheader.png
16:13:17	Request file: /@@MENU@@_page_002.html
16:13:17	Request file: /jquery/jquery.min.js
16:13:17	Request file: /bootstrap/js/bootstrap.min.js
16:13:17	Request file: /js/lib.js
16:13:17	Request file: /bootstrap/css/bootstrap.min.css
16:13:17	Request file: /css/maoni.css
16:13:17	Request file: /css/dashboard.css
16:13:17	Request file: /css/animate.min.css
16:13:17	Request file: /img/menuheader.png
16:13:19	Request file: /@@MENU@@_page_101.html
16:13:19	Request file: /jquery/jquery.min.js
16:13:19	Request file: /bootstrap/js/bootstrap.min.js
16:13:19	Request file: /js/lib.js
16:13:19	Request file: /bootstrap/css/bootstrap.min.css
16:13:19	Request file: /css/maoni.css
16:13:19	Request file: /css/dashboard.css
16:13:19	Request file: /css/animate.min.css
16:13:19	Request file: /bootstrap/fonts/glyphicons-halflings-regular.woff2
16:16:0	Request file: /@@MENU@@_page_101.html
16:16:0	Request file: /jquery/jquery.min.js
16:16:0	Request file: /bootstrap/js/bootstrap.min.js
16:16:0	Request file: /js/lib.js
16:16:0	Request file: /css/maoni.css
16:16:0	Request file: /bootstrap/css/bootstrap.min.css
16:16:0	Request file: /css/dashboard.css
16:16:0	Request file: /css/animate.min.css
16:16:0	Request file: /bootstrap/fonts/glyphicons-halflings-regular.woff2
16:16:59	Request file: /@@MENU@@_page_101.html
16:16:59	Request file: /jquery/jquery.min.js
16:16:59	Request file: /bootstrap/js/bootstrap.min.js
16:16:59	Request file: /js/lib.js
16:16:59	Request file: /bootstrap/css/bootstrap.min.css
16:16:59	Request file: /css/maoni.css
16:16:59	Request file: /css/dashboard.css
16:16:59	Request file: /css/animate.min.css
16:17:0	Request file: /bootstrap/fonts/glyphicons-halflings-regular.woff2
16:18:34	Request file: /
16:18:34	Request file: /jquery/jquery.min.js
16:18:34	Request file: /bootstrap/js/bootstrap.min.js
16:18:34	Request file: /bootstrap/css/bootstrap.min.css
16:18:34	Request file: /css/maoni.css
16:18:34	Request file: /css/animate.min.css
16:18:34	Request file: /css/signin.css
16:29:45	INICIO maoni. Escuchando en el puerto: 5555
16:29:48	Request file: /
16:29:48	Request file: /jquery/jquery.min.js
16:29:48	Request file: /bootstrap/js/bootstrap.min.js
16:29:48	Request file: /bootstrap/css/bootstrap.min.css
16:29:48	Request file: /css/maoni.css
16:29:48	Request file: /css/signin.css
16:29:48	Request file: /css/animate.min.css
16:29:50	Request file: /@@MENU@@_page_000.html
16:29:50	Request file: /jquery/jquery.min.js
16:29:50	Request file: /bootstrap/js/bootstrap.min.js
16:29:50	Request file: /js/lib.js
16:29:50	Request file: /bootstrap/css/bootstrap.min.css
16:29:50	Request file: /css/maoni.css
16:29:50	Request file: /css/dashboard.css
16:29:50	Request file: /css/animate.min.css
16:29:50	Request file: /img/menuheader.png
16:29:52	Request file: /@@MENU@@_page_101.html
16:29:52	Request file: /jquery/jquery.min.js
16:29:52	Request file: /bootstrap/js/bootstrap.min.js
16:29:52	Request file: /js/lib.js
16:29:52	Request file: /bootstrap/css/bootstrap.min.css
16:29:52	Request file: /css/maoni.css
16:29:52	Request file: /css/dashboard.css
16:29:52	Request file: /css/animate.min.css
16:29:52	Request file: /bootstrap/fonts/glyphicons-halflings-regular.woff2
16:29:52	Request file: /BBDD
16:29:52	sel_all_from_users -> {"f":"sel_all_from_users"}
16:31:1	Request file: /@@MENU@@_page_101.html
16:31:1	Request file: /jquery/jquery.min.js
16:31:1	Request file: /bootstrap/js/bootstrap.min.js
16:31:1	Request file: /js/lib.js
16:31:1	Request file: /bootstrap/css/bootstrap.min.css
16:31:1	Request file: /css/maoni.css
16:31:1	Request file: /css/dashboard.css
16:31:1	Request file: /css/animate.min.css
16:31:1	Request file: /BBDD
16:31:1	sel_all_from_users -> {"f":"sel_all_from_users"}
16:31:1	Request file: /bootstrap/fonts/glyphicons-halflings-regular.woff2
17:13:10	Request file: /@@MENU@@_page_101.html
17:13:11	Request file: /jquery/jquery.min.js
17:13:11	Request file: /bootstrap/js/bootstrap.min.js
17:13:11	Request file: /js/lib.js
17:13:11	Request file: /bootstrap/css/bootstrap.min.css
17:13:11	Request file: /css/maoni.css
17:13:11	Request file: /css/dashboard.css
17:13:11	Request file: /css/animate.min.css
17:13:11	Request file: /BBDD
17:13:11	sel_all_from_users -> {"f":"sel_all_from_users"}
17:13:11	Request file: /bootstrap/fonts/glyphicons-halflings-regular.woff2
17:14:47	Request file: /@@MENU@@_page_101.html
17:14:47	Request file: /jquery/jquery.min.js
17:14:47	Request file: /bootstrap/js/bootstrap.min.js
17:14:47	Request file: /js/lib.js
17:14:47	Request file: /bootstrap/css/bootstrap.min.css
17:14:47	Request file: /css/maoni.css
17:14:47	Request file: /css/dashboard.css
17:14:47	Request file: /css/animate.min.css
17:14:47	Request file: /BBDD
17:14:47	sel_all_from_users -> {"f":"sel_all_from_users"}
17:14:47	Request file: /bootstrap/fonts/glyphicons-halflings-regular.woff2
17:15:7	Request file: /jquery/jquery.min.map
17:15:22	Request file: /@@MENU@@_page_101.html
17:15:22	Request file: /jquery/jquery.min.js
17:15:22	Request file: /bootstrap/js/bootstrap.min.js
17:15:22	Request file: /js/lib.js
17:15:22	Request file: /bootstrap/css/bootstrap.min.css
17:15:22	Request file: /css/maoni.css
17:15:22	Request file: /css/dashboard.css
17:15:22	Request file: /css/animate.min.css
17:15:22	Request file: /jquery/jquery.min.map
17:15:23	Request file: /BBDD
17:15:23	sel_all_from_users -> {"f":"sel_all_from_users"}
17:15:23	Request file: /bootstrap/fonts/glyphicons-halflings-regular.woff2
17:16:36	INICIO maoni. Escuchando en el puerto: 5555
17:16:40	Request file: /@@MENU@@_page_101.html
17:16:40	Request file: /jquery/jquery.min.js
17:16:40	Request file: /bootstrap/js/bootstrap.min.js
17:16:40	Request file: /js/lib.js
17:16:40	Request file: /bootstrap/css/bootstrap.min.css
17:16:40	Request file: /css/dashboard.css
17:16:40	Request file: /css/maoni.css
17:16:40	Request file: /css/animate.min.css
17:16:40	Request file: /jquery/jquery.min.map
17:16:40	Request file: /BBDD
17:16:40	sel_all_from_users -> {"f":"sel_all_from_users"}
17:16:40	Request file: /bootstrap/fonts/glyphicons-halflings-regular.woff2
17:16:50	Request file: /@@MENU@@_page_001.html
17:16:50	Request file: /jquery/jquery.min.js
17:16:50	Request file: /bootstrap/js/bootstrap.min.js
17:16:50	Request file: /js/lib.js
17:16:50	Request file: /bootstrap/css/bootstrap.min.css
17:16:50	Request file: /css/maoni.css
17:16:50	Request file: /css/dashboard.css
17:16:50	Request file: /css/animate.min.css
17:16:50	Request file: /img/menuheader.png
17:16:52	Request file: /@@MENU@@_page_002.html
17:16:52	Request file: /jquery/jquery.min.js
17:16:52	Request file: /bootstrap/js/bootstrap.min.js
17:16:52	Request file: /js/lib.js
17:16:52	Request file: /bootstrap/css/bootstrap.min.css
17:16:52	Request file: /css/maoni.css
17:16:52	Request file: /css/dashboard.css
17:16:52	Request file: /css/animate.min.css
17:16:52	Request file: /img/menuheader.png
17:16:54	Request file: /@@MENU@@_page_101.html
17:16:54	Request file: /jquery/jquery.min.js
17:16:54	Request file: /bootstrap/js/bootstrap.min.js
17:16:54	Request file: /js/lib.js
17:16:54	Request file: /bootstrap/css/bootstrap.min.css
17:16:54	Request file: /css/maoni.css
17:16:54	Request file: /css/dashboard.css
17:16:54	Request file: /css/animate.min.css
17:16:54	Request file: /bootstrap/fonts/glyphicons-halflings-regular.woff2
17:16:54	Request file: /BBDD
17:16:54	sel_all_from_users -> {"f":"sel_all_from_users"}
17:17:19	Request file: /@@MENU@@_page_101.html
17:17:19	Request file: /jquery/jquery.min.js
17:17:19	Request file: /bootstrap/js/bootstrap.min.js
17:17:19	Request file: /js/lib.js
17:17:19	Request file: /bootstrap/css/bootstrap.min.css
17:17:19	Request file: /css/maoni.css
17:17:19	Request file: /css/dashboard.css
17:17:19	Request file: /css/animate.min.css
17:17:19	Request file: /BBDD
17:17:19	sel_all_from_users -> {"f":"sel_all_from_users"}
17:17:19	Request file: /bootstrap/fonts/glyphicons-halflings-regular.woff2
17:23:49	Request file: /@@MENU@@_page_101.html
17:23:49	Request file: /jquery/jquery.min.js
17:23:49	Request file: /js/lib.js
17:23:49	Request file: /bootstrap/js/bootstrap.min.js
17:23:49	Request file: /css/maoni.css
17:23:49	Request file: /bootstrap/css/bootstrap.min.css
17:23:49	Request file: /css/dashboard.css
17:23:49	Request file: /css/animate.min.css
17:23:49	Request file: /BBDD
17:23:49	sel_all_from_users -> {"f":"sel_all_from_users"}
17:23:49	Request file: /bootstrap/fonts/glyphicons-halflings-regular.woff2
17:23:51	Request file: /@@MENU@@_page_101.html
17:23:51	Request file: /jquery/jquery.min.js
17:23:51	Request file: /bootstrap/js/bootstrap.min.js
17:23:51	Request file: /js/lib.js
17:23:51	Request file: /bootstrap/css/bootstrap.min.css
17:23:51	Request file: /css/maoni.css
17:23:51	Request file: /css/dashboard.css
17:23:51	Request file: /css/animate.min.css
17:23:51	Request file: /BBDD
17:23:51	sel_all_from_users -> {"f":"sel_all_from_users"}
17:23:51	Request file: /bootstrap/fonts/glyphicons-halflings-regular.woff2
17:23:52	Request file: /@@MENU@@_page_101.html
17:23:52	Request file: /jquery/jquery.min.js
17:23:52	Request file: /bootstrap/js/bootstrap.min.js
17:23:52	Request file: /js/lib.js
17:23:52	Request file: /bootstrap/css/bootstrap.min.css
17:23:52	Request file: /css/maoni.css
17:23:52	Request file: /css/dashboard.css
17:23:52	Request file: /css/animate.min.css
17:23:53	Request file: /BBDD
17:23:53	sel_all_from_users -> {"f":"sel_all_from_users"}
17:23:53	Request file: /bootstrap/fonts/glyphicons-halflings-regular.woff2
17:31:59	Request file: /@@MENU@@_page_101.html
17:31:59	Request file: /jquery/jquery.min.js
17:31:59	Request file: /bootstrap/js/bootstrap.min.js
17:31:59	Request file: /bootstrap/css/bootstrap.min.css
17:31:59	Request file: /js/lib.js
17:31:59	Request file: /css/maoni.css
17:31:59	Request file: /css/dashboard.css
17:31:59	Request file: /css/animate.min.css
17:31:59	Request file: /BBDD
17:31:59	sel_all_from_users -> {"f":"sel_all_from_users"}
17:31:59	Request file: /bootstrap/fonts/glyphicons-halflings-regular.woff2
17:33:33	Request file: /@@MENU@@_page_101.html
17:33:33	Request file: /jquery/jquery.min.js
17:33:33	Request file: /bootstrap/js/bootstrap.min.js
17:33:33	Request file: /js/lib.js
17:33:33	Request file: /bootstrap/css/bootstrap.min.css
17:33:33	Request file: /css/maoni.css
17:33:33	Request file: /css/dashboard.css
17:33:33	Request file: /css/animate.min.css
17:33:33	Request file: /BBDD
17:33:33	sel_all_from_users -> {"f":"sel_all_from_users"}
17:33:33	Request file: /bootstrap/fonts/glyphicons-halflings-regular.woff2
17:34:59	Request file: /@@MENU@@_page_101.html
17:34:59	Request file: /jquery/jquery.min.js
17:34:59	Request file: /bootstrap/js/bootstrap.min.js
17:34:59	Request file: /js/lib.js
17:34:59	Request file: /bootstrap/css/bootstrap.min.css
17:34:59	Request file: /css/maoni.css
17:34:59	Request file: /css/dashboard.css
17:34:59	Request file: /css/animate.min.css
17:34:59	Request file: /BBDD
17:34:59	sel_all_from_users -> {"f":"sel_all_from_users"}
17:34:59	Request file: /bootstrap/fonts/glyphicons-halflings-regular.woff2
17:35:31	Request file: /@@MENU@@_page_101.html
17:35:31	Request file: /jquery/jquery.min.js
17:35:31	Request file: /bootstrap/js/bootstrap.min.js
17:35:31	Request file: /js/lib.js
17:35:31	Request file: /bootstrap/css/bootstrap.min.css
17:35:31	Request file: /css/maoni.css
17:35:31	Request file: /css/dashboard.css
17:35:31	Request file: /css/animate.min.css
17:35:31	Request file: /BBDD
17:35:31	sel_all_from_users -> {"f":"sel_all_from_users"}
17:35:31	Request file: /bootstrap/fonts/glyphicons-halflings-regular.woff2
17:36:3	Request file: /@@MENU@@_page_101.html
17:36:3	Request file: /jquery/jquery.min.js
17:36:3	Request file: /bootstrap/js/bootstrap.min.js
17:36:3	Request file: /js/lib.js
17:36:3	Request file: /bootstrap/css/bootstrap.min.css
17:36:3	Request file: /css/maoni.css
17:36:3	Request file: /css/dashboard.css
17:36:3	Request file: /css/animate.min.css
17:36:4	Request file: /bootstrap/fonts/glyphicons-halflings-regular.woff2
17:36:4	Request file: /BBDD
17:36:4	sel_all_from_users -> {"f":"sel_all_from_users"}
17:37:4	Request file: /@@MENU@@_page_101.html
17:37:4	Request file: /jquery/jquery.min.js
17:37:4	Request file: /bootstrap/js/bootstrap.min.js
17:37:4	Request file: /js/lib.js
17:37:4	Request file: /bootstrap/css/bootstrap.min.css
17:37:4	Request file: /css/maoni.css
17:37:4	Request file: /css/dashboard.css
17:37:4	Request file: /css/animate.min.css
17:37:4	Request file: /bootstrap/fonts/glyphicons-halflings-regular.woff2
17:37:4	Request file: /BBDD
17:37:4	sel_all_from_users -> {"f":"sel_all_from_users"}
17:38:2	Request file: /@@MENU@@_page_101.html
17:38:2	Request file: /jquery/jquery.min.js
17:38:2	Request file: /bootstrap/js/bootstrap.min.js
17:38:2	Request file: /js/lib.js
17:38:2	Request file: /bootstrap/css/bootstrap.min.css
17:38:2	Request file: /css/maoni.css
17:38:2	Request file: /css/dashboard.css
17:38:2	Request file: /css/animate.min.css
17:38:2	Request file: /BBDD
17:38:2	sel_all_from_users -> {"f":"sel_all_from_users"}
17:38:2	Request file: /bootstrap/fonts/glyphicons-halflings-regular.woff2
17:38:18	Request file: /jquery/jquery.min.map
17:39:4	Request file: /@@MENU@@_page_101.html
17:39:4	Request file: /jquery/jquery.min.js
17:39:4	Request file: /bootstrap/js/bootstrap.min.js
17:39:4	Request file: /js/lib.js
17:39:4	Request file: /bootstrap/css/bootstrap.min.css
17:39:4	Request file: /css/maoni.css
17:39:4	Request file: /css/dashboard.css
17:39:4	Request file: /css/animate.min.css
17:39:4	Request file: /jquery/jquery.min.map
17:39:4	Request file: /BBDD
17:39:4	sel_all_from_users -> {"f":"sel_all_from_users"}
17:39:4	Request file: /bootstrap/fonts/glyphicons-halflings-regular.woff2
17:40:21	Request file: /@@MENU@@_page_101.html
17:40:21	Request file: /jquery/jquery.min.js
17:40:21	Request file: /bootstrap/js/bootstrap.min.js
17:40:21	Request file: /js/lib.js
17:40:21	Request file: /bootstrap/css/bootstrap.min.css
17:40:21	Request file: /css/maoni.css
17:40:21	Request file: /css/dashboard.css
17:40:21	Request file: /css/animate.min.css
17:40:22	Request file: /jquery/jquery.min.map
17:40:22	Request file: /bootstrap/fonts/glyphicons-halflings-regular.woff2
17:40:22	Request file: /BBDD
17:40:22	sel_all_from_users -> {"f":"sel_all_from_users"}
17:43:2	Request file: /@@MENU@@_page_101.html
17:43:2	Request file: /jquery/jquery.min.js
17:43:2	Request file: /bootstrap/js/bootstrap.min.js
17:43:2	Request file: /bootstrap/css/bootstrap.min.css
17:43:2	Request file: /js/lib.js
17:43:2	Request file: /css/maoni.css
17:43:2	Request file: /css/dashboard.css
17:43:2	Request file: /css/animate.min.css
17:43:2	Request file: /jquery/jquery.min.map
17:43:2	Request file: /BBDD
17:43:2	sel_all_from_users -> {"f":"sel_all_from_users"}
17:43:2	Request file: /bootstrap/fonts/glyphicons-halflings-regular.woff2
17:43:30	Request file: /@@MENU@@_page_101.html
17:43:30	Request file: /jquery/jquery.min.js
17:43:30	Request file: /bootstrap/js/bootstrap.min.js
17:43:30	Request file: /js/lib.js
17:43:30	Request file: /bootstrap/css/bootstrap.min.css
17:43:30	Request file: /css/maoni.css
17:43:30	Request file: /css/dashboard.css
17:43:30	Request file: /css/animate.min.css
17:43:30	Request file: /jquery/jquery.min.map
17:43:30	Request file: /bootstrap/fonts/glyphicons-halflings-regular.woff2
17:43:30	Request file: /BBDD
17:43:30	sel_all_from_users -> {"f":"sel_all_from_users"}
17:43:32	Request file: /@@MENU@@_page_102.html
17:43:32	Request file: /jquery/jquery.min.js
17:43:32	Request file: /bootstrap/js/bootstrap.min.js
17:43:32	Request file: /js/lib.js
17:43:32	Request file: /bootstrap/css/bootstrap.min.css
17:43:32	Request file: /css/maoni.css
17:43:32	Request file: /css/dashboard.css
17:43:32	Request file: /css/animate.min.css
17:43:33	Request file: /jquery/jquery.min.map
17:43:33	Request file: /bootstrap/fonts/glyphicons-halflings-regular.woff2
17:43:36	Request file: /jquery/jquery.min.map
17:43:45	Request file: /@@MENU@@_page_102.html
17:43:45	Request file: /jquery/jquery.min.js
17:43:45	Request file: /bootstrap/js/bootstrap.min.js
17:43:45	Request file: /js/lib.js
17:43:45	Request file: /bootstrap/css/bootstrap.min.css
17:43:45	Request file: /css/maoni.css
17:43:45	Request file: /css/dashboard.css
17:43:45	Request file: /css/animate.min.css
17:43:45	Request file: /bootstrap/fonts/glyphicons-halflings-regular.woff2
17:44:4	Request file: /@@MENU@@_page_001.html
17:44:4	Request file: /jquery/jquery.min.js
17:44:4	Request file: /bootstrap/js/bootstrap.min.js
17:44:4	Request file: /js/lib.js
17:44:4	Request file: /bootstrap/css/bootstrap.min.css
17:44:4	Request file: /css/maoni.css
17:44:4	Request file: /css/dashboard.css
17:44:4	Request file: /css/animate.min.css
17:44:5	Request file: /img/menuheader.png
17:44:6	Request file: /@@MENU@@_page_101.html
17:44:6	Request file: /jquery/jquery.min.js
17:44:6	Request file: /bootstrap/js/bootstrap.min.js
17:44:6	Request file: /js/lib.js
17:44:6	Request file: /bootstrap/css/bootstrap.min.css
17:44:6	Request file: /css/maoni.css
17:44:6	Request file: /css/dashboard.css
17:44:6	Request file: /css/animate.min.css
17:44:6	Request file: /BBDD
17:44:6	sel_all_from_users -> {"f":"sel_all_from_users"}
17:44:6	Request file: /bootstrap/fonts/glyphicons-halflings-regular.woff2
17:44:10	Request file: /@@MENU@@_page_102.html
17:44:10	Request file: /jquery/jquery.min.js
17:44:10	Request file: /bootstrap/js/bootstrap.min.js
17:44:10	Request file: /js/lib.js
17:44:10	Request file: /bootstrap/css/bootstrap.min.css
17:44:10	Request file: /css/maoni.css
17:44:10	Request file: /css/dashboard.css
17:44:10	Request file: /css/animate.min.css
17:44:10	Request file: /bootstrap/fonts/glyphicons-halflings-regular.woff2
17:47:36	Request file: /@@MENU@@_page_102.html
17:47:36	Request file: /jquery/jquery.min.js
17:47:36	Request file: /bootstrap/js/bootstrap.min.js
17:47:36	Request file: /js/lib.js
17:47:36	Request file: /bootstrap/css/bootstrap.min.css
17:47:36	Request file: /css/maoni.css
17:47:36	Request file: /css/dashboard.css
17:47:36	Request file: /css/animate.min.css
17:47:36	Request file: /bootstrap/fonts/glyphicons-halflings-regular.woff2
17:47:51	Request file: /@@MENU@@_page_101.html
17:47:51	Request file: /jquery/jquery.min.js
17:47:51	Request file: /bootstrap/js/bootstrap.min.js
17:47:51	Request file: /js/lib.js
17:47:51	Request file: /css/maoni.css
17:47:51	Request file: /bootstrap/css/bootstrap.min.css
17:47:51	Request file: /css/dashboard.css
17:47:51	Request file: /css/animate.min.css
17:47:51	Request file: /BBDD
17:47:51	sel_all_from_users -> {"f":"sel_all_from_users"}
17:47:51	Request file: /bootstrap/fonts/glyphicons-halflings-regular.woff2
17:47:54	Request file: /@@MENU@@_page_102.html
17:47:54	Request file: /jquery/jquery.min.js
17:47:54	Request file: /bootstrap/js/bootstrap.min.js
17:47:54	Request file: /js/lib.js
17:47:54	Request file: /bootstrap/css/bootstrap.min.css
17:47:54	Request file: /css/maoni.css
17:47:54	Request file: /css/dashboard.css
17:47:54	Request file: /css/animate.min.css
17:47:54	Request file: /bootstrap/fonts/glyphicons-halflings-regular.woff2
17:49:11	Request file: /@@MENU@@_page_102.html
17:49:11	Request file: /jquery/jquery.min.js
17:49:11	Request file: /bootstrap/js/bootstrap.min.js
17:49:11	Request file: /js/lib.js
17:49:11	Request file: /bootstrap/css/bootstrap.min.css
17:49:11	Request file: /css/maoni.css
17:49:11	Request file: /css/dashboard.css
17:49:11	Request file: /css/animate.min.css
17:49:11	Request file: /bootstrap/fonts/glyphicons-halflings-regular.woff2
17:49:13	Request file: /@@MENU@@_page_000.html
17:49:13	Request file: /jquery/jquery.min.js
17:49:13	Request file: /bootstrap/js/bootstrap.min.js
17:49:13	Request file: /js/lib.js
17:49:13	Request file: /bootstrap/css/bootstrap.min.css
17:49:13	Request file: /css/maoni.css
17:49:13	Request file: /css/dashboard.css
17:49:13	Request file: /css/animate.min.css
17:49:13	Request file: /img/menuheader.png
17:50:2	Request file: /@@MENU@@_page_000.html
17:50:2	Request file: /jquery/jquery.min.js
17:50:2	Request file: /bootstrap/js/bootstrap.min.js
17:50:2	Request file: /js/lib.js
17:50:2	Request file: /bootstrap/css/bootstrap.min.css
17:50:2	Request file: /css/maoni.css
17:50:2	Request file: /css/dashboard.css
17:50:2	Request file: /css/animate.min.css
17:50:2	Request file: /img/menuheader.png
17:50:3	Request file: /@@MENU@@_page_101.html
17:50:3	Request file: /jquery/jquery.min.js
17:50:3	Request file: /bootstrap/js/bootstrap.min.js
17:50:3	Request file: /js/lib.js
17:50:3	Request file: /bootstrap/css/bootstrap.min.css
17:50:3	Request file: /css/maoni.css
17:50:3	Request file: /css/dashboard.css
17:50:3	Request file: /css/animate.min.css
17:50:4	Request file: /BBDD
17:50:4	sel_all_from_users -> {"f":"sel_all_from_users"}
17:50:4	Request file: /bootstrap/fonts/glyphicons-halflings-regular.woff2
17:50:6	Request file: /@@MENU@@_page_102.html
17:50:6	Request file: /jquery/jquery.min.js
17:50:6	Request file: /bootstrap/js/bootstrap.min.js
17:50:6	Request file: /js/lib.js
17:50:6	Request file: /bootstrap/css/bootstrap.min.css
17:50:6	Request file: /css/maoni.css
17:50:6	Request file: /css/dashboard.css
17:50:6	Request file: /css/animate.min.css
17:50:6	Request file: /bootstrap/fonts/glyphicons-halflings-regular.woff2
17:50:9	Request file: /@@MENU@@_page_001.html
17:50:9	Request file: /jquery/jquery.min.js
17:50:9	Request file: /bootstrap/js/bootstrap.min.js
17:50:9	Request file: /js/lib.js
17:50:9	Request file: /bootstrap/css/bootstrap.min.css
17:50:9	Request file: /css/maoni.css
17:50:9	Request file: /css/dashboard.css
17:50:9	Request file: /css/animate.min.css
17:50:9	Request file: /img/menuheader.png
17:50:26	Request file: /@@MENU@@_page_001.html
17:50:26	Request file: /jquery/jquery.min.js
17:50:26	Request file: /bootstrap/js/bootstrap.min.js
17:50:26	Request file: /js/lib.js
17:50:26	Request file: /bootstrap/css/bootstrap.min.css
17:50:26	Request file: /css/maoni.css
17:50:26	Request file: /css/dashboard.css
17:50:26	Request file: /css/animate.min.css
17:50:26	Request file: /img/menuheader.png
17:50:27	Request file: /@@MENU@@_page_101.html
17:50:27	Request file: /jquery/jquery.min.js
17:50:27	Request file: /bootstrap/js/bootstrap.min.js
17:50:27	Request file: /js/lib.js
17:50:27	Request file: /bootstrap/css/bootstrap.min.css
17:50:27	Request file: /css/maoni.css
17:50:27	Request file: /css/dashboard.css
17:50:27	Request file: /css/animate.min.css
17:50:28	Request file: /BBDD
17:50:28	sel_all_from_users -> {"f":"sel_all_from_users"}
17:50:28	Request file: /bootstrap/fonts/glyphicons-halflings-regular.woff2
17:50:30	Request file: /@@MENU@@_page_102.html
17:50:30	Request file: /jquery/jquery.min.js
17:50:30	Request file: /bootstrap/js/bootstrap.min.js
17:50:30	Request file: /js/lib.js
17:50:30	Request file: /bootstrap/css/bootstrap.min.css
17:50:30	Request file: /css/maoni.css
17:50:30	Request file: /css/dashboard.css
17:50:30	Request file: /css/animate.min.css
17:50:30	Request file: /bootstrap/fonts/glyphicons-halflings-regular.woff2
17:50:31	Request file: /@@MENU@@_page_001.html
17:50:31	Request file: /jquery/jquery.min.js
17:50:31	Request file: /bootstrap/js/bootstrap.min.js
17:50:31	Request file: /js/lib.js
17:50:31	Request file: /bootstrap/css/bootstrap.min.css
17:50:31	Request file: /css/maoni.css
17:50:31	Request file: /css/dashboard.css
17:50:31	Request file: /css/animate.min.css
17:50:31	Request file: /img/menuheader.png
17:50:34	Request file: /@@MENU@@_page_101.html
17:50:34	Request file: /jquery/jquery.min.js
17:50:34	Request file: /bootstrap/js/bootstrap.min.js
17:50:34	Request file: /js/lib.js
17:50:34	Request file: /bootstrap/css/bootstrap.min.css
17:50:34	Request file: /css/maoni.css
17:50:34	Request file: /css/dashboard.css
17:50:34	Request file: /css/animate.min.css
17:50:35	Request file: /bootstrap/fonts/glyphicons-halflings-regular.woff2
17:50:35	Request file: /BBDD
17:50:35	sel_all_from_users -> {"f":"sel_all_from_users"}
17:50:36	Request file: /@@MENU@@_page_102.html
17:50:36	Request file: /jquery/jquery.min.js
17:50:36	Request file: /bootstrap/js/bootstrap.min.js
17:50:36	Request file: /js/lib.js
17:50:36	Request file: /bootstrap/css/bootstrap.min.css
17:50:36	Request file: /css/maoni.css
17:50:36	Request file: /css/dashboard.css
17:50:36	Request file: /css/animate.min.css
17:50:37	Request file: /bootstrap/fonts/glyphicons-halflings-regular.woff2
17:50:46	Request file: /@@MENU@@_page_101.html
17:50:46	Request file: /jquery/jquery.min.js
17:50:46	Request file: /bootstrap/js/bootstrap.min.js
17:50:46	Request file: /js/lib.js
17:50:46	Request file: /bootstrap/css/bootstrap.min.css
17:50:46	Request file: /css/maoni.css
17:50:46	Request file: /css/dashboard.css
17:50:46	Request file: /css/animate.min.css
17:50:46	Request file: /BBDD
17:50:46	sel_all_from_users -> {"f":"sel_all_from_users"}
17:50:46	Request file: /bootstrap/fonts/glyphicons-halflings-regular.woff2
17:50:52	Request file: /@@MENU@@_page_102.html
17:50:52	Request file: /jquery/jquery.min.js
17:50:52	Request file: /bootstrap/js/bootstrap.min.js
17:50:52	Request file: /js/lib.js
17:50:52	Request file: /bootstrap/css/bootstrap.min.css
17:50:52	Request file: /css/maoni.css
17:50:52	Request file: /css/dashboard.css
17:50:52	Request file: /css/animate.min.css
17:50:52	Request file: /bootstrap/fonts/glyphicons-halflings-regular.woff2
17:50:53	Request file: /bootstrap/fonts/glyphicons-halflings-regular.woff2
17:50:55	Request file: /@@MENU@@_page_101.html
17:50:55	Request file: /jquery/jquery.min.js
17:50:55	Request file: /bootstrap/js/bootstrap.min.js
17:50:55	Request file: /js/lib.js
17:50:55	Request file: /bootstrap/css/bootstrap.min.css
17:50:55	Request file: /css/maoni.css
17:50:55	Request file: /css/dashboard.css
17:50:55	Request file: /css/animate.min.css
17:50:55	Request file: /bootstrap/fonts/glyphicons-halflings-regular.woff2
17:50:55	Request file: /BBDD
17:50:55	sel_all_from_users -> {"f":"sel_all_from_users"}
17:50:59	Request file: /@@MENU@@_page_102.html
17:50:59	Request file: /jquery/jquery.min.js
17:50:59	Request file: /bootstrap/js/bootstrap.min.js
17:50:59	Request file: /js/lib.js
17:50:59	Request file: /bootstrap/css/bootstrap.min.css
17:50:59	Request file: /css/maoni.css
17:50:59	Request file: /css/dashboard.css
17:50:59	Request file: /css/animate.min.css
17:50:59	Request file: /bootstrap/fonts/glyphicons-halflings-regular.woff2
17:51:1	Request file: /@@MENU@@_page_001.html
17:51:1	Request file: /jquery/jquery.min.js
17:51:1	Request file: /bootstrap/js/bootstrap.min.js
17:51:1	Request file: /js/lib.js
17:51:1	Request file: /bootstrap/css/bootstrap.min.css
17:51:1	Request file: /css/maoni.css
17:51:1	Request file: /css/dashboard.css
17:51:1	Request file: /css/animate.min.css
17:51:1	Request file: /img/menuheader.png
17:51:8	Request file: /@@MENU@@_page_101.html
17:51:8	Request file: /jquery/jquery.min.js
17:51:8	Request file: /bootstrap/js/bootstrap.min.js
17:51:8	Request file: /js/lib.js
17:51:8	Request file: /bootstrap/css/bootstrap.min.css
17:51:8	Request file: /css/maoni.css
17:51:8	Request file: /css/dashboard.css
17:51:8	Request file: /css/animate.min.css
17:51:8	Request file: /BBDD
17:51:8	sel_all_from_users -> {"f":"sel_all_from_users"}
17:51:8	Request file: /bootstrap/fonts/glyphicons-halflings-regular.woff2
17:51:31	Request file: /@@MENU@@_page_101.html
17:51:31	Request file: /jquery/jquery.min.js
17:51:31	Request file: /bootstrap/js/bootstrap.min.js
17:51:31	Request file: /js/lib.js
17:51:31	Request file: /bootstrap/css/bootstrap.min.css
17:51:31	Request file: /css/maoni.css
17:51:31	Request file: /css/dashboard.css
17:51:31	Request file: /css/animate.min.css
17:51:31	Request file: /BBDD
17:51:31	sel_all_from_users -> {"f":"sel_all_from_users"}
17:51:31	Request file: /bootstrap/fonts/glyphicons-halflings-regular.woff2
17:51:35	Request file: /@@MENU@@_page_001.html
17:51:35	Request file: /jquery/jquery.min.js
17:51:35	Request file: /bootstrap/js/bootstrap.min.js
17:51:35	Request file: /js/lib.js
17:51:35	Request file: /bootstrap/css/bootstrap.min.css
17:51:35	Request file: /css/maoni.css
17:51:35	Request file: /css/dashboard.css
17:51:35	Request file: /css/animate.min.css
17:51:35	Request file: /img/menuheader.png
17:51:37	Request file: /@@MENU@@_page_002.html
17:51:37	Request file: /jquery/jquery.min.js
17:51:37	Request file: /bootstrap/js/bootstrap.min.js
17:51:37	Request file: /js/lib.js
17:51:37	Request file: /bootstrap/css/bootstrap.min.css
17:51:37	Request file: /css/maoni.css
17:51:37	Request file: /css/dashboard.css
17:51:37	Request file: /css/animate.min.css
17:51:37	Request file: /img/menuheader.png
17:51:39	Request file: /@@MENU@@_page_101.html
17:51:39	Request file: /jquery/jquery.min.js
17:51:39	Request file: /bootstrap/js/bootstrap.min.js
17:51:39	Request file: /js/lib.js
17:51:39	Request file: /bootstrap/css/bootstrap.min.css
17:51:39	Request file: /css/maoni.css
17:51:39	Request file: /css/dashboard.css
17:51:39	Request file: /css/animate.min.css
17:51:39	Request file: /BBDD
17:51:39	sel_all_from_users -> {"f":"sel_all_from_users"}
17:51:39	Request file: /bootstrap/fonts/glyphicons-halflings-regular.woff2
17:51:44	Request file: /@@MENU@@_page_102.html
17:51:44	Request file: /jquery/jquery.min.js
17:51:44	Request file: /bootstrap/js/bootstrap.min.js
17:51:44	Request file: /js/lib.js
17:51:44	Request file: /bootstrap/css/bootstrap.min.css
17:51:44	Request file: /css/maoni.css
17:51:44	Request file: /css/dashboard.css
17:51:44	Request file: /css/animate.min.css
17:51:45	Request file: /bootstrap/fonts/glyphicons-halflings-regular.woff2
17:51:47	Request file: /@@MENU@@_page_101.html
17:51:47	Request file: /jquery/jquery.min.js
17:51:47	Request file: /bootstrap/js/bootstrap.min.js
17:51:47	Request file: /js/lib.js
17:51:47	Request file: /bootstrap/css/bootstrap.min.css
17:51:47	Request file: /css/maoni.css
17:51:47	Request file: /css/dashboard.css
17:51:47	Request file: /css/animate.min.css
17:51:47	Request file: /BBDD
17:51:47	sel_all_from_users -> {"f":"sel_all_from_users"}
17:51:47	Request file: /bootstrap/fonts/glyphicons-halflings-regular.woff2
18:9:46	Request file: /@@MENU@@_page_102.html
18:9:46	Request file: /jquery/jquery.min.js
18:9:46	Request file: /bootstrap/js/bootstrap.min.js
18:9:46	Request file: /bootstrap/css/bootstrap.min.css
18:9:46	Request file: /js/lib.js
18:9:46	Request file: /css/dashboard.css
18:9:46	Request file: /css/maoni.css
18:9:46	Request file: /css/animate.min.css
18:9:46	Request file: /bootstrap/fonts/glyphicons-halflings-regular.woff2
18:9:51	Request file: /@@MENU@@_page_101.html
18:9:51	Request file: /jquery/jquery.min.js
18:9:51	Request file: /bootstrap/js/bootstrap.min.js
18:9:51	Request file: /js/lib.js
18:9:51	Request file: /bootstrap/css/bootstrap.min.css
18:9:51	Request file: /css/maoni.css
18:9:51	Request file: /css/dashboard.css
18:9:51	Request file: /css/animate.min.css
18:9:51	Request file: /BBDD
18:9:51	sel_all_from_users -> {"f":"sel_all_from_users"}
18:9:51	Request file: /bootstrap/fonts/glyphicons-halflings-regular.woff2
