9:52:21	INICIO maoni. Escuchando en el puerto: 5555
9:53:0	Request file: /
9:53:0	Request file: /jquery/jquery.min.js
9:53:0	Request file: /bootstrap/js/bootstrap.min.js
9:53:0	Request file: /js/sha256.js
9:53:0	Request file: /css/maoni.css
9:53:0	Request file: /bootstrap/css/bootstrap.min.css
9:53:0	Request file: /js/toastr.js
9:53:0	Request file: /css/signin.css
9:53:0	Request file: /css/animate.min.css
9:53:0	Request file: /css/toastr.css
11:4:19	Request file: /@@MENU@@_page_000.html
11:4:19	Request file: /jquery/jquery.min.js
11:4:19	Request file: /bootstrap/js/bootstrap.min.js
11:4:19	Request file: /js/lib.js
11:4:19	Request file: /bootstrap/css/bootstrap.min.css
11:4:19	Request file: /css/maoni.css
11:4:19	Request file: /css/dashboard.css
11:4:19	Request file: /css/animate.min.css
11:4:19	Request file: /img/menuheader.png
11:4:24	Request file: /@@MENU@@_page_001.html
11:4:24	Request file: /jquery/jquery.min.js
11:4:24	Request file: /bootstrap/js/bootstrap.min.js
11:4:24	Request file: /js/lib.js
11:4:24	Request file: /bootstrap/css/bootstrap.min.css
11:4:24	Request file: /css/maoni.css
11:4:24	Request file: /css/dashboard.css
11:4:24	Request file: /css/animate.min.css
11:4:24	Request file: /img/menuheader.png
11:4:28	Request file: /@@MENU@@_page_101.html
11:4:28	Request file: /jquery/jquery.min.js
11:4:28	Request file: /bootstrap/js/bootstrap.min.js
11:4:28	Request file: /js/lib.js
11:4:28	Request file: /bootstrap/css/bootstrap.min.css
11:4:28	Request file: /css/maoni.css
11:4:28	Request file: /css/dashboard.css
11:4:28	Request file: /css/animate.min.css
11:4:28	Request file: /BBDD
11:4:28	sel_all_from_users -> {"f":"sel_all_from_users"}
11:4:28	Request file: /bootstrap/fonts/glyphicons-halflings-regular.woff2
11:4:28	Request file: /bootstrap/fonts/glyphicons-halflings-regular.woff
11:4:32	Request file: /@@MENU@@_page_102.html
11:4:32	Request file: /jquery/jquery.min.js
11:4:32	Request file: /bootstrap/js/bootstrap.min.js
11:4:32	Request file: /js/lib.js
11:4:32	Request file: /bootstrap/css/bootstrap.min.css
11:4:32	Request file: /css/maoni.css
11:4:32	Request file: /css/dashboard.css
11:4:32	Request file: /css/animate.min.css
11:4:32	Request file: /bootstrap/fonts/glyphicons-halflings-regular.woff2
11:4:35	Request file: /@@MENU@@_page_101.html
11:4:35	Request file: /jquery/jquery.min.js
11:4:35	Request file: /bootstrap/js/bootstrap.min.js
11:4:35	Request file: /js/lib.js
11:4:35	Request file: /bootstrap/css/bootstrap.min.css
11:4:35	Request file: /css/maoni.css
11:4:35	Request file: /css/dashboard.css
11:4:35	Request file: /css/animate.min.css
11:4:35	Request file: /BBDD
11:4:35	sel_all_from_users -> {"f":"sel_all_from_users"}
11:4:35	Request file: /bootstrap/fonts/glyphicons-halflings-regular.woff2
