21:35:46	INICIO maoni. Escuchando en el puerto: 5555
21:37:10	INICIO maoni. Escuchando en el puerto: 5555
21:37:15	1 EMPRESA DEMO
21:37:15	  1 HOTEL DEMO
21:37:15	  2 DEMO HOTEL
21:37:15	    ES \inmail\inmail_es.html
21:38:11	Server is ready to take our messages
21:38:48	INICIO maoni. Escuchando en el puerto: 5555
21:38:49	Server is ready to take our messages
21:38:49	1 EMPRESA DEMO
21:38:49	  1 HOTEL DEMO
21:38:49	  2 DEMO HOTEL
21:38:49	    ES \inmail\inmail_es.html
21:39:5	INICIO maoni. Escuchando en el puerto: 5555
21:39:28	INICIO maoni. Escuchando en el puerto: 5555
21:39:42	INICIO maoni. Escuchando en el puerto: 5555
21:40:27	INICIO maoni. Escuchando en el puerto: 5555
21:40:53	INICIO maoni. Escuchando en el puerto: 5555
21:41:24	INICIO maoni. Escuchando en el puerto: 5555
21:41:49	INICIO maoni. Escuchando en el puerto: 5555
21:51:18	INICIO maoni. Escuchando en el puerto: 5555
21:52:13	INICIO maoni. Escuchando en el puerto: 5555
21:52:21	1 EMPRESA DEMO
21:52:22	  1 HOTEL DEMO
21:52:22	  2 DEMO HOTEL
21:52:22	    ES \inmail\inmail_es.html
21:55:12	INICIO maoni. Escuchando en el puerto: 5555
21:55:57	INICIO maoni. Escuchando en el puerto: 5555
21:58:25	INICIO maoni. Escuchando en el puerto: 5555
21:59:20	INICIO maoni. Escuchando en el puerto: 5555
21:59:22	Server is ready to take our messages
21:59:45	INICIO maoni. Escuchando en el puerto: 5555
21:59:46	Server is ready to take our messages
22:0:24	INICIO maoni. Escuchando en el puerto: 5555
22:0:25	Server is ready to take our messages
22:1:9	INICIO maoni. Escuchando en el puerto: 5555
22:1:10	Server is ready to take our messages
22:1:27	1 EMPRESA DEMO
22:1:28	  1 HOTEL DEMO
22:1:28	  2 DEMO HOTEL
22:1:28	    ES \inmail\inmail_es.html
22:3:5	INICIO maoni. Escuchando en el puerto: 5555
22:3:6	Server is ready to take our messages
22:3:11	1 EMPRESA DEMO
22:3:11	  1 HOTEL DEMO
22:3:11	  2 DEMO HOTEL
22:3:12	    ES \inmail\inmail_es.html
22:4:23	INICIO maoni. Escuchando en el puerto: 5555
22:4:25	Server is ready to take our messages
22:4:28	1 EMPRESA DEMO
22:4:28	  1 HOTEL DEMO
22:4:28	  2 DEMO HOTEL
22:4:28	    ES \inmail\inmail_es.html
22:5:33	INICIO maoni. Escuchando en el puerto: 5555
22:5:34	Server is ready to take our messages
22:5:35	1 EMPRESA DEMO
22:5:36	  2 DEMO HOTEL
22:5:36	  1 HOTEL DEMO
22:5:36	    ES \inmail\inmail_es.html
22:6:10	INICIO maoni. Escuchando en el puerto: 5555
22:6:11	Server is ready to take our messages
22:6:11	1 EMPRESA DEMO
22:6:11	  1 HOTEL DEMO
22:6:11	  2 DEMO HOTEL
22:6:12	    ES \inmail\inmail_es.html
22:6:24	INICIO maoni. Escuchando en el puerto: 5555
22:6:25	Server is ready to take our messages
22:6:25	1 EMPRESA DEMO
22:6:25	  2 DEMO HOTEL
22:6:25	  1 HOTEL DEMO
22:6:25	    ES \inmail\inmail_es.html
22:8:2	INICIO maoni. Escuchando en el puerto: 5555
22:8:3	Server is ready to take our messages
22:8:4	1 EMPRESA DEMO
22:8:4	  1 HOTEL DEMO
22:8:4	  2 DEMO HOTEL
22:8:4	    ES \inmail\inmail_es.html
22:11:18	INICIO maoni. Escuchando en el puerto: 5555
22:11:19	Server is ready to take our messages
22:11:21	1 EMPRESA DEMO
22:11:21	  2 DEMO HOTEL
22:11:21	  1 HOTEL DEMO
22:11:21	    ES \inmail\inmail_es.html
22:12:23	INICIO maoni. Escuchando en el puerto: 5555
22:12:24	Server is ready to take our messages
22:12:25	1 EMPRESA DEMO
22:12:25	  1 HOTEL DEMO
22:12:25	  2 DEMO HOTEL
22:12:26	    ES \inmail\inmail_es.html
22:12:28	Message sent: 250 OK id=1b0E1F-001DRf-BK
22:13:42	INICIO maoni. Escuchando en el puerto: 5555
22:13:43	Server is ready to take our messages
22:13:43	1 EMPRESA DEMO
22:13:43	  2 DEMO HOTEL
22:13:43	  1 HOTEL DEMO
22:13:43	    ES \inmail\inmail_es.html
22:22:45	INICIO maoni. Escuchando en el puerto: 5555
22:22:46	Server is ready to take our messages
22:22:46	1 EMPRESA DEMO
22:22:46	  1 HOTEL DEMO
22:22:46	  2 DEMO HOTEL
22:22:46	    ES \inmail\inmail_es.html
22:23:6	Message sent: 250 OK id=1b0EBS-001Fjj-T7
22:23:11	Message sent: 250 OK id=1b0EBT-001Fjm-0o
22:23:15	Message sent: 250 OK id=1b0EBZ-001Fjs-HB
22:23:15	Message sent: 250 OK id=1b0EBg-001Fji-Jo
22:23:15	Message sent: 250 OK id=1b0EBg-001Fjo-Jn
22:23:15	Message sent: 250 OK id=1b0EBg-001Fjq-Lk
22:23:15	Message sent: 250 OK id=1b0EBg-001Fjl-Lk
22:23:15	Message sent: 250 OK id=1b0EBg-001Fjn-Ls
22:23:15	Message sent: 250 OK id=1b0EBg-001Fjr-Lo
22:23:15	Message sent: 250 OK id=1b0EBg-001Fjk-M8
22:23:15	Message sent: 250 OK id=1b0EBg-001Fjp-Lt
