19:20:33	INICIO maoni. Escuchando en el puerto: 5555
19:21:13	Request file: /
19:21:14	Request file: /jquery/jquery.min.js
19:21:14	Request file: /bootstrap/js/bootstrap.min.js
19:21:14	Request file: /js/sha256.js
19:21:14	Request file: /js/toastr.js
19:21:14	Request file: /bootstrap/css/bootstrap.min.css
19:21:14	Request file: /css/maoni.css
19:21:14	Request file: /css/signin.css
19:21:14	Request file: /css/animate.min.css
19:21:14	Request file: /css/toastr.css
19:21:37	Request file: /@@MENU@@_page_000.html
19:21:37	Request file: /jquery/jquery.min.js
19:21:37	Request file: /bootstrap/js/bootstrap.min.js
19:21:37	Request file: /js/lib.js
19:21:37	Request file: /bootstrap/css/bootstrap.min.css
19:21:37	Request file: /css/maoni.css
19:21:37	Request file: /css/dashboard.css
19:21:37	Request file: /css/animate.min.css
19:21:37	Request file: /img/menuheader.png
19:21:54	Request file: /@@MENU@@_page_101.html
19:21:54	Request file: /jquery/jquery.min.js
19:21:54	Request file: /bootstrap/js/bootstrap.min.js
19:21:54	Request file: /js/lib.js
19:21:54	Request file: /bootstrap/css/bootstrap.min.css
19:21:54	Request file: /css/maoni.css
19:21:54	Request file: /css/dashboard.css
19:21:54	Request file: /css/animate.min.css
19:21:54	Request file: /BBDD
19:21:54	sel_all_from_users -> {"f":"sel_all_from_users"}
19:21:54	Request file: /bootstrap/fonts/glyphicons-halflings-regular.woff2
19:21:54	Request file: /bootstrap/fonts/glyphicons-halflings-regular.woff
19:22:0	Request file: /@@MENU@@_page_101.html
19:22:0	Request file: /jquery/jquery.min.js
19:22:0	Request file: /bootstrap/js/bootstrap.min.js
19:22:0	Request file: /js/lib.js
19:22:0	Request file: /bootstrap/css/bootstrap.min.css
19:22:0	Request file: /css/maoni.css
19:22:0	Request file: /css/dashboard.css
19:22:0	Request file: /css/animate.min.css
19:22:0	Request file: /BBDD
19:22:0	sel_all_from_users -> {"f":"sel_all_from_users"}
19:22:0	Request file: /bootstrap/fonts/glyphicons-halflings-regular.woff2
19:22:23	Request file: /@@MENU@@_page_101.html
19:22:23	Request file: /jquery/jquery.min.js
19:22:23	Request file: /bootstrap/js/bootstrap.min.js
19:22:23	Request file: /js/lib.js
19:22:23	Request file: /bootstrap/css/bootstrap.min.css
19:22:23	Request file: /css/maoni.css
19:22:23	Request file: /css/dashboard.css
19:22:23	Request file: /css/animate.min.css
19:22:23	Request file: /BBDD
19:22:23	sel_all_from_users -> {"f":"sel_all_from_users"}
19:22:23	Request file: /bootstrap/fonts/glyphicons-halflings-regular.woff2
19:23:28	Request file: /@@MENU@@_page_001.html
19:23:28	Request file: /jquery/jquery.min.js
19:23:28	Request file: /bootstrap/js/bootstrap.min.js
19:23:28	Request file: /js/lib.js
19:23:28	Request file: /bootstrap/css/bootstrap.min.css
19:23:28	Request file: /css/maoni.css
19:23:28	Request file: /css/dashboard.css
19:23:28	Request file: /css/animate.min.css
19:23:28	Request file: /img/menuheader.png
19:23:30	Request file: /@@MENU@@_page_002.html
19:23:30	Request file: /jquery/jquery.min.js
19:23:30	Request file: /bootstrap/js/bootstrap.min.js
19:23:30	Request file: /js/lib.js
19:23:30	Request file: /bootstrap/css/bootstrap.min.css
19:23:30	Request file: /css/maoni.css
19:23:30	Request file: /css/dashboard.css
19:23:30	Request file: /css/animate.min.css
19:23:30	Request file: /img/menuheader.png
19:23:32	Request file: /@@MENU@@_page_001.html
19:23:32	Request file: /jquery/jquery.min.js
19:23:32	Request file: /bootstrap/js/bootstrap.min.js
19:23:32	Request file: /js/lib.js
19:23:32	Request file: /bootstrap/css/bootstrap.min.css
19:23:32	Request file: /css/maoni.css
19:23:32	Request file: /css/dashboard.css
19:23:32	Request file: /css/animate.min.css
19:23:32	Request file: /img/menuheader.png
19:23:35	Request file: /@@MENU@@_page_001.html
19:23:35	Request file: /jquery/jquery.min.js
19:23:35	Request file: /bootstrap/js/bootstrap.min.js
19:23:35	Request file: /js/lib.js
19:23:35	Request file: /bootstrap/css/bootstrap.min.css
19:23:35	Request file: /css/maoni.css
19:23:35	Request file: /css/dashboard.css
19:23:35	Request file: /css/animate.min.css
19:23:35	Request file: /img/menuheader.png
19:23:59	Request file: /@@MENU@@_page_101.html
19:23:59	Request file: /jquery/jquery.min.js
19:23:59	Request file: /bootstrap/js/bootstrap.min.js
19:23:59	Request file: /js/lib.js
19:23:59	Request file: /bootstrap/css/bootstrap.min.css
19:23:59	Request file: /css/maoni.css
19:23:59	Request file: /css/dashboard.css
19:23:59	Request file: /css/animate.min.css
19:24:0	Request file: /BBDD
19:24:0	sel_all_from_users -> {"f":"sel_all_from_users"}
19:24:0	Request file: /bootstrap/fonts/glyphicons-halflings-regular.woff2
19:24:0	Request file: /bootstrap/fonts/glyphicons-halflings-regular.woff
19:25:4	Request file: /@@MENU@@_page_101.html
19:25:4	Request file: /jquery/jquery.min.js
19:25:4	Request file: /bootstrap/js/bootstrap.min.js
19:25:4	Request file: /js/lib.js
19:25:4	Request file: /bootstrap/css/bootstrap.min.css
19:25:4	Request file: /css/maoni.css
19:25:4	Request file: /css/dashboard.css
19:25:4	Request file: /css/animate.min.css
19:25:4	Request file: /BBDD
19:25:4	sel_all_from_users -> {"f":"sel_all_from_users"}
19:25:4	Request file: /bootstrap/fonts/glyphicons-halflings-regular.woff2
