22:18:0	INICIO ENVIO EMAILS....
22:18:1	INICIO NOTIFICAR INCIDENCIAS....
22:18:1	INICIO maoni. Escuchando en el puerto: 5555
22:18:2	Server is ready to take our messages
22:18:4	1 Grupo Hoteles Prestige
22:18:4	  2 Hotel Barcelona Mar
22:18:4	  1 Hotel Princesa Sofía
22:19:16	INICIO ENVIO EMAILS....
22:19:16	INICIO NOTIFICAR INCIDENCIAS....
22:19:21	INICIO maoni. Escuchando en el puerto: 5555
22:19:23	Server is ready to take our messages
22:19:24	1 Grupo Hoteles Prestige
22:19:30	  1 Hotel Princesa Sofía
22:19:30	  2 Hotel Barcelona Mar
22:19:59	INICIO ENVIO EMAILS....
22:19:59	INICIO NOTIFICAR INCIDENCIAS....
22:20:3	INICIO maoni. Escuchando en el puerto: 5555
22:20:5	Server is ready to take our messages
22:21:9	INCIDENCIA: 47
22:21:9	INCIDENCIA: 47
22:21:9	INCIDENCIA: 48
22:21:9	INCIDENCIA: 48
22:21:9	INCIDENCIA: 48
22:21:9	INCIDENCIA: 46
22:21:9	INCIDENCIA: 46
22:21:9	INCIDENCIA: 46
22:21:9	INCIDENCIA: 40
22:21:9	INCIDENCIA: 40
22:21:9	INCIDENCIA: 40
22:21:9	INCIDENCIA: 47
22:21:9	INCIDENCIA: 25
22:21:9	INCIDENCIA: 25
22:21:9	INCIDENCIA: 33
22:21:9	INCIDENCIA: 33
22:21:9	INCIDENCIA: 25
22:21:9	INCIDENCIA: 52
22:21:9	INCIDENCIA: 33
22:21:9	INCIDENCIA: 52
22:21:9	INCIDENCIA: 52
22:21:9	INCIDENCIA: 61
22:21:9	INCIDENCIA: 61
22:21:9	INCIDENCIA: 61
22:21:9	INCIDENCIA: 62
22:21:9	INCIDENCIA: 62
22:21:9	INCIDENCIA: 62
22:21:9	INCIDENCIA: 57
22:21:9	INCIDENCIA: 57
22:21:9	INCIDENCIA: 54
22:21:9	INCIDENCIA: 57
22:21:9	INCIDENCIA: 54
22:21:9	INCIDENCIA: 60
22:21:9	INCIDENCIA: 54
22:21:9	INCIDENCIA: 60
22:21:9	INCIDENCIA: 60
22:21:9	INCIDENCIA: 64
22:21:9	INCIDENCIA: 26
22:21:9	INCIDENCIA: 64
22:21:9	INCIDENCIA: 64
22:21:9	INCIDENCIA: 26
22:21:9	INCIDENCIA: 55
22:21:9	INCIDENCIA: 55
22:21:9	INCIDENCIA: 26
22:21:9	INCIDENCIA: 55
22:21:9	INCIDENCIA: 56
22:21:9	INCIDENCIA: 45
22:21:9	INCIDENCIA: 56
22:21:9	INCIDENCIA: 56
22:21:9	INCIDENCIA: 45
22:21:9	INCIDENCIA: 44
22:21:9	INCIDENCIA: 45
22:21:9	INCIDENCIA: 44
22:21:9	INCIDENCIA: 44
22:21:9	INCIDENCIA: 31
22:21:9	INCIDENCIA: 36
22:21:9	INCIDENCIA: 31
22:21:9	INCIDENCIA: 36
22:21:9	INCIDENCIA: 37
22:21:9	INCIDENCIA: 37
22:21:9	INCIDENCIA: 37
22:21:9	INCIDENCIA: 35
22:21:9	INCIDENCIA: 35
22:21:9	INCIDENCIA: 35
22:21:9	INCIDENCIA: 39
22:21:9	INCIDENCIA: 39
22:21:9	INCIDENCIA: 39
22:21:9	INCIDENCIA: 28
22:21:9	INCIDENCIA: 28
22:21:9	INCIDENCIA: 28
22:21:9	INCIDENCIA: 27
22:21:9	INCIDENCIA: 27
22:21:9	INCIDENCIA: 27
22:21:9	INCIDENCIA: 41
22:21:9	INCIDENCIA: 41
22:21:9	INCIDENCIA: 65
22:21:9	INCIDENCIA: 41
22:21:9	INCIDENCIA: 65
22:21:9	INCIDENCIA: 65
22:21:9	INCIDENCIA: 18
22:21:9	INCIDENCIA: 18
22:21:9	INCIDENCIA: 18
22:21:9	INCIDENCIA: 31
22:21:9	INCIDENCIA: 19
22:21:9	INCIDENCIA: 19
22:21:9	INCIDENCIA: 19
22:21:9	INCIDENCIA: 20
22:21:9	INCIDENCIA: 20
22:21:9	INCIDENCIA: 20
22:21:9	INCIDENCIA: 23
22:21:9	INCIDENCIA: 23
22:21:9	INCIDENCIA: 23
22:21:9	INCIDENCIA: 50
22:21:9	INCIDENCIA: 50
22:21:9	INCIDENCIA: 50
22:21:9	INCIDENCIA: 49
22:21:9	INCIDENCIA: 49
22:21:9	INCIDENCIA: 49
22:21:9	INCIDENCIA: 30
22:21:9	INCIDENCIA: 30
22:21:9	INCIDENCIA: 30
22:21:9	INCIDENCIA: 38
22:21:9	INCIDENCIA: 24
22:21:9	INCIDENCIA: 38
22:21:9	INCIDENCIA: 24
22:21:9	INCIDENCIA: 24
22:21:9	INCIDENCIA: 59
22:21:9	INCIDENCIA: 59
22:21:9	INCIDENCIA: 59
22:21:9	INCIDENCIA: 58
22:21:9	INCIDENCIA: 58
22:21:9	INCIDENCIA: 58
22:21:9	INCIDENCIA: 63
22:21:9	INCIDENCIA: 63
22:21:9	INCIDENCIA: 63
22:21:9	INCIDENCIA: 51
22:21:9	INCIDENCIA: 51
22:21:9	INCIDENCIA: 51
22:21:9	INCIDENCIA: 53
22:21:9	INCIDENCIA: 53
22:21:9	INCIDENCIA: 53
22:21:9	INCIDENCIA: 32
22:21:9	INCIDENCIA: 32
22:21:9	INCIDENCIA: 32
22:21:9	INCIDENCIA: 29
22:21:9	INCIDENCIA: 38
22:21:9	INCIDENCIA: 29
22:21:9	1 Grupo Hoteles Prestige
22:21:9	INCIDENCIA: 29
22:21:9	INCIDENCIA: 36
22:21:9	  1 Hotel Princesa Sofía
22:21:9	  2 Hotel Barcelona Mar
22:21:10	    ES \inmail\inmail_es.html
