19:28:35	INICIO maoni. Escuchando en el puerto: 5555
19:28:36	Server is ready to take our messages
19:28:36	1 EMPRESA DEMO
19:28:36	  1 HOTEL DEMO
19:28:36	  2 DEMO HOTEL
19:28:36	    ES \inmail\inmail_es.html
19:28:36	      EMAIL TO: eparrilla70@gmail.com
19:30:59	INICIO maoni. Escuchando en el puerto: 5555
19:30:59	Server is ready to take our messages
19:30:59	1 EMPRESA DEMO
19:31:0	  1 HOTEL DEMO
19:31:0	  2 DEMO HOTEL
19:31:0	    ES \inmail\inmail_es.html
19:31:0	      EMAIL TO: eparrilla70@gmail.com
19:31:53	INICIO maoni. Escuchando en el puerto: 5555
19:31:54	Server is ready to take our messages
19:31:54	1 EMPRESA DEMO
19:31:54	  1 HOTEL DEMO
19:31:54	  2 DEMO HOTEL
19:31:54	    ES \inmail\inmail_es.html
19:31:54	      EMAIL TO: eparrilla70@gmail.com
19:31:54	      EMAIL TO: soytucreativo@gmail.com
19:31:54	      EMAIL TO: soytucreativo@gmail.com
19:31:54	      EMAIL TO: soytucreativo@gmail.com
19:31:54	      EMAIL TO: eparrilla70@gmail.com
19:31:54	      EMAIL TO: eparrilla70@gmail.com
19:31:54	      EMAIL TO: eparrilla70@gmail.com
19:31:54	      EMAIL TO: eparrilla70@gmail.com
19:31:54	      EMAIL TO: eparrilla70@gmail.com
19:31:54	      EMAIL TO: xcastv@gmail.com
19:31:54	      EMAIL TO: eparrilla70@gmail.com
19:31:54	      EMAIL TO: soytucreativo@gmail.com
19:31:54	      EMAIL TO: eparrilla70@gmail.com
19:31:54	      EMAIL TO: eparrilla70@gmail.com
19:31:54	      EMAIL TO: soytucreativo@gmail.com
19:31:54	      EMAIL TO: soytucreativo@gmail.com
19:31:54	      EMAIL TO: soytucreativo@gmail.com
19:31:54	      EMAIL TO: xcastv@gmail.com
19:31:54	      EMAIL TO: xcastv@gmail.com
19:31:54	      EMAIL TO: xcastv@gmail.com
19:31:54	      EMAIL TO: xcastv@gmail.com
19:31:54	      EMAIL TO: soytucreativo@gmail.com
20:21:49	INICIO maoni. Escuchando en el puerto: 5555
20:21:49	Server is ready to take our messages
20:21:50	1 EMPRESA DEMO
20:21:50	  1 HOTEL DEMO
20:21:50	  2 DEMO HOTEL
20:21:50	    ES \inmail\inmail_es.html
20:21:50	      EMAIL TO: eparrilla70@gmail.com
20:21:50	      EMAIL TO: soytucreativo@gmail.com
20:21:50	      EMAIL TO: soytucreativo@gmail.com
20:21:50	      EMAIL TO: soytucreativo@gmail.com
20:21:50	      EMAIL TO: eparrilla70@gmail.com
20:21:50	      EMAIL TO: eparrilla70@gmail.com
20:21:50	      EMAIL TO: eparrilla70@gmail.com
20:21:50	      EMAIL TO: eparrilla70@gmail.com
20:21:50	      EMAIL TO: soytucreativo@gmail.com
20:21:50	      EMAIL TO: eparrilla70@gmail.com
20:21:50	      EMAIL TO: xcastv@gmail.com
20:21:50	      EMAIL TO: eparrilla70@gmail.com
20:21:50	      EMAIL TO: eparrilla70@gmail.com
20:21:50	      EMAIL TO: soytucreativo@gmail.com
20:21:50	      EMAIL TO: eparrilla70@gmail.com
20:21:50	      EMAIL TO: soytucreativo@gmail.com
20:21:50	      EMAIL TO: soytucreativo@gmail.com
20:21:50	      EMAIL TO: xcastv@gmail.com
20:21:50	      EMAIL TO: xcastv@gmail.com
20:21:50	      EMAIL TO: xcastv@gmail.com
20:21:50	      EMAIL TO: xcastv@gmail.com
20:21:50	      EMAIL TO: soytucreativo@gmail.com
20:22:22	Message sent: 250 OK id=1b1HjM-00423B-Fm
20:22:31	Message sent: 250 OK id=1b1HjM-00423I-Fw
20:22:33	Message sent: 250 OK id=1b1HjX-00423J-FJ
20:22:39	Message sent: 250 OK id=1b1HjX-00423K-J4
20:22:49	Message sent: 250 OK id=1b1HjX-004237-J5
20:22:42	Message sent: 250 OK id=1b1HjX-00423D-J4
20:22:49	Message sent: 250 OK id=1b1HjX-00423A-J6
20:22:44	Message sent: 250 OK id=1b1HjX-00423L-J5
20:22:49	Message sent: 250 OK id=1b1Hjd-00423N-8t
20:22:49	Message sent: 250 OK id=1b1Hjd-00423G-8u
20:22:49	Message sent: 250 OK id=1b1Hjd-00423M-8t
20:22:49	Message sent: 250 OK id=1b1Hjd-00423F-8u
20:22:49	Message sent: 250 OK id=1b1Hjd-00423P-8w
20:22:49	Message sent: 250 OK id=1b1Hjd-00423S-8y
20:22:49	Message sent: 250 OK id=1b1Hjd-004239-90
20:22:49	Message sent: 250 OK id=1b1Hjd-00423C-90
20:22:49	Message sent: 250 OK id=1b1Hjd-00423R-8y
20:22:49	Message sent: 250 OK id=1b1Hjd-00423O-91
20:22:49	Message sent: 250 OK id=1b1Hjd-004238-8s
20:22:49	Message sent: 250 OK id=1b1Hjd-00423H-95
20:22:49	Message sent: 250 OK id=1b1Hjd-00423Q-92
20:22:49	Message sent: 250 OK id=1b1Hjd-00423E-91
20:31:49	1 EMPRESA DEMO
20:31:49	  1 HOTEL DEMO
20:31:49	  2 DEMO HOTEL
20:31:49	    ES \inmail\inmail_es.html
20:31:49	      EMAIL TO: eparrilla70@gmail.com
20:31:49	      EMAIL TO: soytucreativo@gmail.com
20:31:49	      EMAIL TO: eparrilla70@gmail.com
20:31:49	      EMAIL TO: soytucreativo@gmail.com
20:31:49	      EMAIL TO: soytucreativo@gmail.com
20:31:49	      EMAIL TO: eparrilla70@gmail.com
20:31:49	      EMAIL TO: eparrilla70@gmail.com
20:31:49	      EMAIL TO: eparrilla70@gmail.com
20:31:49	      EMAIL TO: eparrilla70@gmail.com
20:31:49	      EMAIL TO: soytucreativo@gmail.com
20:31:49	      EMAIL TO: xcastv@gmail.com
20:31:49	      EMAIL TO: eparrilla70@gmail.com
20:31:49	      EMAIL TO: eparrilla70@gmail.com
20:31:49	      EMAIL TO: soytucreativo@gmail.com
20:31:49	      EMAIL TO: eparrilla70@gmail.com
20:31:49	      EMAIL TO: soytucreativo@gmail.com
20:31:49	      EMAIL TO: soytucreativo@gmail.com
20:31:49	      EMAIL TO: xcastv@gmail.com
20:31:49	      EMAIL TO: xcastv@gmail.com
20:31:49	      EMAIL TO: xcastv@gmail.com
20:31:49	      EMAIL TO: xcastv@gmail.com
20:31:49	      EMAIL TO: soytucreativo@gmail.com
20:31:50	Message sent: 250 OK id=1b1HsW-0044KR-SF
20:31:50	Message sent: 250 OK id=1b1HsW-0044Ka-UZ
20:31:50	Message sent: 250 OK id=1b1HsW-0044KL-UX
20:31:50	Message sent: 250 OK id=1b1HsW-0044KP-Vn
20:31:51	Message sent: 250 OK id=1b1HsX-0044KO-Aw
20:31:51	Message sent: 250 OK id=1b1HsX-0044KZ-Az
20:31:51	Message sent: 250 OK id=1b1HsX-0044KK-B7
20:31:51	Message sent: 250 OK id=1b1HsX-0044KY-C8
20:31:51	Message sent: 250 OK id=1b1HsX-0044KS-C9
20:31:51	Message sent: 250 OK id=1b1HsX-0044Kf-C8
20:31:51	Message sent: 250 OK id=1b1HsX-0044Kb-Cw
20:31:51	Message sent: 250 OK id=1b1HsX-0044Kd-Cy
20:31:51	Message sent: 250 OK id=1b1HsX-0044KV-Cm
20:31:51	Message sent: 250 OK id=1b1HsX-0044KW-DE
20:31:51	Message sent: 250 OK id=1b1HsX-0044Ke-Dz
20:31:51	Message sent: 250 OK id=1b1HsX-0044KM-Dw
20:31:51	Message sent: 250 OK id=1b1HsX-0044KU-FB
20:31:51	Message sent: 250 OK id=1b1HsX-0044Kc-G0
20:31:51	Message sent: 250 OK id=1b1HsX-0044KQ-GM
20:31:51	Message sent: 250 OK id=1b1HsX-0044KT-GN
20:31:51	Message sent: 250 OK id=1b1HsX-0044KN-HX
20:31:51	Message sent: 250 OK id=1b1HsX-0044KX-Hl
23:34:21	INICIO maoni. Escuchando en el puerto: 5555
23:34:22	Server is ready to take our messages
23:34:22	1 EMPRESA DEMO
23:34:22	  1 HOTEL DEMO
23:34:22	  2 DEMO HOTEL
23:34:22	    ES \inmail\inmail_es.html
23:36:2	INICIO maoni. Escuchando en el puerto: 5555
23:36:2	Server is ready to take our messages
23:36:2	1 EMPRESA DEMO
23:36:3	  1 HOTEL DEMO
23:36:3	  2 DEMO HOTEL
23:37:15	INICIO maoni. Escuchando en el puerto: 5555
23:37:15	Server is ready to take our messages
23:37:15	1 EMPRESA DEMO
23:37:15	  1 HOTEL DEMO
23:37:15	  2 DEMO HOTEL
23:37:16	    ES \inmail\inmail_es.html
23:38:35	INICIO maoni. Escuchando en el puerto: 5555
23:38:36	Server is ready to take our messages
23:38:36	1 EMPRESA DEMO
23:38:36	  1 HOTEL DEMO
23:38:38	  2 DEMO HOTEL
23:38:41	    ES \inmail\inmail_es.html
23:39:5	INICIO maoni. Escuchando en el puerto: 5555
23:39:6	Server is ready to take our messages
23:39:6	1 EMPRESA DEMO
23:39:6	  2 DEMO HOTEL
23:39:6	  1 HOTEL DEMO
23:39:23	INICIO maoni. Escuchando en el puerto: 5555
23:39:23	Server is ready to take our messages
23:39:23	1 EMPRESA DEMO
23:39:23	  1 HOTEL DEMO
23:39:23	  2 DEMO HOTEL
23:40:4	INICIO maoni. Escuchando en el puerto: 5555
23:40:4	Server is ready to take our messages
23:40:5	1 EMPRESA DEMO
23:40:5	  1 HOTEL DEMO
23:40:5	  2 DEMO HOTEL
23:40:38	INICIO maoni. Escuchando en el puerto: 5555
23:40:38	Server is ready to take our messages
23:40:39	1 EMPRESA DEMO
23:40:39	  1 HOTEL DEMO
23:40:39	  2 DEMO HOTEL
23:40:39	    ES \inmail\inmail_es.html
23:40:44	      EMAIL TO: eparrilla70@gmail.com
23:40:44	      EMAIL TO: soytucreativo@gmail.com
23:40:44	      EMAIL TO: soytucreativo@gmail.com
23:40:44	      EMAIL TO: soytucreativo@gmail.com
23:40:44	      EMAIL TO: eparrilla70@gmail.com
23:40:44	      EMAIL TO: eparrilla70@gmail.com
23:40:44	      EMAIL TO: eparrilla70@gmail.com
23:40:44	      EMAIL TO: eparrilla70@gmail.com
23:40:44	      EMAIL TO: soytucreativo@gmail.com
23:40:44	      EMAIL TO: eparrilla70@gmail.com
23:40:44	      EMAIL TO: xcastv@gmail.com
23:40:44	      EMAIL TO: eparrilla70@gmail.com
23:40:44	      EMAIL TO: eparrilla70@gmail.com
23:40:44	      EMAIL TO: soytucreativo@gmail.com
23:40:44	      EMAIL TO: eparrilla70@gmail.com
23:40:44	      EMAIL TO: soytucreativo@gmail.com
23:40:44	      EMAIL TO: soytucreativo@gmail.com
23:40:44	      EMAIL TO: xcastv@gmail.com
23:40:44	      EMAIL TO: xcastv@gmail.com
23:40:44	      EMAIL TO: xcastv@gmail.com
23:40:44	      EMAIL TO: xcastv@gmail.com
23:40:44	      EMAIL TO: soytucreativo@gmail.com
23:40:45	Message sent: 250 OK id=1b1KpL-000YLE-VA
23:40:45	Message sent: 250 OK id=1b1KpL-000YL5-VQ
23:40:45	Message sent: 250 OK id=1b1KpL-000YL0-W2
23:40:45	Message sent: 250 OK id=1b1KpM-000YLF-0q
23:40:45	Message sent: 250 OK id=1b1KpM-000YLK-1V
23:40:45	Message sent: 250 OK id=1b1KpM-000YLJ-1j
23:40:45	Message sent: 250 OK id=1b1KpM-000YLC-26
23:40:45	Message sent: 250 OK id=1b1KpM-000YLD-2e
23:40:45	Message sent: 250 OK id=1b1KpM-000YL1-2W
23:40:45	Message sent: 250 OK id=1b1KpM-000YL8-2j
23:40:45	Message sent: 250 OK id=1b1KpM-000YL7-2j
23:40:45	Message sent: 250 OK id=1b1KpM-000YL6-2I
23:40:45	Message sent: 250 OK id=1b1KpM-000YLH-2B
23:40:45	Message sent: 250 OK id=1b1KpM-000YL9-3N
23:40:45	Message sent: 250 OK id=1b1KpM-000YLA-3e
23:40:45	Message sent: 250 OK id=1b1KpM-000YL3-3F
23:40:45	Message sent: 250 OK id=1b1KpM-000YLB-3N
23:40:45	Message sent: 250 OK id=1b1KpM-000YLI-4L
23:40:45	Message sent: 250 OK id=1b1KpM-000YLL-4M
23:40:45	Message sent: 250 OK id=1b1KpM-000YL2-4N
23:40:45	Message sent: 250 OK id=1b1KpM-000YL4-4r
23:40:45	Message sent: 250 OK id=1b1KpM-000YLG-5G
