19:30:29	INICIO maoni. Escuchando en el puerto: 5555
19:31:30	INICIO maoni. Escuchando en el puerto: 5555
19:31:50	Request file: /
19:31:50	Request file: /jquery/jquery.min.js
19:31:50	Request file: /js/toastr.js
19:31:50	Request file: /bootstrap/js/bootstrap.min.js
19:31:50	Request file: /js/lib.js
19:31:50	Request file: /js/sha256.js
19:31:50	Request file: /bootstrap/css/bootstrap.min.css
19:31:50	Request file: /css/maoni.css
19:31:50	Request file: /css/signin.css
19:31:50	Request file: /css/animate.min.css
19:31:50	Request file: /css/toastr.css
19:32:11	Request file: /BBDD
19:32:11	login -> {"f":"login","user":"Emi","pwd":"6711597a2bc4e5878638c2115353f0792a9bec6ff55a84f283c4be5d897fe110"}
19:36:38	Request file: /BBDD
19:36:38	login -> {"f":"login","user":"1","pwd":"c43c32b2737a96307d822725bf183a273795a4e1a46435389917a41f0ce81035"}
19:36:46	Request file: /BBDD
19:36:46	login -> {"f":"login","user":"1","pwd":"6711597a2bc4e5878638c2115353f0792a9bec6ff55a84f283c4be5d897fe110"}
20:6:41	INICIO maoni. Escuchando en el puerto: 5555
20:6:46	Request file: /
20:6:46	Request file: /jquery/jquery.min.js
20:6:46	Request file: /bootstrap/js/bootstrap.min.js
20:6:46	Request file: /js/toastr.js
20:6:46	Request file: /js/sha256.js
20:6:46	Request file: /bootstrap/css/bootstrap.min.css
20:6:46	Request file: /js/lib.js
20:6:46	Request file: /css/maoni.css
20:6:46	Request file: /css/animate.min.css
20:6:46	Request file: /css/signin.css
20:6:46	Request file: /css/toastr.css
20:6:56	Request file: /BBDD
20:6:56	login -> {"f":"login","user":"eparrilla","pwd":"6711597a2bc4e5878638c2115353f0792a9bec6ff55a84f283c4be5d897fe110"}
20:6:58	Request file: /BBDD
20:6:58	login -> {"f":"login","user":"eparrilla","pwd":"6711597a2bc4e5878638c2115353f0792a9bec6ff55a84f283c4be5d897fe110"}
20:6:58	Request file: /BBDD
20:6:58	login -> {"f":"login","user":"eparrilla","pwd":"6711597a2bc4e5878638c2115353f0792a9bec6ff55a84f283c4be5d897fe110"}
20:6:59	Request file: /BBDD
20:6:59	login -> {"f":"login","user":"eparrilla","pwd":"6711597a2bc4e5878638c2115353f0792a9bec6ff55a84f283c4be5d897fe110"}
20:6:59	Request file: /BBDD
20:6:59	login -> {"f":"login","user":"eparrilla","pwd":"6711597a2bc4e5878638c2115353f0792a9bec6ff55a84f283c4be5d897fe110"}
20:6:59	Request file: /BBDD
20:6:59	login -> {"f":"login","user":"eparrilla","pwd":"6711597a2bc4e5878638c2115353f0792a9bec6ff55a84f283c4be5d897fe110"}
20:6:59	Request file: /BBDD
20:6:59	login -> {"f":"login","user":"eparrilla","pwd":"6711597a2bc4e5878638c2115353f0792a9bec6ff55a84f283c4be5d897fe110"}
20:7:0	Request file: /BBDD
20:7:0	login -> {"f":"login","user":"eparrilla","pwd":"6711597a2bc4e5878638c2115353f0792a9bec6ff55a84f283c4be5d897fe110"}
20:7:3	Request file: /BBDD
20:7:3	login -> {"f":"login","user":"eparrilla","pwd":"6711597a2bc4e5878638c2115353f0792a9bec6ff55a84f283c4be5d897fe110"}
20:7:12	Request file: /BBDD
20:7:12	login -> {"f":"login","user":"eparrilla","pwd":"6711597a2bc4e5878638c2115353f0792a9bec6ff55a84f283c4be5d897fe110"}
20:7:15	Request file: /BBDD
20:7:15	login -> {"f":"login","user":"eparrilla","pwd":"6711597a2bc4e5878638c2115353f0792a9bec6ff55a84f283c4be5d897fe110"}
20:7:15	Request file: /BBDD
20:7:15	login -> {"f":"login","user":"eparrilla","pwd":"6711597a2bc4e5878638c2115353f0792a9bec6ff55a84f283c4be5d897fe110"}
20:7:15	Request file: /BBDD
20:7:15	login -> {"f":"login","user":"eparrilla","pwd":"6711597a2bc4e5878638c2115353f0792a9bec6ff55a84f283c4be5d897fe110"}
20:8:12	Request file: /BBDD
20:8:12	login -> {"f":"login","user":"eparrilla","pwd":"6711597a2bc4e5878638c2115353f0792a9bec6ff55a84f283c4be5d897fe110"}
20:8:48	Request file: /BBDD
20:8:48	login -> {"f":"login","user":"eparrilla","pwd":"6711597a2bc4e5878638c2115353f0792a9bec6ff55a84f283c4be5d897fe110"}
20:47:43	Request file: /BBDD
20:47:43	login -> {"f":"login","user":"eparrilla","pwd":"6711597a2bc4e5878638c2115353f0792a9bec6ff55a84f283c4be5d897fe110"}
20:47:44	Request file: /BBDD
20:47:44	login -> {"f":"login","user":"eparrilla","pwd":"6711597a2bc4e5878638c2115353f0792a9bec6ff55a84f283c4be5d897fe110"}
20:47:51	Request file: /BBDD
20:47:51	login -> {"f":"login","user":"eparrilla","pwd":"6711597a2bc4e5878638c2115353f0792a9bec6ff55a84f283c4be5d897fe110"}
20:47:51	Request file: /BBDD
20:47:51	login -> {"f":"login","user":"eparrilla","pwd":"6711597a2bc4e5878638c2115353f0792a9bec6ff55a84f283c4be5d897fe110"}
20:47:56	Request file: /@@MENU@@_page_000.html?SESSIONKEY=960888
20:47:56	Request file: /jquery/jquery.min.js
20:47:56	Request file: /bootstrap/js/bootstrap.min.js
20:47:56	Request file: /css/maoni.css
20:47:56	Request file: /js/lib.js
20:47:56	Request file: /css/dashboard.css
20:47:56	Request file: /bootstrap/css/bootstrap.min.css
20:47:56	Request file: /css/animate.min.css
20:47:56	Request file: /img/menuheader.png
21:59:43	Request file: /@@MENU@@_page_101.html
21:59:43	Request file: /jquery/jquery.min.js
21:59:43	Request file: /css/animate.min.css
21:59:43	Request file: /bootstrap/js/bootstrap.min.js
21:59:43	Request file: /bootstrap/css/bootstrap.min.css
21:59:43	Request file: /css/maoni.css
21:59:50	Request file: /index.html
21:59:50	Request file: /jquery/jquery.min.js
21:59:50	Request file: /bootstrap/js/bootstrap.min.js
21:59:50	Request file: /js/sha256.js
21:59:50	Request file: /js/toastr.js
21:59:50	Request file: /js/lib.js
21:59:50	Request file: /bootstrap/css/bootstrap.min.css
21:59:50	Request file: /css/maoni.css
21:59:50	Request file: /css/signin.css
21:59:50	Request file: /css/animate.min.css
21:59:50	Request file: /css/toastr.css
22:0:7	Request file: /BBDD
22:0:7	login -> {"f":"login","user":"eparrilla","pwd":"6711597a2bc4e5878638c2115353f0792a9bec6ff55a84f283c4be5d897fe110"}
22:0:7	Request file: /@@MENU@@_page_000.html?SESSIONKEY=917993
22:0:7	Request file: /jquery/jquery.min.js
22:0:7	Request file: /bootstrap/js/bootstrap.min.js
22:0:7	Request file: /js/lib.js
22:0:7	Request file: /bootstrap/css/bootstrap.min.css
22:0:7	Request file: /css/maoni.css
22:0:7	Request file: /css/dashboard.css
22:0:7	Request file: /css/animate.min.css
22:0:7	Request file: /img/menuheader.png
22:0:29	Request file: /@@MENU@@_page_101.html
22:0:29	Request file: /jquery/jquery.min.js
22:0:29	Request file: /bootstrap/js/bootstrap.min.js
22:0:29	Request file: /bootstrap/css/bootstrap.min.css
22:0:29	Request file: /css/maoni.css
22:0:29	Request file: /css/animate.min.css
22:0:31	Request file: /index.html
22:0:31	Request file: /jquery/jquery.min.js
22:0:31	Request file: /bootstrap/js/bootstrap.min.js
22:0:31	Request file: /js/sha256.js
22:0:31	Request file: /js/toastr.js
22:0:31	Request file: /js/lib.js
22:0:31	Request file: /bootstrap/css/bootstrap.min.css
22:0:31	Request file: /css/maoni.css
22:0:31	Request file: /css/signin.css
22:0:31	Request file: /css/animate.min.css
22:0:31	Request file: /css/toastr.css
22:0:43	Request file: /BBDD
22:0:43	login -> {"f":"login","user":"eparrilla","pwd":"6711597a2bc4e5878638c2115353f0792a9bec6ff55a84f283c4be5d897fe110"}
22:0:43	Request file: /@@MENU@@_page_000.html?SESSIONKEY=509800
22:0:43	Request file: /jquery/jquery.min.js
22:0:43	Request file: /bootstrap/js/bootstrap.min.js
22:0:43	Request file: /js/lib.js
22:0:43	Request file: /bootstrap/css/bootstrap.min.css
22:0:43	Request file: /css/maoni.css
22:0:43	Request file: /css/dashboard.css
22:0:43	Request file: /css/animate.min.css
22:0:43	Request file: /img/menuheader.png
22:0:49	Request file: /@@MENU@@_page_001.html
22:0:49	Request file: /jquery/jquery.min.js
22:0:49	Request file: /bootstrap/js/bootstrap.min.js
22:0:49	Request file: /bootstrap/css/bootstrap.min.css
22:0:49	Request file: /css/maoni.css
22:0:49	Request file: /css/animate.min.css
22:10:4	Request file: /@@MENU@@_page_001.html
22:10:4	Request file: /jquery/jquery.min.js
22:10:4	Request file: /bootstrap/js/bootstrap.min.js
22:10:4	Request file: /bootstrap/css/bootstrap.min.css
22:10:4	Request file: /css/maoni.css
22:10:4	Request file: /css/animate.min.css
22:10:10	Request file: /@@MENU@@_page_101.html
22:10:10	Request file: /jquery/jquery.min.js
22:10:10	Request file: /bootstrap/js/bootstrap.min.js
22:10:10	Request file: /bootstrap/css/bootstrap.min.css
22:10:10	Request file: /css/maoni.css
22:10:10	Request file: /css/animate.min.css
22:10:21	Request file: /@@MENU@@_page_101.html
22:10:21	Request file: /jquery/jquery.min.js
22:10:21	Request file: /bootstrap/js/bootstrap.min.js
22:10:21	Request file: /bootstrap/css/bootstrap.min.css
22:10:21	Request file: /css/maoni.css
22:10:21	Request file: /css/animate.min.css
22:10:53	Request file: /@@MENU@@_page_101.html
22:10:53	Request file: /jquery/jquery.min.js
22:10:53	Request file: /bootstrap/js/bootstrap.min.js
22:10:53	Request file: /bootstrap/css/bootstrap.min.css
22:10:53	Request file: /css/maoni.css
22:10:53	Request file: /css/animate.min.css
